{"/Users/andrew/pets/speech-teleprompter/docs/assets/index-x5LMNHTG.js": {"path":"/Users/andrew/pets/speech-teleprompter/docs/assets/index-x5LMNHTG.js","all":true,"statementMap":{"0":{"start":{"line":1,"column":0},"end":{"line":1,"column":7500}},"1":{"start":{"line":2,"column":0},"end":{"line":2,"column":49}},"3":{"start":{"line":4,"column":0},"end":{"line":4,"column":57}},"5":{"start":{"line":6,"column":0},"end":{"line":6,"column":40}},"6":{"start":{"line":7,"column":0},"end":{"line":7,"column":30}},"7":{"start":{"line":8,"column":0},"end":{"line":8,"column":47}},"8":{"start":{"line":9,"column":0},"end":{"line":9,"column":49}},"10":{"start":{"line":11,"column":0},"end":{"line":11,"column":16}},"11":{"start":{"line":12,"column":0},"end":{"line":12,"column":22}},"12":{"start":{"line":13,"column":0},"end":{"line":13,"column":24}},"13":{"start":{"line":14,"column":0},"end":{"line":14,"column":34}},"14":{"start":{"line":15,"column":0},"end":{"line":15,"column":16}},"16":{"start":{"line":17,"column":0},"end":{"line":17,"column":95}},"18":{"start":{"line":19,"column":0},"end":{"line":19,"column":92}},"20":{"start":{"line":21,"column":0},"end":{"line":21,"column":69}},"21":{"start":{"line":22,"column":0},"end":{"line":22,"column":9361}},"22":{"start":{"line":23,"column":0},"end":{"line":23,"column":24}},"23":{"start":{"line":24,"column":0},"end":{"line":24,"column":18}},"24":{"start":{"line":25,"column":0},"end":{"line":25,"column":20}},"25":{"start":{"line":26,"column":0},"end":{"line":26,"column":28}},"26":{"start":{"line":27,"column":0},"end":{"line":27,"column":21}},"27":{"start":{"line":28,"column":0},"end":{"line":28,"column":26}},"28":{"start":{"line":29,"column":0},"end":{"line":29,"column":28}},"29":{"start":{"line":30,"column":0},"end":{"line":30,"column":24}},"30":{"start":{"line":31,"column":0},"end":{"line":31,"column":25}},"31":{"start":{"line":32,"column":0},"end":{"line":32,"column":23}},"32":{"start":{"line":33,"column":0},"end":{"line":33,"column":19}},"33":{"start":{"line":34,"column":0},"end":{"line":34,"column":38}},"34":{"start":{"line":35,"column":0},"end":{"line":35,"column":51}},"35":{"start":{"line":36,"column":0},"end":{"line":36,"column":9305}},"36":{"start":{"line":37,"column":0},"end":{"line":37,"column":21}},"37":{"start":{"line":38,"column":0},"end":{"line":38,"column":22}},"38":{"start":{"line":39,"column":0},"end":{"line":39,"column":12}},"39":{"start":{"line":40,"column":0},"end":{"line":40,"column":30}},"40":{"start":{"line":41,"column":0},"end":{"line":41,"column":78}},"41":{"start":{"line":42,"column":0},"end":{"line":42,"column":39}},"42":{"start":{"line":43,"column":0},"end":{"line":43,"column":15}},"43":{"start":{"line":44,"column":0},"end":{"line":44,"column":13}},"44":{"start":{"line":45,"column":0},"end":{"line":45,"column":22}},"45":{"start":{"line":46,"column":0},"end":{"line":46,"column":24}},"46":{"start":{"line":47,"column":0},"end":{"line":47,"column":35}},"47":{"start":{"line":48,"column":0},"end":{"line":48,"column":11}},"48":{"start":{"line":49,"column":0},"end":{"line":49,"column":10}},"49":{"start":{"line":50,"column":0},"end":{"line":50,"column":16}},"50":{"start":{"line":51,"column":0},"end":{"line":51,"column":91}},"51":{"start":{"line":52,"column":0},"end":{"line":52,"column":32}},"52":{"start":{"line":53,"column":0},"end":{"line":53,"column":27}},"53":{"start":{"line":54,"column":0},"end":{"line":54,"column":29}},"54":{"start":{"line":55,"column":0},"end":{"line":55,"column":26}},"55":{"start":{"line":56,"column":0},"end":{"line":56,"column":26}},"56":{"start":{"line":57,"column":0},"end":{"line":57,"column":35}},"57":{"start":{"line":58,"column":0},"end":{"line":58,"column":11}},"58":{"start":{"line":59,"column":0},"end":{"line":59,"column":10}},"59":{"start":{"line":60,"column":0},"end":{"line":60,"column":24}},"60":{"start":{"line":61,"column":0},"end":{"line":61,"column":20}},"61":{"start":{"line":62,"column":0},"end":{"line":62,"column":24}},"62":{"start":{"line":63,"column":0},"end":{"line":63,"column":29}},"63":{"start":{"line":64,"column":0},"end":{"line":64,"column":34}},"64":{"start":{"line":65,"column":0},"end":{"line":65,"column":37}},"65":{"start":{"line":66,"column":0},"end":{"line":66,"column":11}},"66":{"start":{"line":67,"column":0},"end":{"line":67,"column":10}},"67":{"start":{"line":68,"column":0},"end":{"line":68,"column":43}},"68":{"start":{"line":69,"column":0},"end":{"line":69,"column":26}},"69":{"start":{"line":70,"column":0},"end":{"line":70,"column":11}},"70":{"start":{"line":71,"column":0},"end":{"line":71,"column":10}},"71":{"start":{"line":72,"column":0},"end":{"line":72,"column":48}},"72":{"start":{"line":73,"column":0},"end":{"line":73,"column":22}},"73":{"start":{"line":74,"column":0},"end":{"line":74,"column":51}},"74":{"start":{"line":75,"column":0},"end":{"line":75,"column":11}},"75":{"start":{"line":76,"column":0},"end":{"line":76,"column":16}},"76":{"start":{"line":77,"column":0},"end":{"line":77,"column":13}},"77":{"start":{"line":78,"column":0},"end":{"line":78,"column":12}},"78":{"start":{"line":79,"column":0},"end":{"line":79,"column":50}},"79":{"start":{"line":80,"column":0},"end":{"line":80,"column":68}},"80":{"start":{"line":81,"column":0},"end":{"line":81,"column":14}},"81":{"start":{"line":82,"column":0},"end":{"line":82,"column":8}},"82":{"start":{"line":83,"column":0},"end":{"line":83,"column":16}},"83":{"start":{"line":84,"column":0},"end":{"line":84,"column":30}},"84":{"start":{"line":85,"column":0},"end":{"line":85,"column":38}},"85":{"start":{"line":86,"column":0},"end":{"line":86,"column":10}},"86":{"start":{"line":87,"column":0},"end":{"line":87,"column":41}},"87":{"start":{"line":88,"column":0},"end":{"line":88,"column":40}},"88":{"start":{"line":89,"column":0},"end":{"line":89,"column":73}},"89":{"start":{"line":90,"column":0},"end":{"line":90,"column":12}},"90":{"start":{"line":91,"column":0},"end":{"line":91,"column":69}},"91":{"start":{"line":92,"column":0},"end":{"line":92,"column":41}},"92":{"start":{"line":93,"column":0},"end":{"line":93,"column":14}},"93":{"start":{"line":94,"column":0},"end":{"line":94,"column":37}},"94":{"start":{"line":95,"column":0},"end":{"line":95,"column":36}},"95":{"start":{"line":96,"column":0},"end":{"line":96,"column":46}},"96":{"start":{"line":97,"column":0},"end":{"line":97,"column":24}},"97":{"start":{"line":98,"column":0},"end":{"line":98,"column":36}},"98":{"start":{"line":99,"column":0},"end":{"line":99,"column":49}},"99":{"start":{"line":100,"column":0},"end":{"line":100,"column":24}},"100":{"start":{"line":101,"column":0},"end":{"line":101,"column":34}},"101":{"start":{"line":102,"column":0},"end":{"line":102,"column":47}},"102":{"start":{"line":103,"column":0},"end":{"line":103,"column":24}},"103":{"start":{"line":104,"column":0},"end":{"line":104,"column":15}},"104":{"start":{"line":105,"column":0},"end":{"line":105,"column":15}},"105":{"start":{"line":106,"column":0},"end":{"line":106,"column":11}},"106":{"start":{"line":107,"column":0},"end":{"line":107,"column":10}},"107":{"start":{"line":108,"column":0},"end":{"line":108,"column":40}},"108":{"start":{"line":109,"column":0},"end":{"line":109,"column":92}},"109":{"start":{"line":110,"column":0},"end":{"line":110,"column":73}},"110":{"start":{"line":111,"column":0},"end":{"line":111,"column":11}},"111":{"start":{"line":112,"column":0},"end":{"line":112,"column":10}},"112":{"start":{"line":113,"column":0},"end":{"line":113,"column":43}},"113":{"start":{"line":114,"column":0},"end":{"line":114,"column":54}},"114":{"start":{"line":115,"column":0},"end":{"line":115,"column":11}},"115":{"start":{"line":116,"column":0},"end":{"line":116,"column":10}},"116":{"start":{"line":117,"column":0},"end":{"line":117,"column":41}},"117":{"start":{"line":118,"column":0},"end":{"line":118,"column":49}},"118":{"start":{"line":119,"column":0},"end":{"line":119,"column":11}},"119":{"start":{"line":120,"column":0},"end":{"line":120,"column":10}},"120":{"start":{"line":121,"column":0},"end":{"line":121,"column":32}},"121":{"start":{"line":122,"column":0},"end":{"line":122,"column":57}},"122":{"start":{"line":123,"column":0},"end":{"line":123,"column":35}},"123":{"start":{"line":124,"column":0},"end":{"line":124,"column":44}},"124":{"start":{"line":125,"column":0},"end":{"line":125,"column":35}},"125":{"start":{"line":126,"column":0},"end":{"line":126,"column":30}},"126":{"start":{"line":127,"column":0},"end":{"line":127,"column":58}},"127":{"start":{"line":128,"column":0},"end":{"line":128,"column":37}},"128":{"start":{"line":129,"column":0},"end":{"line":129,"column":17}},"129":{"start":{"line":130,"column":0},"end":{"line":130,"column":13}},"130":{"start":{"line":131,"column":0},"end":{"line":131,"column":13}},"131":{"start":{"line":132,"column":0},"end":{"line":132,"column":18}},"132":{"start":{"line":133,"column":0},"end":{"line":133,"column":13}},"133":{"start":{"line":134,"column":0},"end":{"line":134,"column":13}},"134":{"start":{"line":135,"column":0},"end":{"line":135,"column":14866}},"135":{"start":{"line":136,"column":0},"end":{"line":136,"column":1274}}},"s":{"0":0,"1":0,"3":0,"5":0,"6":0,"7":0,"8":0,"10":0,"11":0,"12":0,"13":0,"14":0,"16":0,"18":0,"20":0,"21":0,"22":0,"23":0,"24":0,"25":0,"26":0,"27":0,"28":0,"29":0,"30":0,"31":0,"32":0,"33":0,"34":0,"35":0,"36":0,"37":0,"38":0,"39":0,"40":0,"41":0,"42":0,"43":0,"44":0,"45":0,"46":0,"47":0,"48":0,"49":0,"50":0,"51":0,"52":0,"53":0,"54":0,"55":0,"56":0,"57":0,"58":0,"59":0,"60":0,"61":0,"62":0,"63":0,"64":0,"65":0,"66":0,"67":0,"68":0,"69":0,"70":0,"71":0,"72":0,"73":0,"74":0,"75":0,"76":0,"77":0,"78":0,"79":0,"80":0,"81":0,"82":0,"83":0,"84":0,"85":0,"86":0,"87":0,"88":0,"89":0,"90":0,"91":0,"92":0,"93":0,"94":0,"95":0,"96":0,"97":0,"98":0,"99":0,"100":0,"101":0,"102":0,"103":0,"104":0,"105":0,"106":0,"107":0,"108":0,"109":0,"110":0,"111":0,"112":0,"113":0,"114":0,"115":0,"116":0,"117":0,"118":0,"119":0,"120":0,"121":0,"122":0,"123":0,"124":0,"125":0,"126":0,"127":0,"128":0,"129":0,"130":0,"131":0,"132":0,"133":0,"134":0,"135":0},"branchMap":{"0":{"type":"branch","line":1,"loc":{"start":{"line":1,"column":0},"end":{"line":136,"column":-3348}},"locations":[{"start":{"line":1,"column":0},"end":{"line":136,"column":-3348}}]}},"b":{"0":[0]},"fnMap":{"0":{"name":"(empty-report)","decl":{"start":{"line":1,"column":0},"end":{"line":136,"column":-3348}},"loc":{"start":{"line":1,"column":0},"end":{"line":136,"column":-3348}},"line":1}},"f":{"0":0}}
,"/Users/andrew/pets/speech-teleprompter/docs/assets/vendor-CwEtSlr3.js": {"path":"/Users/andrew/pets/speech-teleprompter/docs/assets/vendor-CwEtSlr3.js","all":true,"statementMap":{"0":{"start":{"line":1,"column":0},"end":{"line":1,"column":3}},"1":{"start":{"line":2,"column":0},"end":{"line":2,"column":21}},"2":{"start":{"line":3,"column":0},"end":{"line":3,"column":55}},"3":{"start":{"line":4,"column":0},"end":{"line":4,"column":14}},"4":{"start":{"line":5,"column":0},"end":{"line":5,"column":3307}},"5":{"start":{"line":6,"column":0},"end":{"line":6,"column":25}},"6":{"start":{"line":7,"column":0},"end":{"line":7,"column":55}},"7":{"start":{"line":8,"column":0},"end":{"line":8,"column":14}},"8":{"start":{"line":9,"column":0},"end":{"line":9,"column":16232}},"9":{"start":{"line":10,"column":0},"end":{"line":10,"column":27}},"10":{"start":{"line":11,"column":0},"end":{"line":11,"column":55}},"11":{"start":{"line":12,"column":0},"end":{"line":12,"column":14}},"12":{"start":{"line":13,"column":0},"end":{"line":13,"column":35915}},"13":{"start":{"line":14,"column":0},"end":{"line":14,"column":26}},"14":{"start":{"line":15,"column":0},"end":{"line":15,"column":55}},"15":{"start":{"line":16,"column":0},"end":{"line":16,"column":14}},"16":{"start":{"line":17,"column":0},"end":{"line":17,"column":6894}},"17":{"start":{"line":18,"column":0},"end":{"line":18,"column":15}},"18":{"start":{"line":19,"column":0},"end":{"line":19,"column":37}},"19":{"start":{"line":20,"column":0},"end":{"line":20,"column":15}},"20":{"start":{"line":21,"column":0},"end":{"line":21,"column":3582}},"21":{"start":{"line":22,"column":0},"end":{"line":22,"column":21}},"22":{"start":{"line":23,"column":0},"end":{"line":23,"column":38}},"23":{"start":{"line":24,"column":0},"end":{"line":24,"column":16}},"24":{"start":{"line":25,"column":0},"end":{"line":25,"column":23562}}},"s":{"0":0,"1":0,"2":0,"3":0,"4":0,"5":0,"6":0,"7":0,"8":0,"9":0,"10":0,"11":0,"12":0,"13":0,"14":0,"15":0,"16":0,"17":0,"18":0,"19":0,"20":0,"21":0,"22":0,"23":0,"24":0},"branchMap":{"0":{"type":"branch","line":1,"loc":{"start":{"line":1,"column":90036},"end":{"line":25,"column":23562}},"locations":[{"start":{"line":1,"column":90036},"end":{"line":25,"column":23562}}]}},"b":{"0":[0]},"fnMap":{"0":{"name":"(empty-report)","decl":{"start":{"line":1,"column":90036},"end":{"line":25,"column":23562}},"loc":{"start":{"line":1,"column":90036},"end":{"line":25,"column":23562}},"line":1}},"f":{"0":0}}
,"/Users/andrew/pets/speech-teleprompter/src/App.vue": {"path":"/Users/andrew/pets/speech-teleprompter/src/App.vue","all":true,"statementMap":{"1":{"start":{"line":2,"column":0},"end":{"line":2,"column":39}},"2":{"start":{"line":3,"column":0},"end":{"line":3,"column":59}},"6":{"start":{"line":7,"column":0},"end":{"line":7,"column":29}},"7":{"start":{"line":8,"column":0},"end":{"line":8,"column":27}},"8":{"start":{"line":9,"column":0},"end":{"line":9,"column":20}},"9":{"start":{"line":10,"column":0},"end":{"line":10,"column":11}},"10":{"start":{"line":11,"column":0},"end":{"line":11,"column":17}},"11":{"start":{"line":12,"column":0},"end":{"line":12,"column":8}}},"s":{"1":0,"2":0,"6":0,"7":0,"8":0,"9":0,"10":0,"11":0},"branchMap":{"0":{"type":"branch","line":1,"loc":{"start":{"line":1,"column":403},"end":{"line":25,"column":8}},"locations":[{"start":{"line":1,"column":403},"end":{"line":25,"column":8}}]}},"b":{"0":[1]},"fnMap":{"0":{"name":"(empty-report)","decl":{"start":{"line":1,"column":403},"end":{"line":25,"column":8}},"loc":{"start":{"line":1,"column":403},"end":{"line":25,"column":8}},"line":1}},"f":{"0":1}}
,"/Users/andrew/pets/speech-teleprompter/src/main.ts": {"path":"/Users/andrew/pets/speech-teleprompter/src/main.ts","all":true,"statementMap":{"0":{"start":{"line":1,"column":0},"end":{"line":1,"column":26}},"2":{"start":{"line":3,"column":0},"end":{"line":3,"column":31}},"3":{"start":{"line":4,"column":0},"end":{"line":4,"column":35}},"5":{"start":{"line":6,"column":0},"end":{"line":6,"column":27}},"6":{"start":{"line":7,"column":0},"end":{"line":7,"column":29}},"8":{"start":{"line":9,"column":0},"end":{"line":9,"column":26}},"10":{"start":{"line":11,"column":0},"end":{"line":11,"column":22}},"11":{"start":{"line":12,"column":0},"end":{"line":12,"column":15}},"13":{"start":{"line":14,"column":0},"end":{"line":14,"column":17}}},"s":{"0":0,"2":0,"3":0,"5":0,"6":0,"8":0,"10":0,"11":0,"13":0},"branchMap":{"0":{"type":"branch","line":1,"loc":{"start":{"line":1,"column":0},"end":{"line":14,"column":-129}},"locations":[{"start":{"line":1,"column":0},"end":{"line":14,"column":-129}}]}},"b":{"0":[0]},"fnMap":{"0":{"name":"(empty-report)","decl":{"start":{"line":1,"column":0},"end":{"line":14,"column":-129}},"loc":{"start":{"line":1,"column":0},"end":{"line":14,"column":-129}},"line":1}},"f":{"0":0}}
,"/Users/andrew/pets/speech-teleprompter/src/components/base/BaseButton.vue": {"path":"/Users/andrew/pets/speech-teleprompter/src/components/base/BaseButton.vue","all":false,"statementMap":{"1":{"start":{"line":2,"column":0},"end":{"line":2,"column":9}},"2":{"start":{"line":3,"column":0},"end":{"line":3,"column":18}},"3":{"start":{"line":4,"column":0},"end":{"line":4,"column":26}},"4":{"start":{"line":5,"column":0},"end":{"line":5,"column":35}},"5":{"start":{"line":6,"column":0},"end":{"line":6,"column":37}},"6":{"start":{"line":7,"column":0},"end":{"line":7,"column":49}},"7":{"start":{"line":8,"column":0},"end":{"line":8,"column":35}},"8":{"start":{"line":9,"column":0},"end":{"line":9,"column":24}},"9":{"start":{"line":10,"column":0},"end":{"line":10,"column":28}},"11":{"start":{"line":12,"column":0},"end":{"line":12,"column":65}},"12":{"start":{"line":13,"column":0},"end":{"line":13,"column":52}},"13":{"start":{"line":14,"column":0},"end":{"line":14,"column":92}},"14":{"start":{"line":15,"column":0},"end":{"line":15,"column":95}},"15":{"start":{"line":16,"column":0},"end":{"line":16,"column":12}},"16":{"start":{"line":17,"column":0},"end":{"line":17,"column":11}},"17":{"start":{"line":18,"column":0},"end":{"line":18,"column":71}},"18":{"start":{"line":19,"column":0},"end":{"line":19,"column":16}},"19":{"start":{"line":20,"column":0},"end":{"line":20,"column":11}},"20":{"start":{"line":21,"column":0},"end":{"line":21,"column":31}},"21":{"start":{"line":22,"column":0},"end":{"line":22,"column":14}},"22":{"start":{"line":23,"column":0},"end":{"line":23,"column":11}},"23":{"start":{"line":24,"column":0},"end":{"line":24,"column":11}},"27":{"start":{"line":28,"column":0},"end":{"line":28,"column":30}},"42":{"start":{"line":43,"column":0},"end":{"line":43,"column":50}},"64":{"start":{"line":65,"column":0},"end":{"line":65,"column":33}},"70":{"start":{"line":71,"column":0},"end":{"line":71,"column":46}},"71":{"start":{"line":72,"column":0},"end":{"line":72,"column":25}},"74":{"start":{"line":75,"column":0},"end":{"line":75,"column":39}},"77":{"start":{"line":78,"column":0},"end":{"line":78,"column":36}},"80":{"start":{"line":81,"column":0},"end":{"line":81,"column":22}},"81":{"start":{"line":82,"column":0},"end":{"line":82,"column":32}},"82":{"start":{"line":83,"column":0},"end":{"line":83,"column":3}},"84":{"start":{"line":85,"column":0},"end":{"line":85,"column":23}},"85":{"start":{"line":86,"column":0},"end":{"line":86,"column":33}},"86":{"start":{"line":87,"column":0},"end":{"line":87,"column":3}},"89":{"start":{"line":90,"column":0},"end":{"line":90,"column":20}},"90":{"start":{"line":91,"column":0},"end":{"line":91,"column":29}},"91":{"start":{"line":92,"column":0},"end":{"line":92,"column":3}},"93":{"start":{"line":94,"column":0},"end":{"line":94,"column":26}},"94":{"start":{"line":95,"column":0},"end":{"line":95,"column":2}},"100":{"start":{"line":101,"column":0},"end":{"line":101,"column":50}},"101":{"start":{"line":102,"column":0},"end":{"line":102,"column":40}},"102":{"start":{"line":103,"column":0},"end":{"line":103,"column":26}},"103":{"start":{"line":104,"column":0},"end":{"line":104,"column":10}},"104":{"start":{"line":105,"column":0},"end":{"line":105,"column":3}},"106":{"start":{"line":107,"column":0},"end":{"line":107,"column":22}},"107":{"start":{"line":108,"column":0},"end":{"line":108,"column":1}},"109":{"start":{"line":110,"column":0},"end":{"line":110,"column":55}},"111":{"start":{"line":112,"column":0},"end":{"line":112,"column":51}},"112":{"start":{"line":113,"column":0},"end":{"line":113,"column":42}},"113":{"start":{"line":114,"column":0},"end":{"line":114,"column":28}},"114":{"start":{"line":115,"column":0},"end":{"line":115,"column":12}},"115":{"start":{"line":116,"column":0},"end":{"line":116,"column":5}},"119":{"start":{"line":120,"column":0},"end":{"line":120,"column":28}},"120":{"start":{"line":121,"column":0},"end":{"line":121,"column":28}},"121":{"start":{"line":122,"column":0},"end":{"line":122,"column":50}},"122":{"start":{"line":123,"column":0},"end":{"line":123,"column":22}},"123":{"start":{"line":124,"column":0},"end":{"line":124,"column":25}},"124":{"start":{"line":125,"column":0},"end":{"line":125,"column":8}},"125":{"start":{"line":126,"column":0},"end":{"line":126,"column":68}},"126":{"start":{"line":127,"column":0},"end":{"line":127,"column":5}},"127":{"start":{"line":128,"column":0},"end":{"line":128,"column":3}},"129":{"start":{"line":130,"column":0},"end":{"line":130,"column":24}},"130":{"start":{"line":131,"column":0},"end":{"line":131,"column":1}}},"s":{"1":1,"2":1,"3":1,"4":1,"5":1,"6":1,"7":1,"8":1,"9":1,"11":1,"12":1,"13":1,"14":1,"15":1,"16":1,"17":1,"18":1,"19":1,"20":1,"21":1,"22":1,"23":1,"27":1,"42":1,"64":1,"70":1,"71":115,"74":115,"77":115,"80":115,"81":7,"82":7,"84":115,"85":33,"86":33,"89":115,"90":1,"91":1,"93":115,"94":1,"100":1,"101":4,"102":0,"103":0,"104":0,"106":4,"107":4,"109":1,"111":3,"112":3,"113":0,"114":0,"115":0,"119":3,"120":1,"121":1,"122":1,"123":1,"124":1,"125":1,"126":1,"127":3,"129":3,"130":3},"branchMap":{"0":{"type":"branch","line":71,"loc":{"start":{"line":71,"column":31},"end":{"line":95,"column":1}},"locations":[{"start":{"line":71,"column":31},"end":{"line":95,"column":1}}]},"1":{"type":"branch","line":81,"loc":{"start":{"line":81,"column":21},"end":{"line":83,"column":3}},"locations":[{"start":{"line":81,"column":21},"end":{"line":83,"column":3}}]},"2":{"type":"branch","line":85,"loc":{"start":{"line":85,"column":22},"end":{"line":87,"column":3}},"locations":[{"start":{"line":85,"column":22},"end":{"line":87,"column":3}}]},"3":{"type":"branch","line":90,"loc":{"start":{"line":90,"column":19},"end":{"line":92,"column":3}},"locations":[{"start":{"line":90,"column":19},"end":{"line":92,"column":3}}]},"4":{"type":"branch","line":101,"loc":{"start":{"line":101,"column":20},"end":{"line":108,"column":1}},"locations":[{"start":{"line":101,"column":20},"end":{"line":108,"column":1}}]},"5":{"type":"branch","line":102,"loc":{"start":{"line":102,"column":39},"end":{"line":105,"column":3}},"locations":[{"start":{"line":102,"column":39},"end":{"line":105,"column":3}}]},"6":{"type":"branch","line":110,"loc":{"start":{"line":110,"column":22},"end":{"line":131,"column":1}},"locations":[{"start":{"line":110,"column":22},"end":{"line":131,"column":1}}]},"7":{"type":"branch","line":112,"loc":{"start":{"line":112,"column":20},"end":{"line":112,"column":50}},"locations":[{"start":{"line":112,"column":20},"end":{"line":112,"column":50}}]},"8":{"type":"branch","line":113,"loc":{"start":{"line":113,"column":41},"end":{"line":116,"column":5}},"locations":[{"start":{"line":113,"column":41},"end":{"line":116,"column":5}}]},"9":{"type":"branch","line":120,"loc":{"start":{"line":120,"column":27},"end":{"line":127,"column":5}},"locations":[{"start":{"line":120,"column":27},"end":{"line":127,"column":5}}]},"10":{"type":"branch","line":5,"loc":{"start":{"line":5,"column":15},"end":{"line":5,"column":35}},"locations":[{"start":{"line":5,"column":15},"end":{"line":5,"column":35}}]},"11":{"type":"branch","line":18,"loc":{"start":{"line":18,"column":16},"end":{"line":18,"column":34}},"locations":[{"start":{"line":18,"column":16},"end":{"line":18,"column":34}}]},"12":{"type":"branch","line":18,"loc":{"start":{"line":18,"column":25},"end":{"line":19,"column":16}},"locations":[{"start":{"line":18,"column":25},"end":{"line":19,"column":16}}]},"13":{"type":"branch","line":19,"loc":{"start":{"line":19,"column":13},"end":{"line":19,"column":16}},"locations":[{"start":{"line":19,"column":13},"end":{"line":19,"column":16}}]}},"b":{"0":[115],"1":[7],"2":[33],"3":[1],"4":[4],"5":[0],"6":[3],"7":[1],"8":[0],"9":[1],"10":[82],"11":[2],"12":[1],"13":[114]},"fnMap":{"0":{"name":"handleClick","decl":{"start":{"line":101,"column":20},"end":{"line":108,"column":1}},"loc":{"start":{"line":101,"column":20},"end":{"line":108,"column":1}},"line":101},"1":{"name":"handleKeydown","decl":{"start":{"line":110,"column":22},"end":{"line":131,"column":1}},"loc":{"start":{"line":110,"column":22},"end":{"line":131,"column":1}},"line":110}},"f":{"0":4,"1":3}}
,"/Users/andrew/pets/speech-teleprompter/src/components/base/BaseInput.vue": {"path":"/Users/andrew/pets/speech-teleprompter/src/components/base/BaseInput.vue","all":false,"statementMap":{"1":{"start":{"line":2,"column":0},"end":{"line":2,"column":26}},"2":{"start":{"line":3,"column":0},"end":{"line":3,"column":92}},"3":{"start":{"line":4,"column":0},"end":{"line":4,"column":17}},"4":{"start":{"line":5,"column":0},"end":{"line":5,"column":85}},"5":{"start":{"line":6,"column":0},"end":{"line":6,"column":12}},"7":{"start":{"line":8,"column":0},"end":{"line":8,"column":10}},"8":{"start":{"line":9,"column":0},"end":{"line":9,"column":14}},"9":{"start":{"line":10,"column":0},"end":{"line":10,"column":18}},"10":{"start":{"line":11,"column":0},"end":{"line":11,"column":25}},"11":{"start":{"line":12,"column":0},"end":{"line":12,"column":32}},"12":{"start":{"line":13,"column":0},"end":{"line":13,"column":26}},"13":{"start":{"line":14,"column":0},"end":{"line":14,"column":26}},"14":{"start":{"line":15,"column":0},"end":{"line":15,"column":16}},"15":{"start":{"line":16,"column":0},"end":{"line":16,"column":16}},"16":{"start":{"line":17,"column":0},"end":{"line":17,"column":18}},"17":{"start":{"line":18,"column":0},"end":{"line":18,"column":27}},"18":{"start":{"line":19,"column":0},"end":{"line":19,"column":39}},"19":{"start":{"line":20,"column":0},"end":{"line":20,"column":41}},"20":{"start":{"line":21,"column":0},"end":{"line":21,"column":30}},"21":{"start":{"line":22,"column":0},"end":{"line":22,"column":31}},"22":{"start":{"line":23,"column":0},"end":{"line":23,"column":26}},"23":{"start":{"line":24,"column":0},"end":{"line":24,"column":24}},"24":{"start":{"line":25,"column":0},"end":{"line":25,"column":26}},"25":{"start":{"line":26,"column":0},"end":{"line":26,"column":30}},"26":{"start":{"line":27,"column":0},"end":{"line":27,"column":6}},"28":{"start":{"line":29,"column":0},"end":{"line":29,"column":8}},"29":{"start":{"line":30,"column":0},"end":{"line":30,"column":25}},"30":{"start":{"line":31,"column":0},"end":{"line":31,"column":25}},"31":{"start":{"line":32,"column":0},"end":{"line":32,"column":27}},"32":{"start":{"line":33,"column":0},"end":{"line":33,"column":18}},"33":{"start":{"line":34,"column":0},"end":{"line":34,"column":37}},"35":{"start":{"line":36,"column":0},"end":{"line":36,"column":24}},"36":{"start":{"line":37,"column":0},"end":{"line":37,"column":10}},"38":{"start":{"line":39,"column":0},"end":{"line":39,"column":79}},"39":{"start":{"line":40,"column":0},"end":{"line":40,"column":20}},"40":{"start":{"line":41,"column":0},"end":{"line":41,"column":10}},"41":{"start":{"line":42,"column":0},"end":{"line":42,"column":8}},"45":{"start":{"line":46,"column":0},"end":{"line":46,"column":30}},"63":{"start":{"line":64,"column":0},"end":{"line":64,"column":50}},"94":{"start":{"line":95,"column":0},"end":{"line":95,"column":33}},"100":{"start":{"line":101,"column":0},"end":{"line":101,"column":52}},"101":{"start":{"line":102,"column":0},"end":{"line":102,"column":20}},"102":{"start":{"line":103,"column":0},"end":{"line":103,"column":2}},"104":{"start":{"line":105,"column":0},"end":{"line":105,"column":42}},"105":{"start":{"line":106,"column":0},"end":{"line":106,"column":29}},"106":{"start":{"line":107,"column":0},"end":{"line":107,"column":2}},"108":{"start":{"line":109,"column":0},"end":{"line":109,"column":45}},"109":{"start":{"line":110,"column":0},"end":{"line":110,"column":32}},"111":{"start":{"line":112,"column":0},"end":{"line":112,"column":23}},"112":{"start":{"line":113,"column":0},"end":{"line":113,"column":37}},"113":{"start":{"line":114,"column":0},"end":{"line":114,"column":3}},"115":{"start":{"line":116,"column":0},"end":{"line":116,"column":23}},"116":{"start":{"line":117,"column":0},"end":{"line":117,"column":40}},"117":{"start":{"line":118,"column":0},"end":{"line":118,"column":3}},"119":{"start":{"line":120,"column":0},"end":{"line":120,"column":26}},"120":{"start":{"line":121,"column":0},"end":{"line":121,"column":2}},"122":{"start":{"line":123,"column":0},"end":{"line":123,"column":45}},"123":{"start":{"line":124,"column":0},"end":{"line":124,"column":32}},"125":{"start":{"line":126,"column":0},"end":{"line":126,"column":23}},"126":{"start":{"line":127,"column":0},"end":{"line":127,"column":37}},"127":{"start":{"line":128,"column":0},"end":{"line":128,"column":3}},"129":{"start":{"line":130,"column":0},"end":{"line":130,"column":23}},"130":{"start":{"line":131,"column":0},"end":{"line":131,"column":40}},"131":{"start":{"line":132,"column":0},"end":{"line":132,"column":3}},"133":{"start":{"line":134,"column":0},"end":{"line":134,"column":20}},"134":{"start":{"line":135,"column":0},"end":{"line":135,"column":29}},"135":{"start":{"line":136,"column":0},"end":{"line":136,"column":3}},"137":{"start":{"line":138,"column":0},"end":{"line":138,"column":26}},"138":{"start":{"line":139,"column":0},"end":{"line":139,"column":2}},"140":{"start":{"line":141,"column":0},"end":{"line":141,"column":60}},"141":{"start":{"line":142,"column":0},"end":{"line":142,"column":26}},"143":{"start":{"line":144,"column":0},"end":{"line":144,"column":34}},"144":{"start":{"line":145,"column":0},"end":{"line":145,"column":39}},"145":{"start":{"line":146,"column":0},"end":{"line":146,"column":3}},"147":{"start":{"line":148,"column":0},"end":{"line":148,"column":42}},"148":{"start":{"line":149,"column":0},"end":{"line":149,"column":32}},"149":{"start":{"line":150,"column":0},"end":{"line":150,"column":3}},"151":{"start":{"line":152,"column":0},"end":{"line":152,"column":23}},"152":{"start":{"line":153,"column":0},"end":{"line":153,"column":33}},"153":{"start":{"line":154,"column":0},"end":{"line":154,"column":3}},"155":{"start":{"line":156,"column":0},"end":{"line":156,"column":51}},"156":{"start":{"line":157,"column":0},"end":{"line":157,"column":2}},"162":{"start":{"line":163,"column":0},"end":{"line":163,"column":45}},"163":{"start":{"line":164,"column":0},"end":{"line":164,"column":49}},"164":{"start":{"line":165,"column":0},"end":{"line":165,"column":43}},"167":{"start":{"line":168,"column":0},"end":{"line":168,"column":48}},"168":{"start":{"line":169,"column":0},"end":{"line":169,"column":38}},"169":{"start":{"line":170,"column":0},"end":{"line":170,"column":27}},"170":{"start":{"line":171,"column":0},"end":{"line":171,"column":22}},"171":{"start":{"line":172,"column":0},"end":{"line":172,"column":12}},"173":{"start":{"line":174,"column":0},"end":{"line":174,"column":26}},"174":{"start":{"line":175,"column":0},"end":{"line":175,"column":5}},"175":{"start":{"line":176,"column":0},"end":{"line":176,"column":3}},"177":{"start":{"line":178,"column":0},"end":{"line":178,"column":34}},"178":{"start":{"line":179,"column":0},"end":{"line":179,"column":22}},"179":{"start":{"line":180,"column":0},"end":{"line":180,"column":1}},"181":{"start":{"line":182,"column":0},"end":{"line":182,"column":49}},"182":{"start":{"line":183,"column":0},"end":{"line":183,"column":21}},"183":{"start":{"line":184,"column":0},"end":{"line":184,"column":1}},"185":{"start":{"line":186,"column":0},"end":{"line":186,"column":50}},"186":{"start":{"line":187,"column":0},"end":{"line":187,"column":22}},"187":{"start":{"line":188,"column":0},"end":{"line":188,"column":1}},"189":{"start":{"line":190,"column":0},"end":{"line":190,"column":55}},"190":{"start":{"line":191,"column":0},"end":{"line":191,"column":24}},"191":{"start":{"line":192,"column":0},"end":{"line":192,"column":1}}},"s":{"1":1,"2":1,"3":1,"4":1,"5":1,"7":1,"8":1,"9":1,"10":1,"11":1,"12":1,"13":1,"14":1,"15":1,"16":1,"17":1,"18":1,"19":1,"20":1,"21":1,"22":1,"23":1,"24":1,"25":1,"26":1,"28":1,"29":1,"30":4,"31":4,"32":4,"33":4,"35":4,"36":1,"38":1,"39":2,"40":1,"41":1,"45":1,"63":1,"94":1,"100":1,"101":54,"102":1,"104":1,"105":54,"106":1,"108":1,"109":3,"111":3,"112":1,"113":1,"115":3,"116":0,"117":0,"119":3,"120":1,"122":1,"123":54,"125":54,"126":4,"127":4,"129":54,"130":1,"131":1,"133":54,"134":1,"135":1,"137":54,"138":1,"140":1,"141":54,"143":54,"144":0,"145":0,"147":54,"148":2,"149":2,"151":54,"152":4,"153":4,"155":54,"156":1,"162":1,"163":6,"164":6,"167":6,"168":2,"169":2,"170":2,"171":2,"173":0,"174":0,"175":2,"177":6,"178":6,"179":6,"181":1,"182":1,"183":1,"185":1,"186":1,"187":1,"189":1,"190":1,"191":1},"branchMap":{"0":{"type":"branch","line":101,"loc":{"start":{"line":101,"column":28},"end":{"line":103,"column":1}},"locations":[{"start":{"line":101,"column":28},"end":{"line":103,"column":1}}]},"1":{"type":"branch","line":105,"loc":{"start":{"line":105,"column":26},"end":{"line":107,"column":1}},"locations":[{"start":{"line":105,"column":26},"end":{"line":107,"column":1}}]},"2":{"type":"branch","line":109,"loc":{"start":{"line":109,"column":30},"end":{"line":121,"column":1}},"locations":[{"start":{"line":109,"column":30},"end":{"line":121,"column":1}}]},"3":{"type":"branch","line":112,"loc":{"start":{"line":112,"column":22},"end":{"line":114,"column":3}},"locations":[{"start":{"line":112,"column":22},"end":{"line":114,"column":3}}]},"4":{"type":"branch","line":116,"loc":{"start":{"line":116,"column":22},"end":{"line":118,"column":3}},"locations":[{"start":{"line":116,"column":22},"end":{"line":118,"column":3}}]},"5":{"type":"branch","line":123,"loc":{"start":{"line":123,"column":30},"end":{"line":139,"column":1}},"locations":[{"start":{"line":123,"column":30},"end":{"line":139,"column":1}}]},"6":{"type":"branch","line":126,"loc":{"start":{"line":126,"column":22},"end":{"line":128,"column":3}},"locations":[{"start":{"line":126,"column":22},"end":{"line":128,"column":3}}]},"7":{"type":"branch","line":130,"loc":{"start":{"line":130,"column":22},"end":{"line":132,"column":3}},"locations":[{"start":{"line":130,"column":22},"end":{"line":132,"column":3}}]},"8":{"type":"branch","line":134,"loc":{"start":{"line":134,"column":19},"end":{"line":136,"column":3}},"locations":[{"start":{"line":134,"column":19},"end":{"line":136,"column":3}}]},"9":{"type":"branch","line":141,"loc":{"start":{"line":141,"column":33},"end":{"line":157,"column":1}},"locations":[{"start":{"line":141,"column":33},"end":{"line":157,"column":1}}]},"10":{"type":"branch","line":144,"loc":{"start":{"line":144,"column":33},"end":{"line":146,"column":3}},"locations":[{"start":{"line":144,"column":33},"end":{"line":146,"column":3}}]},"11":{"type":"branch","line":148,"loc":{"start":{"line":148,"column":12},"end":{"line":148,"column":41}},"locations":[{"start":{"line":148,"column":12},"end":{"line":148,"column":41}}]},"12":{"type":"branch","line":148,"loc":{"start":{"line":148,"column":41},"end":{"line":150,"column":3}},"locations":[{"start":{"line":148,"column":41},"end":{"line":150,"column":3}}]},"13":{"type":"branch","line":152,"loc":{"start":{"line":152,"column":22},"end":{"line":154,"column":3}},"locations":[{"start":{"line":152,"column":22},"end":{"line":154,"column":3}}]},"14":{"type":"branch","line":156,"loc":{"start":{"line":156,"column":22},"end":{"line":156,"column":42}},"locations":[{"start":{"line":156,"column":22},"end":{"line":156,"column":42}}]},"15":{"type":"branch","line":156,"loc":{"start":{"line":156,"column":38},"end":{"line":156,"column":51}},"locations":[{"start":{"line":156,"column":38},"end":{"line":156,"column":51}}]},"16":{"type":"branch","line":163,"loc":{"start":{"line":163,"column":20},"end":{"line":180,"column":1}},"locations":[{"start":{"line":163,"column":20},"end":{"line":180,"column":1}}]},"17":{"type":"branch","line":168,"loc":{"start":{"line":168,"column":21},"end":{"line":168,"column":47}},"locations":[{"start":{"line":168,"column":21},"end":{"line":168,"column":47}}]},"18":{"type":"branch","line":168,"loc":{"start":{"line":168,"column":47},"end":{"line":176,"column":3}},"locations":[{"start":{"line":168,"column":47},"end":{"line":176,"column":3}}]},"19":{"type":"branch","line":172,"loc":{"start":{"line":172,"column":4},"end":{"line":175,"column":5}},"locations":[{"start":{"line":172,"column":4},"end":{"line":175,"column":5}}]},"20":{"type":"branch","line":182,"loc":{"start":{"line":182,"column":19},"end":{"line":184,"column":1}},"locations":[{"start":{"line":182,"column":19},"end":{"line":184,"column":1}}]},"21":{"type":"branch","line":186,"loc":{"start":{"line":186,"column":20},"end":{"line":188,"column":1}},"locations":[{"start":{"line":186,"column":20},"end":{"line":188,"column":1}}]},"22":{"type":"branch","line":190,"loc":{"start":{"line":190,"column":22},"end":{"line":192,"column":1}},"locations":[{"start":{"line":190,"column":22},"end":{"line":192,"column":1}}]},"23":{"type":"branch","line":5,"loc":{"start":{"line":5,"column":18},"end":{"line":5,"column":85}},"locations":[{"start":{"line":5,"column":18},"end":{"line":5,"column":85}}]},"24":{"type":"branch","line":5,"loc":{"start":{"line":5,"column":78},"end":{"line":5,"column":85}},"locations":[{"start":{"line":5,"column":78},"end":{"line":5,"column":85}}]},"25":{"type":"branch","line":30,"loc":{"start":{"line":30,"column":12},"end":{"line":36,"column":24}},"locations":[{"start":{"line":30,"column":12},"end":{"line":36,"column":24}}]},"26":{"type":"branch","line":36,"loc":{"start":{"line":36,"column":21},"end":{"line":36,"column":24}},"locations":[{"start":{"line":36,"column":21},"end":{"line":36,"column":24}}]},"27":{"type":"branch","line":39,"loc":{"start":{"line":39,"column":15},"end":{"line":39,"column":43}},"locations":[{"start":{"line":39,"column":15},"end":{"line":39,"column":43}}]},"28":{"type":"branch","line":39,"loc":{"start":{"line":39,"column":28},"end":{"line":40,"column":20}},"locations":[{"start":{"line":39,"column":28},"end":{"line":40,"column":20}}]},"29":{"type":"branch","line":40,"loc":{"start":{"line":40,"column":17},"end":{"line":40,"column":20}},"locations":[{"start":{"line":40,"column":17},"end":{"line":40,"column":20}}]}},"b":{"0":[54],"1":[54],"2":[3],"3":[1],"4":[0],"5":[54],"6":[4],"7":[1],"8":[1],"9":[54],"10":[0],"11":[3],"12":[2],"13":[4],"14":[6],"15":[48],"16":[6],"17":[4],"18":[2],"19":[0],"20":[1],"21":[1],"22":[1],"23":[1],"24":[2],"25":[4],"26":[55],"27":[3],"28":[2],"29":[57]},"fnMap":{"0":{"name":"handleInput","decl":{"start":{"line":163,"column":20},"end":{"line":180,"column":1}},"loc":{"start":{"line":163,"column":20},"end":{"line":180,"column":1}},"line":163},"1":{"name":"handleBlur","decl":{"start":{"line":182,"column":19},"end":{"line":184,"column":1}},"loc":{"start":{"line":182,"column":19},"end":{"line":184,"column":1}},"line":182},"2":{"name":"handleFocus","decl":{"start":{"line":186,"column":20},"end":{"line":188,"column":1}},"loc":{"start":{"line":186,"column":20},"end":{"line":188,"column":1}},"line":186},"3":{"name":"handleKeydown","decl":{"start":{"line":190,"column":22},"end":{"line":192,"column":1}},"loc":{"start":{"line":190,"column":22},"end":{"line":192,"column":1}},"line":190}},"f":{"0":6,"1":1,"2":1,"3":1}}
,"/Users/andrew/pets/speech-teleprompter/src/components/base/BaseLink.vue": {"path":"/Users/andrew/pets/speech-teleprompter/src/components/base/BaseLink.vue","all":false,"statementMap":{"1":{"start":{"line":2,"column":0},"end":{"line":2,"column":4}},"2":{"start":{"line":3,"column":0},"end":{"line":3,"column":16}},"3":{"start":{"line":4,"column":0},"end":{"line":4,"column":20}},"4":{"start":{"line":5,"column":0},"end":{"line":5,"column":14}},"5":{"start":{"line":6,"column":0},"end":{"line":6,"column":27}},"6":{"start":{"line":7,"column":0},"end":{"line":7,"column":24}},"7":{"start":{"line":8,"column":0},"end":{"line":8,"column":24}},"9":{"start":{"line":10,"column":0},"end":{"line":10,"column":77}},"10":{"start":{"line":11,"column":0},"end":{"line":11,"column":12}},"11":{"start":{"line":12,"column":0},"end":{"line":12,"column":6}},"15":{"start":{"line":16,"column":0},"end":{"line":16,"column":30}},"27":{"start":{"line":28,"column":0},"end":{"line":28,"column":50}},"34":{"start":{"line":35,"column":0},"end":{"line":35,"column":26}},"38":{"start":{"line":39,"column":0},"end":{"line":39,"column":36}},"39":{"start":{"line":40,"column":0},"end":{"line":40,"column":14}},"40":{"start":{"line":41,"column":0},"end":{"line":41,"column":32}},"41":{"start":{"line":42,"column":0},"end":{"line":42,"column":29}},"42":{"start":{"line":43,"column":0},"end":{"line":43,"column":2}},"44":{"start":{"line":45,"column":0},"end":{"line":45,"column":44}},"45":{"start":{"line":46,"column":0},"end":{"line":46,"column":22}},"46":{"start":{"line":47,"column":0},"end":{"line":47,"column":1}}},"s":{"1":1,"2":1,"3":1,"4":1,"5":1,"6":1,"7":1,"9":1,"10":1,"11":1,"15":1,"27":1,"34":1,"38":1,"39":37,"40":37,"41":37,"42":1,"44":1,"45":1,"46":1},"branchMap":{"0":{"type":"branch","line":39,"loc":{"start":{"line":39,"column":29},"end":{"line":43,"column":1}},"locations":[{"start":{"line":39,"column":29},"end":{"line":43,"column":1}}]},"1":{"type":"branch","line":45,"loc":{"start":{"line":45,"column":20},"end":{"line":47,"column":1}},"locations":[{"start":{"line":45,"column":20},"end":{"line":47,"column":1}}]},"2":{"type":"branch","line":10,"loc":{"start":{"line":10,"column":16},"end":{"line":10,"column":77}},"locations":[{"start":{"line":10,"column":16},"end":{"line":10,"column":77}}]},"3":{"type":"branch","line":10,"loc":{"start":{"line":10,"column":67},"end":{"line":10,"column":77}},"locations":[{"start":{"line":10,"column":67},"end":{"line":10,"column":77}}]}},"b":{"0":[37],"1":[1],"2":[28],"3":[9]},"fnMap":{"0":{"name":"handleClick","decl":{"start":{"line":45,"column":20},"end":{"line":47,"column":1}},"loc":{"start":{"line":45,"column":20},"end":{"line":47,"column":1}},"line":45}},"f":{"0":1}}
,"/Users/andrew/pets/speech-teleprompter/src/components/base/BaseSelect.vue": {"path":"/Users/andrew/pets/speech-teleprompter/src/components/base/BaseSelect.vue","all":false,"statementMap":{"1":{"start":{"line":2,"column":0},"end":{"line":2,"column":79}},"2":{"start":{"line":3,"column":0},"end":{"line":3,"column":56}},"3":{"start":{"line":4,"column":0},"end":{"line":4,"column":17}},"4":{"start":{"line":5,"column":0},"end":{"line":5,"column":73}},"5":{"start":{"line":6,"column":0},"end":{"line":6,"column":16}},"6":{"start":{"line":7,"column":0},"end":{"line":7,"column":7}},"7":{"start":{"line":8,"column":0},"end":{"line":8,"column":12}},"8":{"start":{"line":9,"column":0},"end":{"line":9,"column":11}},"9":{"start":{"line":10,"column":0},"end":{"line":10,"column":14}},"10":{"start":{"line":11,"column":0},"end":{"line":11,"column":25}},"11":{"start":{"line":12,"column":0},"end":{"line":12,"column":26}},"12":{"start":{"line":13,"column":0},"end":{"line":13,"column":26}},"13":{"start":{"line":14,"column":0},"end":{"line":14,"column":28}},"14":{"start":{"line":15,"column":0},"end":{"line":15,"column":39}},"15":{"start":{"line":16,"column":0},"end":{"line":16,"column":41}},"16":{"start":{"line":17,"column":0},"end":{"line":17,"column":30}},"17":{"start":{"line":18,"column":0},"end":{"line":18,"column":31}},"18":{"start":{"line":19,"column":0},"end":{"line":19,"column":28}},"19":{"start":{"line":20,"column":0},"end":{"line":20,"column":34}},"20":{"start":{"line":21,"column":0},"end":{"line":21,"column":36}},"21":{"start":{"line":22,"column":0},"end":{"line":22,"column":40}},"23":{"start":{"line":24,"column":0},"end":{"line":24,"column":51}},"24":{"start":{"line":25,"column":0},"end":{"line":25,"column":25}},"25":{"start":{"line":26,"column":0},"end":{"line":26,"column":15}},"26":{"start":{"line":27,"column":0},"end":{"line":27,"column":13}},"27":{"start":{"line":28,"column":0},"end":{"line":28,"column":33}},"28":{"start":{"line":29,"column":0},"end":{"line":29,"column":26}},"29":{"start":{"line":30,"column":0},"end":{"line":30,"column":28}},"30":{"start":{"line":31,"column":0},"end":{"line":31,"column":35}},"32":{"start":{"line":33,"column":0},"end":{"line":33,"column":25}},"33":{"start":{"line":34,"column":0},"end":{"line":34,"column":15}},"34":{"start":{"line":35,"column":0},"end":{"line":35,"column":13}},"35":{"start":{"line":36,"column":0},"end":{"line":36,"column":8}},"36":{"start":{"line":37,"column":0},"end":{"line":37,"column":25}},"37":{"start":{"line":38,"column":0},"end":{"line":38,"column":25}},"38":{"start":{"line":39,"column":0},"end":{"line":39,"column":27}},"39":{"start":{"line":40,"column":0},"end":{"line":40,"column":18}},"40":{"start":{"line":41,"column":0},"end":{"line":41,"column":37}},"42":{"start":{"line":43,"column":0},"end":{"line":43,"column":24}},"43":{"start":{"line":44,"column":0},"end":{"line":44,"column":10}},"44":{"start":{"line":45,"column":0},"end":{"line":45,"column":79}},"45":{"start":{"line":46,"column":0},"end":{"line":46,"column":20}},"46":{"start":{"line":47,"column":0},"end":{"line":47,"column":10}},"47":{"start":{"line":48,"column":0},"end":{"line":48,"column":8}},"51":{"start":{"line":52,"column":0},"end":{"line":52,"column":31}},"74":{"start":{"line":75,"column":0},"end":{"line":75,"column":50}},"80":{"start":{"line":81,"column":0},"end":{"line":81,"column":26}},"89":{"start":{"line":90,"column":0},"end":{"line":90,"column":70}},"91":{"start":{"line":92,"column":0},"end":{"line":92,"column":45}},"92":{"start":{"line":93,"column":0},"end":{"line":93,"column":28}},"93":{"start":{"line":94,"column":0},"end":{"line":94,"column":43}},"94":{"start":{"line":95,"column":0},"end":{"line":95,"column":64}},"95":{"start":{"line":96,"column":0},"end":{"line":96,"column":58}},"96":{"start":{"line":97,"column":0},"end":{"line":97,"column":3}},"98":{"start":{"line":99,"column":0},"end":{"line":99,"column":46}},"99":{"start":{"line":100,"column":0},"end":{"line":100,"column":29}},"100":{"start":{"line":101,"column":0},"end":{"line":101,"column":44}},"101":{"start":{"line":102,"column":0},"end":{"line":102,"column":59}},"102":{"start":{"line":103,"column":0},"end":{"line":103,"column":65}},"103":{"start":{"line":104,"column":0},"end":{"line":104,"column":65}},"104":{"start":{"line":105,"column":0},"end":{"line":105,"column":3}},"106":{"start":{"line":107,"column":0},"end":{"line":107,"column":48}},"107":{"start":{"line":108,"column":0},"end":{"line":108,"column":27}},"108":{"start":{"line":109,"column":0},"end":{"line":109,"column":42}},"109":{"start":{"line":110,"column":0},"end":{"line":110,"column":33}},"110":{"start":{"line":111,"column":0},"end":{"line":111,"column":3}},"111":{"start":{"line":112,"column":0},"end":{"line":112,"column":27}},"112":{"start":{"line":113,"column":0},"end":{"line":113,"column":34}},"113":{"start":{"line":114,"column":0},"end":{"line":114,"column":3}},"114":{"start":{"line":115,"column":0},"end":{"line":115,"column":23}},"115":{"start":{"line":116,"column":0},"end":{"line":116,"column":3}},"118":{"start":{"line":119,"column":0},"end":{"line":119,"column":46}},"119":{"start":{"line":120,"column":0},"end":{"line":120,"column":51}},"120":{"start":{"line":121,"column":0},"end":{"line":121,"column":42}},"121":{"start":{"line":122,"column":0},"end":{"line":122,"column":24}},"122":{"start":{"line":123,"column":0},"end":{"line":123,"column":2}}},"s":{"1":1,"2":1,"3":1,"4":1,"5":1,"6":1,"7":1,"8":1,"9":1,"10":1,"11":1,"12":1,"13":1,"14":1,"15":1,"16":1,"17":1,"18":1,"19":1,"20":1,"21":1,"23":1,"24":13,"25":1,"26":1,"27":1,"28":1,"29":1,"30":1,"32":1,"33":1,"34":1,"35":1,"36":1,"37":3,"38":3,"39":3,"40":3,"42":3,"43":1,"44":1,"45":2,"46":1,"47":1,"51":1,"74":1,"80":1,"89":1,"91":1,"92":3,"93":3,"94":3,"95":3,"96":1,"98":1,"99":30,"100":30,"101":30,"102":30,"103":30,"104":1,"106":1,"107":30,"108":30,"109":2,"110":2,"111":30,"112":3,"113":3,"114":30,"115":1,"118":1,"119":2,"120":2,"121":2,"122":2},"branchMap":{"0":{"type":"branch","line":90,"loc":{"start":{"line":90,"column":26},"end":{"line":90,"column":68}},"locations":[{"start":{"line":90,"column":26},"end":{"line":90,"column":68}}]},"1":{"type":"branch","line":92,"loc":{"start":{"line":92,"column":30},"end":{"line":97,"column":1}},"locations":[{"start":{"line":92,"column":30},"end":{"line":97,"column":1}}]},"2":{"type":"branch","line":95,"loc":{"start":{"line":95,"column":25},"end":{"line":95,"column":61}},"locations":[{"start":{"line":95,"column":25},"end":{"line":95,"column":61}}]},"3":{"type":"branch","line":95,"loc":{"start":{"line":95,"column":36},"end":{"line":95,"column":64}},"locations":[{"start":{"line":95,"column":36},"end":{"line":95,"column":64}}]},"4":{"type":"branch","line":99,"loc":{"start":{"line":99,"column":31},"end":{"line":105,"column":1}},"locations":[{"start":{"line":99,"column":31},"end":{"line":105,"column":1}}]},"5":{"type":"branch","line":102,"loc":{"start":{"line":102,"column":25},"end":{"line":102,"column":56}},"locations":[{"start":{"line":102,"column":25},"end":{"line":102,"column":56}}]},"6":{"type":"branch","line":102,"loc":{"start":{"line":102,"column":33},"end":{"line":102,"column":59}},"locations":[{"start":{"line":102,"column":33},"end":{"line":102,"column":59}}]},"7":{"type":"branch","line":103,"loc":{"start":{"line":103,"column":25},"end":{"line":103,"column":62}},"locations":[{"start":{"line":103,"column":25},"end":{"line":103,"column":62}}]},"8":{"type":"branch","line":103,"loc":{"start":{"line":103,"column":36},"end":{"line":103,"column":65}},"locations":[{"start":{"line":103,"column":36},"end":{"line":103,"column":65}}]},"9":{"type":"branch","line":107,"loc":{"start":{"line":107,"column":33},"end":{"line":116,"column":1}},"locations":[{"start":{"line":107,"column":33},"end":{"line":116,"column":1}}]},"10":{"type":"branch","line":109,"loc":{"start":{"line":109,"column":12},"end":{"line":109,"column":41}},"locations":[{"start":{"line":109,"column":12},"end":{"line":109,"column":41}}]},"11":{"type":"branch","line":109,"loc":{"start":{"line":109,"column":41},"end":{"line":111,"column":3}},"locations":[{"start":{"line":109,"column":41},"end":{"line":111,"column":3}}]},"12":{"type":"branch","line":112,"loc":{"start":{"line":112,"column":26},"end":{"line":114,"column":3}},"locations":[{"start":{"line":112,"column":26},"end":{"line":114,"column":3}}]},"13":{"type":"branch","line":119,"loc":{"start":{"line":119,"column":21},"end":{"line":123,"column":2}},"locations":[{"start":{"line":119,"column":21},"end":{"line":123,"column":2}}]},"14":{"type":"branch","line":5,"loc":{"start":{"line":5,"column":18},"end":{"line":6,"column":16}},"locations":[{"start":{"line":5,"column":18},"end":{"line":6,"column":16}}]},"15":{"type":"branch","line":6,"loc":{"start":{"line":6,"column":10},"end":{"line":6,"column":16}},"locations":[{"start":{"line":6,"column":10},"end":{"line":6,"column":16}}]},"16":{"type":"branch","line":20,"loc":{"start":{"line":20,"column":11},"end":{"line":20,"column":34}},"locations":[{"start":{"line":20,"column":11},"end":{"line":20,"column":34}}]},"17":{"type":"branch","line":21,"loc":{"start":{"line":21,"column":12},"end":{"line":21,"column":36}},"locations":[{"start":{"line":21,"column":12},"end":{"line":21,"column":36}}]},"18":{"type":"branch","line":22,"loc":{"start":{"line":22,"column":14},"end":{"line":22,"column":40}},"locations":[{"start":{"line":22,"column":14},"end":{"line":22,"column":40}}]},"19":{"type":"branch","line":24,"loc":{"start":{"line":24,"column":20},"end":{"line":25,"column":25}},"locations":[{"start":{"line":24,"column":20},"end":{"line":25,"column":25}}]},"20":{"type":"branch","line":25,"loc":{"start":{"line":25,"column":22},"end":{"line":25,"column":25}},"locations":[{"start":{"line":25,"column":22},"end":{"line":25,"column":25}}]},"21":{"type":"branch","line":37,"loc":{"start":{"line":37,"column":12},"end":{"line":43,"column":24}},"locations":[{"start":{"line":37,"column":12},"end":{"line":43,"column":24}}]},"22":{"type":"branch","line":43,"loc":{"start":{"line":43,"column":21},"end":{"line":43,"column":24}},"locations":[{"start":{"line":43,"column":21},"end":{"line":43,"column":24}}]},"23":{"type":"branch","line":45,"loc":{"start":{"line":45,"column":15},"end":{"line":45,"column":43}},"locations":[{"start":{"line":45,"column":15},"end":{"line":45,"column":43}}]},"24":{"type":"branch","line":45,"loc":{"start":{"line":45,"column":28},"end":{"line":46,"column":20}},"locations":[{"start":{"line":45,"column":28},"end":{"line":46,"column":20}}]},"25":{"type":"branch","line":46,"loc":{"start":{"line":46,"column":17},"end":{"line":46,"column":20}},"locations":[{"start":{"line":46,"column":17},"end":{"line":46,"column":20}}]},"26":{"type":"branch","line":20,"loc":{"start":{"line":20,"column":11},"end":{"line":20,"column":34}},"locations":[{"start":{"line":20,"column":11},"end":{"line":20,"column":34}}]},"27":{"type":"branch","line":21,"loc":{"start":{"line":21,"column":12},"end":{"line":21,"column":36}},"locations":[{"start":{"line":21,"column":12},"end":{"line":21,"column":36}}]},"28":{"type":"branch","line":22,"loc":{"start":{"line":22,"column":14},"end":{"line":22,"column":40}},"locations":[{"start":{"line":22,"column":14},"end":{"line":22,"column":40}}]}},"b":{"0":[30],"1":[3],"2":[1],"3":[2],"4":[30],"5":[3],"6":[27],"7":[1],"8":[29],"9":[30],"10":[3],"11":[2],"12":[3],"13":[2],"14":[1],"15":[2],"16":[30],"17":[30],"18":[30],"19":[13],"20":[19],"21":[3],"22":[29],"23":[3],"24":[2],"25":[30],"26":[1],"27":[1],"28":[1]},"fnMap":{"0":{"name":"handleChange","decl":{"start":{"line":119,"column":21},"end":{"line":123,"column":2}},"loc":{"start":{"line":119,"column":21},"end":{"line":123,"column":2}},"line":119},"1":{"name":"onBlur._cache.<computed>._cache.<computed>","decl":{"start":{"line":20,"column":11},"end":{"line":20,"column":34}},"loc":{"start":{"line":20,"column":11},"end":{"line":20,"column":34}},"line":20},"2":{"name":"onFocus._cache.<computed>._cache.<computed>","decl":{"start":{"line":21,"column":12},"end":{"line":21,"column":36}},"loc":{"start":{"line":21,"column":12},"end":{"line":21,"column":36}},"line":21},"3":{"name":"onKeydown._cache.<computed>._cache.<computed>","decl":{"start":{"line":22,"column":14},"end":{"line":22,"column":40}},"loc":{"start":{"line":22,"column":14},"end":{"line":22,"column":40}},"line":22}},"f":{"0":2,"1":1,"2":1,"3":1}}
,"/Users/andrew/pets/speech-teleprompter/src/components/base/BaseTextarea.vue": {"path":"/Users/andrew/pets/speech-teleprompter/src/components/base/BaseTextarea.vue","all":false,"statementMap":{"1":{"start":{"line":2,"column":0},"end":{"line":2,"column":79}},"2":{"start":{"line":3,"column":0},"end":{"line":3,"column":56}},"3":{"start":{"line":4,"column":0},"end":{"line":4,"column":17}},"4":{"start":{"line":5,"column":0},"end":{"line":5,"column":73}},"5":{"start":{"line":6,"column":0},"end":{"line":6,"column":16}},"6":{"start":{"line":7,"column":0},"end":{"line":7,"column":7}},"7":{"start":{"line":8,"column":0},"end":{"line":8,"column":12}},"8":{"start":{"line":9,"column":0},"end":{"line":9,"column":13}},"9":{"start":{"line":10,"column":0},"end":{"line":10,"column":14}},"10":{"start":{"line":11,"column":0},"end":{"line":11,"column":25}},"11":{"start":{"line":12,"column":0},"end":{"line":12,"column":32}},"12":{"start":{"line":13,"column":0},"end":{"line":13,"column":26}},"13":{"start":{"line":14,"column":0},"end":{"line":14,"column":26}},"14":{"start":{"line":15,"column":0},"end":{"line":15,"column":18}},"15":{"start":{"line":16,"column":0},"end":{"line":16,"column":18}},"16":{"start":{"line":17,"column":0},"end":{"line":17,"column":30}},"17":{"start":{"line":18,"column":0},"end":{"line":18,"column":39}},"18":{"start":{"line":19,"column":0},"end":{"line":19,"column":41}},"19":{"start":{"line":20,"column":0},"end":{"line":20,"column":30}},"20":{"start":{"line":21,"column":0},"end":{"line":21,"column":31}},"21":{"start":{"line":22,"column":0},"end":{"line":22,"column":26}},"22":{"start":{"line":23,"column":0},"end":{"line":23,"column":34}},"23":{"start":{"line":24,"column":0},"end":{"line":24,"column":36}},"24":{"start":{"line":25,"column":0},"end":{"line":25,"column":40}},"25":{"start":{"line":26,"column":0},"end":{"line":26,"column":16}},"26":{"start":{"line":27,"column":0},"end":{"line":27,"column":8}},"27":{"start":{"line":28,"column":0},"end":{"line":28,"column":25}},"28":{"start":{"line":29,"column":0},"end":{"line":29,"column":25}},"29":{"start":{"line":30,"column":0},"end":{"line":30,"column":27}},"30":{"start":{"line":31,"column":0},"end":{"line":31,"column":18}},"31":{"start":{"line":32,"column":0},"end":{"line":32,"column":37}},"33":{"start":{"line":34,"column":0},"end":{"line":34,"column":24}},"34":{"start":{"line":35,"column":0},"end":{"line":35,"column":10}},"35":{"start":{"line":36,"column":0},"end":{"line":36,"column":79}},"36":{"start":{"line":37,"column":0},"end":{"line":37,"column":20}},"37":{"start":{"line":38,"column":0},"end":{"line":38,"column":10}},"38":{"start":{"line":39,"column":0},"end":{"line":39,"column":8}},"42":{"start":{"line":43,"column":0},"end":{"line":43,"column":31}},"62":{"start":{"line":63,"column":0},"end":{"line":63,"column":50}},"69":{"start":{"line":70,"column":0},"end":{"line":70,"column":26}},"78":{"start":{"line":79,"column":0},"end":{"line":79,"column":70}},"80":{"start":{"line":81,"column":0},"end":{"line":81,"column":45}},"81":{"start":{"line":82,"column":0},"end":{"line":82,"column":28}},"82":{"start":{"line":83,"column":0},"end":{"line":83,"column":43}},"83":{"start":{"line":84,"column":0},"end":{"line":84,"column":64}},"84":{"start":{"line":85,"column":0},"end":{"line":85,"column":58}},"85":{"start":{"line":86,"column":0},"end":{"line":86,"column":3}},"87":{"start":{"line":88,"column":0},"end":{"line":88,"column":48}},"88":{"start":{"line":89,"column":0},"end":{"line":89,"column":31}},"89":{"start":{"line":90,"column":0},"end":{"line":90,"column":46}},"90":{"start":{"line":91,"column":0},"end":{"line":91,"column":61}},"91":{"start":{"line":92,"column":0},"end":{"line":92,"column":67}},"92":{"start":{"line":93,"column":0},"end":{"line":93,"column":65}},"93":{"start":{"line":94,"column":0},"end":{"line":94,"column":3}},"95":{"start":{"line":96,"column":0},"end":{"line":96,"column":48}},"96":{"start":{"line":97,"column":0},"end":{"line":97,"column":27}},"97":{"start":{"line":98,"column":0},"end":{"line":98,"column":42}},"98":{"start":{"line":99,"column":0},"end":{"line":99,"column":33}},"99":{"start":{"line":100,"column":0},"end":{"line":100,"column":3}},"100":{"start":{"line":101,"column":0},"end":{"line":101,"column":27}},"101":{"start":{"line":102,"column":0},"end":{"line":102,"column":34}},"102":{"start":{"line":103,"column":0},"end":{"line":103,"column":3}},"103":{"start":{"line":104,"column":0},"end":{"line":104,"column":23}},"104":{"start":{"line":105,"column":0},"end":{"line":105,"column":3}},"107":{"start":{"line":108,"column":0},"end":{"line":108,"column":45}},"108":{"start":{"line":109,"column":0},"end":{"line":109,"column":53}},"109":{"start":{"line":110,"column":0},"end":{"line":110,"column":42}},"110":{"start":{"line":111,"column":0},"end":{"line":111,"column":23}},"111":{"start":{"line":112,"column":0},"end":{"line":112,"column":2}}},"s":{"1":1,"2":1,"3":1,"4":1,"5":1,"6":1,"7":1,"8":1,"9":1,"10":1,"11":1,"12":1,"13":1,"14":1,"15":1,"16":1,"17":1,"18":1,"19":1,"20":1,"21":1,"22":1,"23":1,"24":1,"25":1,"26":1,"27":1,"28":3,"29":3,"30":3,"31":3,"33":3,"34":1,"35":1,"36":2,"37":1,"38":1,"42":1,"62":1,"69":1,"78":1,"80":1,"81":3,"82":3,"83":3,"84":3,"85":1,"87":1,"88":32,"89":32,"90":32,"91":32,"92":32,"93":1,"95":1,"96":32,"97":32,"98":2,"99":2,"100":32,"101":3,"102":3,"103":32,"104":1,"107":1,"108":5,"109":5,"110":5,"111":5},"branchMap":{"0":{"type":"branch","line":79,"loc":{"start":{"line":79,"column":26},"end":{"line":79,"column":68}},"locations":[{"start":{"line":79,"column":26},"end":{"line":79,"column":68}}]},"1":{"type":"branch","line":81,"loc":{"start":{"line":81,"column":30},"end":{"line":86,"column":1}},"locations":[{"start":{"line":81,"column":30},"end":{"line":86,"column":1}}]},"2":{"type":"branch","line":84,"loc":{"start":{"line":84,"column":25},"end":{"line":84,"column":61}},"locations":[{"start":{"line":84,"column":25},"end":{"line":84,"column":61}}]},"3":{"type":"branch","line":84,"loc":{"start":{"line":84,"column":36},"end":{"line":84,"column":64}},"locations":[{"start":{"line":84,"column":36},"end":{"line":84,"column":64}}]},"4":{"type":"branch","line":88,"loc":{"start":{"line":88,"column":33},"end":{"line":94,"column":1}},"locations":[{"start":{"line":88,"column":33},"end":{"line":94,"column":1}}]},"5":{"type":"branch","line":91,"loc":{"start":{"line":91,"column":25},"end":{"line":91,"column":58}},"locations":[{"start":{"line":91,"column":25},"end":{"line":91,"column":58}}]},"6":{"type":"branch","line":91,"loc":{"start":{"line":91,"column":33},"end":{"line":91,"column":61}},"locations":[{"start":{"line":91,"column":33},"end":{"line":91,"column":61}}]},"7":{"type":"branch","line":92,"loc":{"start":{"line":92,"column":25},"end":{"line":92,"column":64}},"locations":[{"start":{"line":92,"column":25},"end":{"line":92,"column":64}}]},"8":{"type":"branch","line":92,"loc":{"start":{"line":92,"column":36},"end":{"line":92,"column":67}},"locations":[{"start":{"line":92,"column":36},"end":{"line":92,"column":67}}]},"9":{"type":"branch","line":96,"loc":{"start":{"line":96,"column":33},"end":{"line":105,"column":1}},"locations":[{"start":{"line":96,"column":33},"end":{"line":105,"column":1}}]},"10":{"type":"branch","line":98,"loc":{"start":{"line":98,"column":12},"end":{"line":98,"column":41}},"locations":[{"start":{"line":98,"column":12},"end":{"line":98,"column":41}}]},"11":{"type":"branch","line":98,"loc":{"start":{"line":98,"column":41},"end":{"line":100,"column":3}},"locations":[{"start":{"line":98,"column":41},"end":{"line":100,"column":3}}]},"12":{"type":"branch","line":101,"loc":{"start":{"line":101,"column":26},"end":{"line":103,"column":3}},"locations":[{"start":{"line":101,"column":26},"end":{"line":103,"column":3}}]},"13":{"type":"branch","line":108,"loc":{"start":{"line":108,"column":20},"end":{"line":112,"column":2}},"locations":[{"start":{"line":108,"column":20},"end":{"line":112,"column":2}}]},"14":{"type":"branch","line":5,"loc":{"start":{"line":5,"column":18},"end":{"line":6,"column":16}},"locations":[{"start":{"line":5,"column":18},"end":{"line":6,"column":16}}]},"15":{"type":"branch","line":6,"loc":{"start":{"line":6,"column":10},"end":{"line":6,"column":16}},"locations":[{"start":{"line":6,"column":10},"end":{"line":6,"column":16}}]},"16":{"type":"branch","line":23,"loc":{"start":{"line":23,"column":11},"end":{"line":23,"column":34}},"locations":[{"start":{"line":23,"column":11},"end":{"line":23,"column":34}}]},"17":{"type":"branch","line":24,"loc":{"start":{"line":24,"column":12},"end":{"line":24,"column":36}},"locations":[{"start":{"line":24,"column":12},"end":{"line":24,"column":36}}]},"18":{"type":"branch","line":25,"loc":{"start":{"line":25,"column":14},"end":{"line":25,"column":40}},"locations":[{"start":{"line":25,"column":14},"end":{"line":25,"column":40}}]},"19":{"type":"branch","line":28,"loc":{"start":{"line":28,"column":12},"end":{"line":34,"column":24}},"locations":[{"start":{"line":28,"column":12},"end":{"line":34,"column":24}}]},"20":{"type":"branch","line":34,"loc":{"start":{"line":34,"column":21},"end":{"line":34,"column":24}},"locations":[{"start":{"line":34,"column":21},"end":{"line":34,"column":24}}]},"21":{"type":"branch","line":36,"loc":{"start":{"line":36,"column":15},"end":{"line":36,"column":43}},"locations":[{"start":{"line":36,"column":15},"end":{"line":36,"column":43}}]},"22":{"type":"branch","line":36,"loc":{"start":{"line":36,"column":28},"end":{"line":37,"column":20}},"locations":[{"start":{"line":36,"column":28},"end":{"line":37,"column":20}}]},"23":{"type":"branch","line":37,"loc":{"start":{"line":37,"column":17},"end":{"line":37,"column":20}},"locations":[{"start":{"line":37,"column":17},"end":{"line":37,"column":20}}]},"24":{"type":"branch","line":23,"loc":{"start":{"line":23,"column":11},"end":{"line":23,"column":34}},"locations":[{"start":{"line":23,"column":11},"end":{"line":23,"column":34}}]},"25":{"type":"branch","line":24,"loc":{"start":{"line":24,"column":12},"end":{"line":24,"column":36}},"locations":[{"start":{"line":24,"column":12},"end":{"line":24,"column":36}}]},"26":{"type":"branch","line":25,"loc":{"start":{"line":25,"column":14},"end":{"line":25,"column":40}},"locations":[{"start":{"line":25,"column":14},"end":{"line":25,"column":40}}]}},"b":{"0":[32],"1":[3],"2":[1],"3":[2],"4":[32],"5":[3],"6":[29],"7":[1],"8":[31],"9":[32],"10":[3],"11":[2],"12":[3],"13":[5],"14":[1],"15":[2],"16":[32],"17":[32],"18":[32],"19":[3],"20":[31],"21":[3],"22":[2],"23":[32],"24":[1],"25":[1],"26":[1]},"fnMap":{"0":{"name":"handleInput","decl":{"start":{"line":108,"column":20},"end":{"line":112,"column":2}},"loc":{"start":{"line":108,"column":20},"end":{"line":112,"column":2}},"line":108},"1":{"name":"onBlur._cache.<computed>._cache.<computed>","decl":{"start":{"line":23,"column":11},"end":{"line":23,"column":34}},"loc":{"start":{"line":23,"column":11},"end":{"line":23,"column":34}},"line":23},"2":{"name":"onFocus._cache.<computed>._cache.<computed>","decl":{"start":{"line":24,"column":12},"end":{"line":24,"column":36}},"loc":{"start":{"line":24,"column":12},"end":{"line":24,"column":36}},"line":24},"3":{"name":"onKeydown._cache.<computed>._cache.<computed>","decl":{"start":{"line":25,"column":14},"end":{"line":25,"column":40}},"loc":{"start":{"line":25,"column":14},"end":{"line":25,"column":40}},"line":25}},"f":{"0":5,"1":1,"2":1,"3":1}}
,"/Users/andrew/pets/speech-teleprompter/src/components/specific/AppFooter.vue": {"path":"/Users/andrew/pets/speech-teleprompter/src/components/specific/AppFooter.vue","all":false,"statementMap":{"1":{"start":{"line":2,"column":0},"end":{"line":2,"column":9}},"2":{"start":{"line":3,"column":0},"end":{"line":3,"column":22}},"3":{"start":{"line":4,"column":0},"end":{"line":4,"column":22}},"4":{"start":{"line":5,"column":0},"end":{"line":5,"column":62}},"6":{"start":{"line":7,"column":0},"end":{"line":7,"column":32}},"7":{"start":{"line":8,"column":0},"end":{"line":8,"column":72}},"8":{"start":{"line":9,"column":0},"end":{"line":9,"column":57}},"9":{"start":{"line":10,"column":0},"end":{"line":10,"column":11}},"12":{"start":{"line":13,"column":0},"end":{"line":13,"column":12}},"13":{"start":{"line":14,"column":0},"end":{"line":14,"column":16}},"15":{"start":{"line":16,"column":0},"end":{"line":16,"column":69}},"16":{"start":{"line":17,"column":0},"end":{"line":17,"column":41}},"17":{"start":{"line":18,"column":0},"end":{"line":18,"column":12}},"18":{"start":{"line":19,"column":0},"end":{"line":19,"column":30}},"19":{"start":{"line":20,"column":0},"end":{"line":20,"column":57}},"21":{"start":{"line":22,"column":0},"end":{"line":22,"column":19}},"22":{"start":{"line":23,"column":0},"end":{"line":23,"column":65}},"23":{"start":{"line":24,"column":0},"end":{"line":24,"column":27}},"24":{"start":{"line":25,"column":0},"end":{"line":25,"column":37}},"25":{"start":{"line":26,"column":0},"end":{"line":26,"column":28}},"26":{"start":{"line":27,"column":0},"end":{"line":27,"column":21}},"27":{"start":{"line":28,"column":0},"end":{"line":28,"column":68}},"28":{"start":{"line":29,"column":0},"end":{"line":29,"column":11}},"30":{"start":{"line":31,"column":0},"end":{"line":31,"column":21}},"31":{"start":{"line":32,"column":0},"end":{"line":32,"column":19}},"32":{"start":{"line":33,"column":0},"end":{"line":33,"column":51}},"33":{"start":{"line":34,"column":0},"end":{"line":34,"column":27}},"34":{"start":{"line":35,"column":0},"end":{"line":35,"column":37}},"35":{"start":{"line":36,"column":0},"end":{"line":36,"column":28}},"36":{"start":{"line":37,"column":0},"end":{"line":37,"column":21}},"37":{"start":{"line":38,"column":0},"end":{"line":38,"column":66}},"38":{"start":{"line":39,"column":0},"end":{"line":39,"column":11}},"40":{"start":{"line":41,"column":0},"end":{"line":41,"column":21}},"41":{"start":{"line":42,"column":0},"end":{"line":42,"column":14}},"42":{"start":{"line":43,"column":0},"end":{"line":43,"column":16}},"44":{"start":{"line":45,"column":0},"end":{"line":45,"column":68}},"45":{"start":{"line":46,"column":0},"end":{"line":46,"column":45}},"46":{"start":{"line":47,"column":0},"end":{"line":47,"column":17}},"47":{"start":{"line":48,"column":0},"end":{"line":48,"column":74}},"48":{"start":{"line":49,"column":0},"end":{"line":49,"column":25}},"49":{"start":{"line":50,"column":0},"end":{"line":50,"column":35}},"50":{"start":{"line":51,"column":0},"end":{"line":51,"column":26}},"51":{"start":{"line":52,"column":0},"end":{"line":52,"column":19}},"52":{"start":{"line":53,"column":0},"end":{"line":53,"column":69}},"53":{"start":{"line":54,"column":0},"end":{"line":54,"column":9}},"55":{"start":{"line":56,"column":0},"end":{"line":56,"column":19}},"56":{"start":{"line":57,"column":0},"end":{"line":57,"column":16}},"57":{"start":{"line":58,"column":0},"end":{"line":58,"column":10}},"59":{"start":{"line":60,"column":0},"end":{"line":60,"column":50}},"60":{"start":{"line":61,"column":0},"end":{"line":61,"column":9}},"63":{"start":{"line":64,"column":0},"end":{"line":64,"column":10}},"64":{"start":{"line":65,"column":0},"end":{"line":65,"column":10}},"65":{"start":{"line":66,"column":0},"end":{"line":66,"column":11}},"69":{"start":{"line":70,"column":0},"end":{"line":70,"column":54}}},"s":{"1":1,"2":1,"3":1,"4":1,"6":1,"7":1,"8":1,"9":1,"12":1,"13":1,"15":1,"16":1,"17":1,"18":1,"19":1,"21":1,"22":1,"23":1,"24":1,"25":1,"26":1,"27":1,"28":1,"30":9,"31":1,"32":1,"33":1,"34":1,"35":1,"36":1,"37":1,"38":1,"40":9,"41":1,"42":1,"44":1,"45":1,"46":1,"47":1,"48":1,"49":1,"50":1,"51":1,"52":1,"53":1,"55":9,"56":1,"57":1,"59":1,"60":1,"63":1,"64":1,"65":1,"69":1},"branchMap":{"0":{"type":"branch","line":30,"loc":{"start":{"line":30,"column":-1},"end":{"line":31,"column":21}},"locations":[{"start":{"line":30,"column":-1},"end":{"line":31,"column":21}}]},"1":{"type":"branch","line":40,"loc":{"start":{"line":40,"column":-1},"end":{"line":41,"column":21}},"locations":[{"start":{"line":40,"column":-1},"end":{"line":41,"column":21}}]},"2":{"type":"branch","line":55,"loc":{"start":{"line":55,"column":-1},"end":{"line":56,"column":19}},"locations":[{"start":{"line":55,"column":-1},"end":{"line":56,"column":19}}]}},"b":{"0":[1],"1":[1],"2":[1]},"fnMap":{},"f":{}}
,"/Users/andrew/pets/speech-teleprompter/src/components/specific/AttachmentDisplay.vue": {"path":"/Users/andrew/pets/speech-teleprompter/src/components/specific/AttachmentDisplay.vue","all":false,"statementMap":{"1":{"start":{"line":2,"column":0},"end":{"line":2,"column":89}},"2":{"start":{"line":3,"column":0},"end":{"line":3,"column":67}},"3":{"start":{"line":4,"column":0},"end":{"line":4,"column":34}},"4":{"start":{"line":5,"column":0},"end":{"line":5,"column":10}},"5":{"start":{"line":6,"column":0},"end":{"line":6,"column":86}},"6":{"start":{"line":7,"column":0},"end":{"line":7,"column":8}},"10":{"start":{"line":11,"column":0},"end":{"line":11,"column":30}},"18":{"start":{"line":19,"column":0},"end":{"line":19,"column":50}},"24":{"start":{"line":25,"column":0},"end":{"line":25,"column":41}},"25":{"start":{"line":26,"column":0},"end":{"line":26,"column":34}},"26":{"start":{"line":27,"column":0},"end":{"line":27,"column":3}},"28":{"start":{"line":29,"column":0},"end":{"line":29,"column":36}},"29":{"start":{"line":30,"column":0},"end":{"line":30,"column":52}},"30":{"start":{"line":31,"column":0},"end":{"line":31,"column":3}}},"s":{"1":1,"2":1,"3":1,"4":1,"5":1,"6":1,"10":1,"18":1,"24":1,"25":10,"26":1,"28":1,"29":10,"30":1},"branchMap":{"0":{"type":"branch","line":25,"loc":{"start":{"line":25,"column":33},"end":{"line":27,"column":2}},"locations":[{"start":{"line":25,"column":33},"end":{"line":27,"column":2}}]},"1":{"type":"branch","line":29,"loc":{"start":{"line":29,"column":28},"end":{"line":31,"column":2}},"locations":[{"start":{"line":29,"column":28},"end":{"line":31,"column":2}}]}},"b":{"0":[10],"1":[10]},"fnMap":{},"f":{}}
,"/Users/andrew/pets/speech-teleprompter/src/components/specific/DebugLog.vue": {"path":"/Users/andrew/pets/speech-teleprompter/src/components/specific/DebugLog.vue","all":false,"statementMap":{"1":{"start":{"line":2,"column":0},"end":{"line":2,"column":35}},"2":{"start":{"line":3,"column":0},"end":{"line":3,"column":34}},"3":{"start":{"line":4,"column":0},"end":{"line":4,"column":27}},"4":{"start":{"line":5,"column":0},"end":{"line":5,"column":10}},"6":{"start":{"line":7,"column":0},"end":{"line":7,"column":35}},"7":{"start":{"line":8,"column":0},"end":{"line":8,"column":33}},"8":{"start":{"line":9,"column":0},"end":{"line":9,"column":38}},"9":{"start":{"line":10,"column":0},"end":{"line":10,"column":36}},"10":{"start":{"line":11,"column":0},"end":{"line":11,"column":34}},"11":{"start":{"line":12,"column":0},"end":{"line":12,"column":35}},"12":{"start":{"line":13,"column":0},"end":{"line":13,"column":40}},"13":{"start":{"line":14,"column":0},"end":{"line":14,"column":20}},"14":{"start":{"line":15,"column":0},"end":{"line":15,"column":28}},"15":{"start":{"line":16,"column":0},"end":{"line":16,"column":31}},"16":{"start":{"line":17,"column":0},"end":{"line":17,"column":27}},"17":{"start":{"line":18,"column":0},"end":{"line":18,"column":50}},"18":{"start":{"line":19,"column":0},"end":{"line":19,"column":53}},"19":{"start":{"line":20,"column":0},"end":{"line":20,"column":16}},"20":{"start":{"line":21,"column":0},"end":{"line":21,"column":30}},"21":{"start":{"line":22,"column":0},"end":{"line":22,"column":20}},"22":{"start":{"line":23,"column":0},"end":{"line":23,"column":40}},"23":{"start":{"line":24,"column":0},"end":{"line":24,"column":20}},"24":{"start":{"line":25,"column":0},"end":{"line":25,"column":28}},"25":{"start":{"line":26,"column":0},"end":{"line":26,"column":31}},"26":{"start":{"line":27,"column":0},"end":{"line":27,"column":29}},"27":{"start":{"line":28,"column":0},"end":{"line":28,"column":52}},"28":{"start":{"line":29,"column":0},"end":{"line":29,"column":55}},"29":{"start":{"line":30,"column":0},"end":{"line":30,"column":16}},"30":{"start":{"line":31,"column":0},"end":{"line":31,"column":32}},"31":{"start":{"line":32,"column":0},"end":{"line":32,"column":20}},"32":{"start":{"line":33,"column":0},"end":{"line":33,"column":40}},"33":{"start":{"line":34,"column":0},"end":{"line":34,"column":20}},"34":{"start":{"line":35,"column":0},"end":{"line":35,"column":28}},"35":{"start":{"line":36,"column":0},"end":{"line":36,"column":31}},"36":{"start":{"line":37,"column":0},"end":{"line":37,"column":28}},"37":{"start":{"line":38,"column":0},"end":{"line":38,"column":51}},"38":{"start":{"line":39,"column":0},"end":{"line":39,"column":54}},"39":{"start":{"line":40,"column":0},"end":{"line":40,"column":16}},"40":{"start":{"line":41,"column":0},"end":{"line":41,"column":31}},"41":{"start":{"line":42,"column":0},"end":{"line":42,"column":20}},"42":{"start":{"line":43,"column":0},"end":{"line":43,"column":40}},"43":{"start":{"line":44,"column":0},"end":{"line":44,"column":20}},"44":{"start":{"line":45,"column":0},"end":{"line":45,"column":28}},"45":{"start":{"line":46,"column":0},"end":{"line":46,"column":31}},"46":{"start":{"line":47,"column":0},"end":{"line":47,"column":29}},"47":{"start":{"line":48,"column":0},"end":{"line":48,"column":52}},"48":{"start":{"line":49,"column":0},"end":{"line":49,"column":55}},"49":{"start":{"line":50,"column":0},"end":{"line":50,"column":16}},"50":{"start":{"line":51,"column":0},"end":{"line":51,"column":32}},"51":{"start":{"line":52,"column":0},"end":{"line":52,"column":20}},"52":{"start":{"line":53,"column":0},"end":{"line":53,"column":16}},"53":{"start":{"line":54,"column":0},"end":{"line":54,"column":14}},"54":{"start":{"line":55,"column":0},"end":{"line":55,"column":12}},"56":{"start":{"line":57,"column":0},"end":{"line":57,"column":30}},"57":{"start":{"line":58,"column":0},"end":{"line":58,"column":11}},"58":{"start":{"line":59,"column":0},"end":{"line":59,"column":70}},"60":{"start":{"line":61,"column":0},"end":{"line":61,"column":12}},"61":{"start":{"line":62,"column":0},"end":{"line":62,"column":12}},"62":{"start":{"line":63,"column":0},"end":{"line":63,"column":10}},"63":{"start":{"line":64,"column":0},"end":{"line":64,"column":8}},"67":{"start":{"line":68,"column":0},"end":{"line":68,"column":32}},"74":{"start":{"line":75,"column":0},"end":{"line":75,"column":50}},"78":{"start":{"line":79,"column":0},"end":{"line":79,"column":26}},"83":{"start":{"line":84,"column":0},"end":{"line":84,"column":41}},"86":{"start":{"line":87,"column":0},"end":{"line":87,"column":57}},"87":{"start":{"line":88,"column":0},"end":{"line":88,"column":29}},"88":{"start":{"line":89,"column":0},"end":{"line":89,"column":32}},"89":{"start":{"line":90,"column":0},"end":{"line":90,"column":1}},"92":{"start":{"line":93,"column":0},"end":{"line":93,"column":6}},"93":{"start":{"line":94,"column":0},"end":{"line":94,"column":23}},"94":{"start":{"line":95,"column":0},"end":{"line":95,"column":17}},"95":{"start":{"line":96,"column":0},"end":{"line":96,"column":34}},"96":{"start":{"line":97,"column":0},"end":{"line":97,"column":4}},"97":{"start":{"line":98,"column":0},"end":{"line":98,"column":1}}},"s":{"1":1,"2":1,"3":1,"4":1,"6":1,"7":1,"8":1,"9":1,"10":1,"11":1,"12":1,"13":1,"14":1,"15":1,"16":1,"17":1,"18":1,"19":1,"20":1,"21":1,"22":1,"23":1,"24":1,"25":1,"26":1,"27":1,"28":1,"29":1,"30":1,"31":1,"32":1,"33":1,"34":1,"35":1,"36":1,"37":1,"38":1,"39":1,"40":1,"41":1,"42":1,"43":1,"44":1,"45":1,"46":1,"47":1,"48":1,"49":1,"50":1,"51":1,"52":1,"53":1,"54":1,"56":1,"57":1,"58":1,"60":1,"61":1,"62":1,"63":1,"67":1,"74":1,"78":1,"83":1,"86":1,"87":5,"88":5,"89":5,"92":1,"93":1,"94":1,"95":1,"96":1,"97":1},"branchMap":{"0":{"type":"branch","line":87,"loc":{"start":{"line":87,"column":29},"end":{"line":90,"column":1}},"locations":[{"start":{"line":87,"column":29},"end":{"line":90,"column":1}}]},"1":{"type":"branch","line":94,"loc":{"start":{"line":94,"column":2},"end":{"line":94,"column":23}},"locations":[{"start":{"line":94,"column":2},"end":{"line":94,"column":23}}]},"2":{"type":"branch","line":95,"loc":{"start":{"line":95,"column":2},"end":{"line":97,"column":4}},"locations":[{"start":{"line":95,"column":2},"end":{"line":97,"column":4}}]},"3":{"type":"branch","line":19,"loc":{"start":{"line":19,"column":23},"end":{"line":19,"column":53}},"locations":[{"start":{"line":19,"column":23},"end":{"line":19,"column":53}}]},"4":{"type":"branch","line":21,"loc":{"start":{"line":21,"column":14},"end":{"line":21,"column":30}},"locations":[{"start":{"line":21,"column":14},"end":{"line":21,"column":30}}]},"5":{"type":"branch","line":29,"loc":{"start":{"line":29,"column":23},"end":{"line":29,"column":55}},"locations":[{"start":{"line":29,"column":23},"end":{"line":29,"column":55}}]},"6":{"type":"branch","line":31,"loc":{"start":{"line":31,"column":14},"end":{"line":31,"column":32}},"locations":[{"start":{"line":31,"column":14},"end":{"line":31,"column":32}}]},"7":{"type":"branch","line":39,"loc":{"start":{"line":39,"column":23},"end":{"line":39,"column":54}},"locations":[{"start":{"line":39,"column":23},"end":{"line":39,"column":54}}]},"8":{"type":"branch","line":41,"loc":{"start":{"line":41,"column":14},"end":{"line":41,"column":31}},"locations":[{"start":{"line":41,"column":14},"end":{"line":41,"column":31}}]},"9":{"type":"branch","line":49,"loc":{"start":{"line":49,"column":23},"end":{"line":49,"column":55}},"locations":[{"start":{"line":49,"column":23},"end":{"line":49,"column":55}}]},"10":{"type":"branch","line":51,"loc":{"start":{"line":51,"column":14},"end":{"line":51,"column":32}},"locations":[{"start":{"line":51,"column":14},"end":{"line":51,"column":32}}]},"11":{"type":"branch","line":19,"loc":{"start":{"line":19,"column":23},"end":{"line":19,"column":53}},"locations":[{"start":{"line":19,"column":23},"end":{"line":19,"column":53}}]},"12":{"type":"branch","line":29,"loc":{"start":{"line":29,"column":23},"end":{"line":29,"column":55}},"locations":[{"start":{"line":29,"column":23},"end":{"line":29,"column":55}}]},"13":{"type":"branch","line":39,"loc":{"start":{"line":39,"column":23},"end":{"line":39,"column":54}},"locations":[{"start":{"line":39,"column":23},"end":{"line":39,"column":54}}]},"14":{"type":"branch","line":49,"loc":{"start":{"line":49,"column":23},"end":{"line":49,"column":55}},"locations":[{"start":{"line":49,"column":23},"end":{"line":49,"column":55}}]}},"b":{"0":[5],"1":[12],"2":[1],"3":[11],"4":[11],"5":[11],"6":[11],"7":[11],"8":[11],"9":[11],"10":[11],"11":[1],"12":[1],"13":[1],"14":[2]},"fnMap":{"0":{"name":"handleLogLevelChange","decl":{"start":{"line":87,"column":29},"end":{"line":90,"column":1}},"loc":{"start":{"line":87,"column":29},"end":{"line":90,"column":1}},"line":87},"1":{"name":"localLogLevel.value","decl":{"start":{"line":94,"column":2},"end":{"line
[...]
28,"column":0},"end":{"line":828,"column":72}},"828":{"start":{"line":829,"column":0},"end":{"line":829,"column":44}},"829":{"start":{"line":830,"column":0},"end":{"line":830,"column":13}},"830":{"start":{"line":831,"column":0},"end":{"line":831,"column":19}},"831":{"start":{"line":832,"column":0},"end":{"line":832,"column":41}},"832":{"start":{"line":833,"column":0},"end":{"line":833,"column":32}},"833":{"start":{"line":834,"column":0},"end":{"line":834,"column":22}},"834":{"start":{"line":835,"column":0},"end":{"line":835,"column":65}},"835":{"start":{"line":836,"column":0},"end":{"line":836,"column":8}},"836":{"start":{"line":837,"column":0},"end":{"line":837,"column":71}},"837":{"start":{"line":838,"column":0},"end":{"line":838,"column":71}},"839":{"start":{"line":840,"column":0},"end":{"line":840,"column":23}},"840":{"start":{"line":841,"column":0},"end":{"line":841,"column":97}},"841":{"start":{"line":842,"column":0},"end":{"line":842,"column":8}},"842":{"start":{"line":843,"column":0},"end":{"line":843,"column":66}},"844":{"start":{"line":845,"column":0},"end":{"line":845,"column":80}},"845":{"start":{"line":846,"column":0},"end":{"line":846,"column":5}},"846":{"start":{"line":847,"column":0},"end":{"line":847,"column":3}},"847":{"start":{"line":848,"column":0},"end":{"line":848,"column":2}},"850":{"start":{"line":851,"column":0},"end":{"line":851,"column":54}},"851":{"start":{"line":852,"column":0},"end":{"line":852,"column":45}},"854":{"start":{"line":855,"column":0},"end":{"line":855,"column":55}},"855":{"start":{"line":856,"column":0},"end":{"line":856,"column":31}},"856":{"start":{"line":857,"column":0},"end":{"line":857,"column":52}},"857":{"start":{"line":858,"column":0},"end":{"line":858,"column":8}},"858":{"start":{"line":859,"column":0},"end":{"line":859,"column":6}},"860":{"start":{"line":861,"column":0},"end":{"line":861,"column":20}},"861":{"start":{"line":862,"column":0},"end":{"line":862,"column":71}},"862":{"start":{"line":863,"column":0},"end":{"line":863,"column":6}},"865":{"start":{"line":866,"column":0},"end":{"line":866,"column":54}},"868":{"start":{"line":869,"column":0},"end":{"line":869,"column":43}},"871":{"start":{"line":872,"column":0},"end":{"line":872,"column":36}},"872":{"start":{"line":873,"column":0},"end":{"line":873,"column":16}},"875":{"start":{"line":876,"column":0},"end":{"line":876,"column":20}},"876":{"start":{"line":877,"column":0},"end":{"line":877,"column":19}},"877":{"start":{"line":878,"column":0},"end":{"line":878,"column":7}},"878":{"start":{"line":879,"column":0},"end":{"line":879,"column":3}},"879":{"start":{"line":880,"column":0},"end":{"line":880,"column":2}},"882":{"start":{"line":883,"column":0},"end":{"line":883,"column":49}},"883":{"start":{"line":884,"column":0},"end":{"line":884,"column":43}},"885":{"start":{"line":886,"column":0},"end":{"line":886,"column":40}},"887":{"start":{"line":888,"column":0},"end":{"line":888,"column":29}},"888":{"start":{"line":889,"column":0},"end":{"line":889,"column":43}},"889":{"start":{"line":890,"column":0},"end":{"line":890,"column":34}},"891":{"start":{"line":892,"column":0},"end":{"line":892,"column":41}},"892":{"start":{"line":893,"column":0},"end":{"line":893,"column":3}},"894":{"start":{"line":895,"column":0},"end":{"line":895,"column":27}},"895":{"start":{"line":896,"column":0},"end":{"line":896,"column":2}}},"s":{"1":1,"2":1,"4":1,"5":1,"28":1,"30":1,"31":1,"32":1,"33":1,"34":1,"35":1,"36":1,"37":1,"38":1,"39":1,"40":1,"41":1,"42":1,"43":1,"45":1,"46":1,"48":1,"49":1,"50":1,"51":1,"52":1,"53":1,"57":1,"58":1,"60":1,"61":1,"62":1,"63":1,"64":1,"65":1,"66":1,"67":1,"69":1,"70":1,"72":1,"73":1,"74":1,"75":1,"76":1,"77":1,"78":1,"79":1,"80":1,"81":1,"82":1,"83":1,"84":1,"85":1,"86":1,"87":1,"88":1,"89":1,"90":1,"91":1,"92":1,"93":1,"94":1,"95":1,"96":1,"97":1,"98":1,"99":1,"100":1,"101":1,"102":1,"103":1,"104":1,"105":1,"106":1,"107":1,"108":1,"110":1,"111":1,"112":1,"113":1,"115":1,"116":1,"117":1,"118":1,"119":1,"121":1,"122":1,"123":1,"125":1,"126":1,"127":1,"128":1,"130":1,"131":1,"132":1,"133":1,"135":1,"136":1,"137":1,"140":1,"141":1,"143":1,"144":1,"145":1,"146":1,"147":1,"148":1,"149":1,"150":1,"151":1,"153":1,"154":1,"155":1,"156":1,"157":1,"158":1,"159":1,"160":1,"161":1,"162":0,"163":1,"165":1,"166":1,"167":1,"168":1,"170":1,"171":1,"172":1,"173":1,"174":1,"175":1,"176":1,"177":1,"179":1,"180":1,"181":1,"183":1,"184":1,"185":1,"186":1,"187":1,"188":1,"189":1,"190":1,"192":1,"193":1,"194":1,"195":1,"196":1,"197":1,"198":1,"199":1,"200":1,"201":1,"203":1,"204":1,"205":1,"206":1,"208":1,"209":1,"210":1,"211":1,"212":1,"213":1,"214":1,"215":1,"216":1,"218":1,"219":1,"221":1,"222":1,"223":1,"225":1,"226":1,"227":1,"228":1,"229":1,"230":1,"231":1,"232":1,"233":1,"234":1,"235":0,"236":1,"237":1,"238":1,"239":1,"240":1,"241":1,"242":1,"243":1,"244":0,"245":1,"246":1,"247":1,"248":1,"249":1,"250":1,"251":1,"252":1,"253":0,"254":1,"255":1,"256":1,"257":1,"258":1,"259":1,"260":1,"261":1,"262":0,"263":1,"264":1,"265":1,"266":1,"267":1,"268":1,"270":1,"271":1,"273":1,"274":1,"275":1,"276":1,"280":1,"281":1,"284":1,"287":1,"288":1,"289":1,"290":1,"291":1,"292":1,"293":1,"294":1,"297":1,"298":1,"299":1,"300":1,"301":1,"302":1,"303":1,"304":1,"305":1,"306":1,"307":1,"308":1,"310":1,"311":1,"312":0,"314":0,"315":0,"316":0,"317":1,"319":1,"320":1,"321":0,"323":0,"324":0,"326":0,"327":0,"328":0,"330":0,"331":0,"332":0,"333":0,"334":0,"335":1,"336":0,"337":0,"338":1,"340":1,"341":1,"342":0,"343":0,"344":0,"345":0,"346":0,"347":0,"348":1,"349":1,"350":1,"351":1,"352":1,"353":1,"355":1,"356":1,"357":0,"358":0,"359":0,"360":1,"361":0,"362":0,"364":0,"365":0,"366":0,"367":0,"368":1,"371":1,"372":1,"373":1,"374":1,"375":1,"378":1,"381":1,"382":1,"383":1,"384":1,"387":1,"389":0,"390":0,"391":0,"392":0,"393":0,"396":0,"397":0,"398":0,"399":0,"402":0,"403":0,"406":1,"408":11,"409":11,"410":0,"411":0,"414":11,"415":11,"418":1,"420":11,"421":11,"422":0,"423":0,"424":0,"425":0,"426":0,"429":11,"430":11,"433":11,"434":11,"437":11,"438":11,"441":11,"442":11,"444":11,"445":132,"446":132,"447":132,"450":132,"451":0,"452":0,"453":0,"454":0,"455":132,"457":11,"459":11,"460":11,"462":11,"463":11,"464":11,"465":11,"468":1,"469":0,"470":0,"473":0,"474":0,"475":0,"476":0,"477":0,"478":0,"479":0,"480":0,"481":0,"482":0,"485":0,"486":0,"487":0,"488":0,"489":0,"490":0,"491":0,"493":0,"494":0,"495":0,"498":0,"499":0,"502":0,"503":0,"506":0,"507":0,"508":0,"509":0,"511":0,"512":0,"513":0,"517":0,"519":0,"521":0,"522":0,"523":0,"526":0,"529":0,"530":0,"531":0,"532":0,"534":0,"535":0,"536":0,"538":0,"539":0,"540":0,"543":0,"545":0,"546":0,"547":0,"549":0,"550":0,"551":0,"552":0,"553":0,"554":0,"555":0,"556":0,"558":0,"559":0,"560":0,"561":0,"562":0,"563":0,"564":0,"567":1,"568":1,"569":1,"570":1,"571":1,"572":1,"573":1,"574":1,"575":1,"576":1,"577":11,"578":1,"579":1,"582":1,"583":11,"584":11,"585":11,"586":11,"587":11,"588":11,"589":1,"592":1,"593":11,"594":11,"595":11,"596":11,"597":11,"598":11,"599":11,"600":11,"601":11,"604":11,"605":11,"606":11,"607":0,"608":11,"609":0,"610":0,"611":0,"614":11,"615":11,"616":11,"619":11,"620":0,"621":0,"623":11,"624":0,"625":0,"627":11,"628":11,"631":11,"632":0,"633":0,"634":0,"635":0,"636":0,"637":0,"638":1,"641":1,"642":1,"643":11,"644":11,"645":11,"646":11,"647":11,"648":11,"649":1,"650":0,"652":0,"653":0,"654":0,"655":0,"656":1,"657":1,"660":1,"661":0,"662":0,"663":1,"666":1,"667":0,"668":0,"669":0,"670":0,"671":0,"673":0,"674":0,"676":1,"677":0,"678":0,"679":0,"680":0,"681":0,"684":0,"687":0,"688":0,"691":0,"692":0,"693":0,"694":0,"695":0,"696":0,"697":0,"700":0,"701":0,"703":0,"704":0,"707":1,"708":0,"709":0,"710":0,"712":0,"714":0,"715":0,"717":0,"718":0,"720":0,"721":0,"724":0,"725":0,"726":0,"727":0,"728":0,"731":1,"732":0,"733":0,"734":0,"735":0,"736":0,"738":1,"739":0,"740":0,"742":0,"743":0,"744":0,"747":1,"748":0,"749":0,"752":0,"753":0,"756":0,"757":0,"758":0,"761":0,"762":0,"763":0,"764":0,"765":0,"767":1,"768":0,"769":0,"772":0,"773":0,"774":0,"775":0,"776":0,"777":0,"780":0,"781":0,"782":0,"784":0,"785":0,"787":1,"788":0,"789":0,"790":0,"793":0,"794":0,"795":0,"796":0,"799":1,"801":0,"802":0,"803":0,"804":0,"805":0,"806":0,"807":0,"808":0,"811":0,"812":0,"813":0,"815":0,"816":0,"817":0,"818":0,"819":0,"820":0,"821":0,"823":1,"824":0,"827":0,"828":0,"829":0,"830":0,"831":0,"832":0,"833":0,"834":0,"835":0,"836":0,"837":0,"839":0,"840":0,"841":0,"842":0,"844":0,"845":0,"846":0,"847":0,"850":1,"851":0,"854":0,"855":0,"856":0,"857":0,"858":0,"860":0,"861":0,"862":0,"865":0,"868":0,"871":0,"872":0,"875":0,"876":0,"877":0,"878":0,"879":0,"882":1,"883":143,"885":143,"887":143,"888":11,"889":143,"891":0,"892":0,"894":143,"895":143},"branchMap":{"0":{"type":"branch","line":407,"loc":{"start":{"line":407,"column":39},"end":{"line":416,"column":2}},"locations":[{"start":{"line":407,"column":39},"end":{"line":416,"column":2}}]},"1":{"type":"branch","line":410,"loc":{"start":{"line":410,"column":15},"end":{"line":412,"column":3}},"locations":[{"start":{"line":410,"column":15},"end":{"line":412,"column":3}}]},"2":{"type":"branch","line":419,"loc":{"start":{"line":419,"column":35},"end":{"line":466,"column":2}},"locations":[{"start":{"line":419,"column":35},"end":{"line":466,"column":2}}]},"3":{"type":"branch","line":422,"loc":{"start":{"line":422,"column":32},"end":{"line":427,"column":3}},"locations":[{"start":{"line":422,"column":32},"end":{"line":427,"column":3}}]},"4":{"type":"branch","line":431,"loc":{"start":{"line":431,"column":25},"end":{"line":431,"column":32}},"locations":[{"start":{"line":431,"column":25},"end":{"line":431,"column":32}}]},"5":{"type":"branch","line":445,"loc":{"start":{"line":445,"column":44},"end":{"line":456,"column":3}},"locations":[{"start":{"line":445,"column":44},"end":{"line":456,"column":3}}]},"6":{"type":"branch","line":451,"loc":{"start":{"line":451,"column":28},"end":{"line":455,"column":5}},"locations":[{"start":{"line":451,"column":28},"end":{"line":455,"column":5}}]},"7":{"type":"branch","line":464,"loc":{"start":{"line":464,"column":83},"end":{"line":464,"column":94}},"locations":[{"start":{"line":464,"column":83},"end":{"line":464,"column":94}}]},"8":{"type":"branch","line":464,"loc":{"start":{"line":464,"column":137},"end":{"line":464,"column":148}},"locations":[{"start":{"line":464,"column":137},"end":{"line":464,"column":148}}]},"9":{"type":"branch","line":568,"loc":{"start":{"line":568,"column":36},"end":{"line":568,"column":61}},"locations":[{"start":{"line":568,"column":36},"end":{"line":568,"column":61}}]},"10":{"type":"branch","line":570,"loc":{"start":{"line":570,"column":2},"end":{"line":570,"column":78}},"locations":[{"start":{"line":570,"column":2},"end":{"line":570,"column":78}}]},"11":{"type":"branch","line":572,"loc":{"start":{"line":572,"column":36},"end":{"line":572,"column":76}},"locations":[{"start":{"line":572,"column":36},"end":{"line":572,"column":76}}]},"12":{"type":"branch","line":573,"loc":{"start":{"line":573,"column":28},"end":{"line":573,"column":70}},"locations":[{"start":{"line":573,"column":28},"end":{"line":573,"column":70}}]},"13":{"type":"branch","line":575,"loc":{"start":{"line":575,"column":2},"end":{"line":575,"column":49}},"locations":[{"start":{"line":575,"column":2},"end":{"line":575,"column":49}}]},"14":{"type":"branch","line":577,"loc":{"start":{"line":577,"column":26},"end":{"line":579,"column":2}},"locations":[{"start":{"line":577,"column":26},"end":{"line":579,"column":2}}]},"15":{"type":"branch","line":580,"loc":{"start":{"line":580,"column":35},"end":{"line":580,"column":76}},"locations":[{"start":{"line":580,"column":35},"end":{"line":580,"column":76}}]},"16":{"type":"branch","line":583,"loc":{"start":{"line":583,"column":43},"end":{"line":590,"column":1}},"locations":[{"start":{"line":583,"column":43},"end":{"line":590,"column":1}}]},"17":{"type":"branch","line":593,"loc":{"start":{"line":593,"column":10},"end":{"line":639,"column":1}},"locations":[{"start":{"line":593,"column":10},"end":{"line":639,"column":1}}]},"18":{"type":"branch","line":607,"loc":{"start":{"line":607,"column":4},"end":{"line":608,"column":61}},"locations":[{"start":{"line":607,"column":4},"end":{"line":608,"column":61}}]},"19":{"type":"branch","line":609,"loc":{"start":{"line":609,"column":4},"end":{"line":612,"column":3}},"locations":[{"start":{"line":609,"column":4},"end":{"line":612,"column":3}}]},"20":{"type":"branch","line":615,"loc":{"start":{"line":615,"column":11},"end":{"line":617,"column":3}},"locations":[{"start":{"line":615,"column":11},"end":{"line":617,"column":3}}]},"21":{"type":"branch","line":643,"loc":{"start":{"line":643,"column":2},"end":{"line":649,"column":5}},"locations":[{"start":{"line":643,"column":2},"end":{"line":649,"column":5}}]},"22":{"type":"branch","line":883,"loc":{"start":{"line":883,"column":21},"end":{"line":896,"column":2}},"locations":[{"start":{"line":883,"column":21},"end":{"line":896,"column":2}}]},"23":{"type":"branch","line":888,"loc":{"start":{"line":888,"column":28},"end":{"line":890,"column":13}},"locations":[{"start":{"line":888,"column":28},"end":{"line":890,"column":13}}]},"24":{"type":"branch","line":890,"loc":{"start":{"line":890,"column":2},"end":{"line":893,"column":3}},"locations":[{"start":{"line":890,"column":2},"end":{"line":893,"column":3}}]},"25":{"type":"branch","line":890,"loc":{"start":{"line":890,"column":33},"end":{"line":893,"column":3}},"locations":[{"start":{"line":890,"column":33},"end":{"line":893,"column":3}}]},"26":{"type":"branch","line":61,"loc":{"start":{"line":61,"column":19},"end":{"line":61,"column":52}},"locations":[{"start":{"line":61,"column":19},"end":{"line":61,"column":52}}]}},"b":{"0":[11],"1":[0],"2":[11],"3":[0],"4":[0],"5":[132],"6":[0],"7":[0],"8":[0],"9":[11],"10":[11],"11":[11],"12":[11],"13":[11],"14":[11],"15":[11],"16":[11],"17":[11],"18":[0],"19":[0],"20":[11],"21":[11],"22":[143],"23":[11],"24":[132],"25":[0],"26":[0]},"fnMap":{"0":{"name":"onSave","decl":{"start":{"line":312,"column":10},"end":{"line":317,"column":4}},"loc":{"start":{"line":312,"column":10},"end":{"line":317,"column":4}},"line":312},"1":{"name":"onPositionChange","decl":{"start":{"line":321,"column":20},"end":{"line":335,"column":4}},"loc":{"start":{"line":321,"column":20},"end":{"line":335,"column":4}},"line":321},"2":{"name":"onProgressChange","decl":{"start":{"line":336,"column":20},"end":{"line":338,"column":4}},"loc":{"start":{"line":336,"column":20},"end":{"line":338,"column":4}},"line":336},"3":{"name":"onMatchFound","decl":{"start":{"line":342,"column":16},"end":{"line":348,"column":4}},"loc":{"start":{"line":342,"column":16},"end":{"line":348,"column":4}},"line":342},"4":{"name":"onResult","decl":{"start":{"line":357,"column":12},"end":{"line":360,"column":4}},"loc":{"start":{"line":357,"column":12},"end":{"line":360,"column":4}},"line":357},"5":{"name":"onStatusChange","decl":{"start":{"line":361,"column":18},"end":{"line":368,"column":4}},"loc":{"start":{"line":361,"column":18},"end":{"line":368,"column":4}},"line":361},"6":{"name":"getTeleprompterTextElement","decl":{"start":{"line":388,"column":35},"end":{"line":404,"column":2}},"loc":{"start":{"line":388,"column":35},"end":{"line":404,"column":2}},"line":388},"7":{"name":"getMainTeleprompterTextElement","decl":{"start":{"line":407,"column":39},"end":{"line":416,"column":2}},"loc":{"start":{"line":407,"column":39},"end":{"line":416,"column":2}},"line":407},"8":{"name":"updateFirstLineCoordinates","decl":{"start":{"line":419,"column":35},"end":{"line":466,"column":2}},"loc":{"start":{"line":419,"column":35},"end":{"line":466,"column":2}},"line":419},"9":{"name":"autoScroll","decl":{"start":{"line":469,"column":19},"end":{"line":565,"column":2}},"loc":{"start":{"line":469,"column":19},"end":{"line":565,"column":2}},"line":469},"10":{"name":"handlePiPToggleEvent","decl":{"start":{"line":620,"column":31},"end":{"line":622,"column":4}},"loc":{"start":{"line":620,"column":31},"end":{"line":622,"column":4}},"line":620},"11":{"name":"handlePiPResetEvent","decl":{"start":{"line":624,"column":30},"end":{"line":626,"column":4}},"loc":{"start":{"line":624,"column":30},"end":{"line":626,"column":4}},"line":624},"12":{"name":"deep","decl":{"start":{"line":650,"column":2},"end":{"line":656,"column":4}},"loc":{"start":{"line":650,"column":2},"end":{"line":656,"column":4}},"line":650},"13":{"name":"handleToggleSpeech","decl":{"start":{"line":667,"column":27},"end":{"line":675,"column":2}},"loc":{"start":{"line":667,"column":27},"end":{"line":675,"column":2}},"line":667},"14":{"name":"handleResetSpeech","decl":{"start":{"line":677,"column":26},"end":{"line":705,"column":2}},"loc":{"start":{"line":677,"column":26},"end":{"line":705,"column":2}},"line":677},"15":{"name":"handlePiPToggle","decl":{"start":{"line":708,"column":24},"end":{"line":729,"column":2}},"loc":{"start":{"line":708,"column":24},"end":{"line":729,"column":2}},"line":708},"16":{"name":"handleLanguageChange","decl":{"start":{"line":732,"column":29},"end":{"line":737,"column":2}},"loc":{"start":{"line":732,"column":29},"end":{"line":737,"column":2}},"line":732},"17":{"name":"handleScriptChange","decl":{"start":{"line":739,"column":27},"end":{"line":745,"column":2}},"loc":{"start":{"line":739,"column":27},"end":{"line":745,"column":2}},"line":739},"18":{"name":"handleLinesToShowChange","decl":{"start":{"line":748,"column":32},"end":{"line":766,"column":2}},"loc":{"start":{"line":748,"column":32},"end":{"line":766,"column":2}},"line":748},"19":{"name":"handleScrollTriggerChange","decl":{"start":{"line":768,"column":34},"end":{"line":786,"column":2}},"loc":{"start":{"line":768,"column":34},"end":{"line":786,"column":2}},"line":768},"20":{"name":"handleTextSizeChange","decl":{"start":{"line":788,"column":29},"end":{"line":797,"column":2}},"loc":{"start":{"line":788,"column":29},"end":{"line":797,"column":2}},"line":788},"21":{"name":"handleSpeechResult","decl":{"start":{"line":800,"column":27},"end":{"line":822,"column":2}},"loc":{"start":{"line":800,"column":27},"end":{"line":822,"column":2}},"line":800},"22":{"name":"handleStatusChange","decl":{"start":{"line":824,"column":27},"end":{"line":848,"column":2}},"loc":{"start":{"line":824,"column":27},"end":{"line":848,"column":2}},"line":824},"23":{"name":"handleTextClick","decl":{"start":{"line":851,"column":24},"end":{"line":880,"column":2}},"loc":{"start":{"line":851,"column":24},"end":{"line":880,"column":2}},"line":851},"24":{"name":"getWordClass","decl":{"start":{"line":883,"column":21},"end":{"line":896,"column":2}},"loc":{"start":{"line":883,"column":21},"end":{"line":896,"column":2}},"line":883},"25":{"name":"onUpdate:modelValue._cache.<computed>._cache.<computed>","decl":{"start":{"line":162,"column":20},"end":{"line":163,"column":40}},"loc":{"start":{"line":162,"column":20},"end":{"line":163,"column":40}},"line":162},"26":{"name":"onUpdate:modelValue._cache.<computed>._cache.<computed>","decl":{"start":{"line":235,"column":24},"end":{"line":236,"column":36}},"loc":{"start":{"line":235,"column":24},"end":{"line":236,"column":36}},"line":235},"27":{"name":"onUpdate:modelValue._cache.<computed>._cache.<computed>","decl":{"start":{"line":244,"column":24},"end":{"line":245,"column":36}},"loc":{"start":{"line":244,"column":24},"end":{"line":245,"column":36}},"line":244},"28":{"name":"onUpdate:modelValue._cache.<computed>._cache.<computed>","decl":{"start":{"line":253,"column":24},"end":{"line":254,"column":36}},"loc":{"start":{"line":253,"column":24},"end":{"line":254,"column":36}},"line":253},"29":{"name":"onUpdate:modelValue._cache.<computed>._cache.<computed>","decl":{"start":{"line":262,"column":24},"end":{"line":263,"column":36}},"loc":{"start":{"line":262,"column":24},"end":{"line":263,"column":36}},"line":262}},"f":{"0":0,"1":0,"2":0,"3":0,"4":0,"5":0,"6":0,"7":11,"8":11,"9":0,"10":0,"11":0,"12":0,"13":0,"14":0,"15":0,"16":0,"17":0,"18":0,"19":0,"20":0,"21":0,"22":0,"23":0,"24":143,"25":0,"26":0,"27":0,"28":0,"29":0}}
}
