{"/Users/andrew/pets/speech-teleprompter/vue-app/src/App.vue": {"path":"/Users/andrew/pets/speech-teleprompter/vue-app/src/App.vue","all":true,"statementMap":{"1":{"start":{"line":2,"column":0},"end":{"line":2,"column":39}},"5":{"start":{"line":6,"column":0},"end":{"line":6,"column":16}}},"s":{"1":0,"5":0},"branchMap":{"0":{"type":"branch","line":1,"loc":{"start":{"line":1,"column":115},"end":{"line":7,"column":11}},"locations":[{"start":{"line":1,"column":115},"end":{"line":7,"column":11}}]}},"b":{"0":[1]},"fnMap":{"0":{"name":"(empty-report)","decl":{"start":{"line":1,"column":115},"end":{"line":7,"column":11}},"loc":{"start":{"line":1,"column":115},"end":{"line":7,"column":11}},"line":1}},"f":{"0":1}}
,"/Users/andrew/pets/speech-teleprompter/vue-app/src/main.ts": {"path":"/Users/andrew/pets/speech-teleprompter/vue-app/src/main.ts","all":true,"statementMap":{"0":{"start":{"line":1,"column":0},"end":{"line":1,"column":26}},"2":{"start":{"line":3,"column":0},"end":{"line":3,"column":31}},"3":{"start":{"line":4,"column":0},"end":{"line":4,"column":35}},"5":{"start":{"line":6,"column":0},"end":{"line":6,"column":27}},"6":{"start":{"line":7,"column":0},"end":{"line":7,"column":29}},"8":{"start":{"line":9,"column":0},"end":{"line":9,"column":26}},"10":{"start":{"line":11,"column":0},"end":{"line":11,"column":22}},"11":{"start":{"line":12,"column":0},"end":{"line":12,"column":15}},"13":{"start":{"line":14,"column":0},"end":{"line":14,"column":17}}},"s":{"0":0,"2":0,"3":0,"5":0,"6":0,"8":0,"10":0,"11":0,"13":0},"branchMap":{"0":{"type":"branch","line":1,"loc":{"start":{"line":1,"column":0},"end":{"line":14,"column":-129}},"locations":[{"start":{"line":1,"column":0},"end":{"line":14,"column":-129}}]}},"b":{"0":[0]},"fnMap":{"0":{"name":"(empty-report)","decl":{"start":{"line":1,"column":0},"end":{"line":14,"column":-129}},"loc":{"start":{"line":1,"column":0},"end":{"line":14,"column":-129}},"line":1}},"f":{"0":0}}
,"/Users/andrew/pets/speech-teleprompter/vue-app/src/components/base/BaseButton.vue": {"path":"/Users/andrew/pets/speech-teleprompter/vue-app/src/components/base/BaseButton.vue","all":false,"statementMap":{"1":{"start":{"line":2,"column":0},"end":{"line":2,"column":9}},"2":{"start":{"line":3,"column":0},"end":{"line":3,"column":18}},"3":{"start":{"line":4,"column":0},"end":{"line":4,"column":26}},"4":{"start":{"line":5,"column":0},"end":{"line":5,"column":35}},"5":{"start":{"line":6,"column":0},"end":{"line":6,"column":37}},"6":{"start":{"line":7,"column":0},"end":{"line":7,"column":49}},"7":{"start":{"line":8,"column":0},"end":{"line":8,"column":35}},"8":{"start":{"line":9,"column":0},"end":{"line":9,"column":24}},"9":{"start":{"line":10,"column":0},"end":{"line":10,"column":28}},"11":{"start":{"line":12,"column":0},"end":{"line":12,"column":65}},"12":{"start":{"line":13,"column":0},"end":{"line":13,"column":52}},"13":{"start":{"line":14,"column":0},"end":{"line":14,"column":92}},"14":{"start":{"line":15,"column":0},"end":{"line":15,"column":95}},"15":{"start":{"line":16,"column":0},"end":{"line":16,"column":12}},"16":{"start":{"line":17,"column":0},"end":{"line":17,"column":11}},"17":{"start":{"line":18,"column":0},"end":{"line":18,"column":71}},"18":{"start":{"line":19,"column":0},"end":{"line":19,"column":16}},"19":{"start":{"line":20,"column":0},"end":{"line":20,"column":11}},"20":{"start":{"line":21,"column":0},"end":{"line":21,"column":31}},"21":{"start":{"line":22,"column":0},"end":{"line":22,"column":14}},"22":{"start":{"line":23,"column":0},"end":{"line":23,"column":11}},"23":{"start":{"line":24,"column":0},"end":{"line":24,"column":11}},"27":{"start":{"line":28,"column":0},"end":{"line":28,"column":30}},"42":{"start":{"line":43,"column":0},"end":{"line":43,"column":50}},"64":{"start":{"line":65,"column":0},"end":{"line":65,"column":33}},"70":{"start":{"line":71,"column":0},"end":{"line":71,"column":46}},"71":{"start":{"line":72,"column":0},"end":{"line":72,"column":25}},"74":{"start":{"line":75,"column":0},"end":{"line":75,"column":39}},"77":{"start":{"line":78,"column":0},"end":{"line":78,"column":36}},"80":{"start":{"line":81,"column":0},"end":{"line":81,"column":22}},"81":{"start":{"line":82,"column":0},"end":{"line":82,"column":32}},"82":{"start":{"line":83,"column":0},"end":{"line":83,"column":3}},"84":{"start":{"line":85,"column":0},"end":{"line":85,"column":23}},"85":{"start":{"line":86,"column":0},"end":{"line":86,"column":33}},"86":{"start":{"line":87,"column":0},"end":{"line":87,"column":3}},"89":{"start":{"line":90,"column":0},"end":{"line":90,"column":20}},"90":{"start":{"line":91,"column":0},"end":{"line":91,"column":29}},"91":{"start":{"line":92,"column":0},"end":{"line":92,"column":3}},"93":{"start":{"line":94,"column":0},"end":{"line":94,"column":26}},"94":{"start":{"line":95,"column":0},"end":{"line":95,"column":2}},"100":{"start":{"line":101,"column":0},"end":{"line":101,"column":50}},"101":{"start":{"line":102,"column":0},"end":{"line":102,"column":40}},"102":{"start":{"line":103,"column":0},"end":{"line":103,"column":26}},"103":{"start":{"line":104,"column":0},"end":{"line":104,"column":10}},"104":{"start":{"line":105,"column":0},"end":{"line":105,"column":3}},"106":{"start":{"line":107,"column":0},"end":{"line":107,"column":22}},"107":{"start":{"line":108,"column":0},"end":{"line":108,"column":1}},"109":{"start":{"line":110,"column":0},"end":{"line":110,"column":55}},"111":{"start":{"line":112,"column":0},"end":{"line":112,"column":51}},"112":{"start":{"line":113,"column":0},"end":{"line":113,"column":42}},"113":{"start":{"line":114,"column":0},"end":{"line":114,"column":28}},"114":{"start":{"line":115,"column":0},"end":{"line":115,"column":12}},"115":{"start":{"line":116,"column":0},"end":{"line":116,"column":5}},"119":{"start":{"line":120,"column":0},"end":{"line":120,"column":28}},"120":{"start":{"line":121,"column":0},"end":{"line":121,"column":28}},"121":{"start":{"line":122,"column":0},"end":{"line":122,"column":50}},"122":{"start":{"line":123,"column":0},"end":{"line":123,"column":22}},"123":{"start":{"line":124,"column":0},"end":{"line":124,"column":25}},"124":{"start":{"line":125,"column":0},"end":{"line":125,"column":8}},"125":{"start":{"line":126,"column":0},"end":{"line":126,"column":68}},"126":{"start":{"line":127,"column":0},"end":{"line":127,"column":5}},"127":{"start":{"line":128,"column":0},"end":{"line":128,"column":3}},"129":{"start":{"line":130,"column":0},"end":{"line":130,"column":24}},"130":{"start":{"line":131,"column":0},"end":{"line":131,"column":1}}},"s":{"1":1,"2":1,"3":1,"4":1,"5":1,"6":1,"7":1,"8":1,"9":1,"11":1,"12":1,"13":1,"14":1,"15":1,"16":1,"17":1,"18":1,"19":1,"20":1,"21":1,"22":1,"23":1,"27":1,"42":1,"64":1,"70":1,"71":115,"74":115,"77":115,"80":115,"81":7,"82":7,"84":115,"85":33,"86":33,"89":115,"90":1,"91":1,"93":115,"94":1,"100":1,"101":4,"102":0,"103":0,"104":0,"106":4,"107":4,"109":1,"111":3,"112":3,"113":0,"114":0,"115":0,"119":3,"120":1,"121":1,"122":1,"123":1,"124":1,"125":1,"126":1,"127":3,"129":3,"130":3},"branchMap":{"0":{"type":"branch","line":71,"loc":{"start":{"line":71,"column":31},"end":{"line":95,"column":1}},"locations":[{"start":{"line":71,"column":31},"end":{"line":95,"column":1}}]},"1":{"type":"branch","line":81,"loc":{"start":{"line":81,"column":21},"end":{"line":83,"column":3}},"locations":[{"start":{"line":81,"column":21},"end":{"line":83,"column":3}}]},"2":{"type":"branch","line":85,"loc":{"start":{"line":85,"column":22},"end":{"line":87,"column":3}},"locations":[{"start":{"line":85,"column":22},"end":{"line":87,"column":3}}]},"3":{"type":"branch","line":90,"loc":{"start":{"line":90,"column":19},"end":{"line":92,"column":3}},"locations":[{"start":{"line":90,"column":19},"end":{"line":92,"column":3}}]},"4":{"type":"branch","line":101,"loc":{"start":{"line":101,"column":20},"end":{"line":108,"column":1}},"locations":[{"start":{"line":101,"column":20},"end":{"line":108,"column":1}}]},"5":{"type":"branch","line":102,"loc":{"start":{"line":102,"column":39},"end":{"line":105,"column":3}},"locations":[{"start":{"line":102,"column":39},"end":{"line":105,"column":3}}]},"6":{"type":"branch","line":110,"loc":{"start":{"line":110,"column":22},"end":{"line":131,"column":1}},"locations":[{"start":{"line":110,"column":22},"end":{"line":131,"column":1}}]},"7":{"type":"branch","line":112,"loc":{"start":{"line":112,"column":20},"end":{"line":112,"column":50}},"locations":[{"start":{"line":112,"column":20},"end":{"line":112,"column":50}}]},"8":{"type":"branch","line":113,"loc":{"start":{"line":113,"column":41},"end":{"line":116,"column":5}},"locations":[{"start":{"line":113,"column":41},"end":{"line":116,"column":5}}]},"9":{"type":"branch","line":120,"loc":{"start":{"line":120,"column":27},"end":{"line":127,"column":5}},"locations":[{"start":{"line":120,"column":27},"end":{"line":127,"column":5}}]},"10":{"type":"branch","line":5,"loc":{"start":{"line":5,"column":15},"end":{"line":5,"column":35}},"locations":[{"start":{"line":5,"column":15},"end":{"line":5,"column":35}}]},"11":{"type":"branch","line":18,"loc":{"start":{"line":18,"column":16},"end":{"line":18,"column":34}},"locations":[{"start":{"line":18,"column":16},"end":{"line":18,"column":34}}]},"12":{"type":"branch","line":18,"loc":{"start":{"line":18,"column":25},"end":{"line":19,"column":16}},"locations":[{"start":{"line":18,"column":25},"end":{"line":19,"column":16}}]},"13":{"type":"branch","line":19,"loc":{"start":{"line":19,"column":13},"end":{"line":19,"column":16}},"locations":[{"start":{"line":19,"column":13},"end":{"line":19,"column":16}}]}},"b":{"0":[115],"1":[7],"2":[33],"3":[1],"4":[4],"5":[0],"6":[3],"7":[1],"8":[0],"9":[1],"10":[82],"11":[2],"12":[1],"13":[114]},"fnMap":{"0":{"name":"handleClick","decl":{"start":{"line":101,"column":20},"end":{"line":108,"column":1}},"loc":{"start":{"line":101,"column":20},"end":{"line":108,"column":1}},"line":101},"1":{"name":"handleKeydown","decl":{"start":{"line":110,"column":22},"end":{"line":131,"column":1}},"loc":{"start":{"line":110,"column":22},"end":{"line":131,"column":1}},"line":110}},"f":{"0":4,"1":3}}
,"/Users/andrew/pets/speech-teleprompter/vue-app/src/components/base/BaseInput.vue": {"path":"/Users/andrew/pets/speech-teleprompter/vue-app/src/components/base/BaseInput.vue","all":false,"statementMap":{"1":{"start":{"line":2,"column":0},"end":{"line":2,"column":26}},"2":{"start":{"line":3,"column":0},"end":{"line":3,"column":92}},"3":{"start":{"line":4,"column":0},"end":{"line":4,"column":17}},"4":{"start":{"line":5,"column":0},"end":{"line":5,"column":85}},"5":{"start":{"line":6,"column":0},"end":{"line":6,"column":12}},"7":{"start":{"line":8,"column":0},"end":{"line":8,"column":10}},"8":{"start":{"line":9,"column":0},"end":{"line":9,"column":14}},"9":{"start":{"line":10,"column":0},"end":{"line":10,"column":18}},"10":{"start":{"line":11,"column":0},"end":{"line":11,"column":25}},"11":{"start":{"line":12,"column":0},"end":{"line":12,"column":32}},"12":{"start":{"line":13,"column":0},"end":{"line":13,"column":26}},"13":{"start":{"line":14,"column":0},"end":{"line":14,"column":26}},"14":{"start":{"line":15,"column":0},"end":{"line":15,"column":16}},"15":{"start":{"line":16,"column":0},"end":{"line":16,"column":16}},"16":{"start":{"line":17,"column":0},"end":{"line":17,"column":18}},"17":{"start":{"line":18,"column":0},"end":{"line":18,"column":27}},"18":{"start":{"line":19,"column":0},"end":{"line":19,"column":39}},"19":{"start":{"line":20,"column":0},"end":{"line":20,"column":41}},"20":{"start":{"line":21,"column":0},"end":{"line":21,"column":30}},"21":{"start":{"line":22,"column":0},"end":{"line":22,"column":31}},"22":{"start":{"line":23,"column":0},"end":{"line":23,"column":26}},"23":{"start":{"line":24,"column":0},"end":{"line":24,"column":24}},"24":{"start":{"line":25,"column":0},"end":{"line":25,"column":26}},"25":{"start":{"line":26,"column":0},"end":{"line":26,"column":30}},"26":{"start":{"line":27,"column":0},"end":{"line":27,"column":6}},"28":{"start":{"line":29,"column":0},"end":{"line":29,"column":8}},"29":{"start":{"line":30,"column":0},"end":{"line":30,"column":25}},"30":{"start":{"line":31,"column":0},"end":{"line":31,"column":25}},"31":{"start":{"line":32,"column":0},"end":{"line":32,"column":27}},"32":{"start":{"line":33,"column":0},"end":{"line":33,"column":18}},"33":{"start":{"line":34,"column":0},"end":{"line":34,"column":37}},"35":{"start":{"line":36,"column":0},"end":{"line":36,"column":24}},"36":{"start":{"line":37,"column":0},"end":{"line":37,"column":10}},"38":{"start":{"line":39,"column":0},"end":{"line":39,"column":79}},"39":{"start":{"line":40,"column":0},"end":{"line":40,"column":20}},"40":{"start":{"line":41,"column":0},"end":{"line":41,"column":10}},"41":{"start":{"line":42,"column":0},"end":{"line":42,"column":8}},"45":{"start":{"line":46,"column":0},"end":{"line":46,"column":30}},"63":{"start":{"line":64,"column":0},"end":{"line":64,"column":50}},"94":{"start":{"line":95,"column":0},"end":{"line":95,"column":33}},"100":{"start":{"line":101,"column":0},"end":{"line":101,"column":52}},"101":{"start":{"line":102,"column":0},"end":{"line":102,"column":20}},"102":{"start":{"line":103,"column":0},"end":{"line":103,"column":2}},"104":{"start":{"line":105,"column":0},"end":{"line":105,"column":42}},"105":{"start":{"line":106,"column":0},"end":{"line":106,"column":29}},"106":{"start":{"line":107,"column":0},"end":{"line":107,"column":2}},"108":{"start":{"line":109,"column":0},"end":{"line":109,"column":45}},"109":{"start":{"line":110,"column":0},"end":{"line":110,"column":32}},"111":{"start":{"line":112,"column":0},"end":{"line":112,"column":23}},"112":{"start":{"line":113,"column":0},"end":{"line":113,"column":37}},"113":{"start":{"line":114,"column":0},"end":{"line":114,"column":3}},"115":{"start":{"line":116,"column":0},"end":{"line":116,"column":23}},"116":{"start":{"line":117,"column":0},"end":{"line":117,"column":40}},"117":{"start":{"line":118,"column":0},"end":{"line":118,"column":3}},"119":{"start":{"line":120,"column":0},"end":{"line":120,"column":26}},"120":{"start":{"line":121,"column":0},"end":{"line":121,"column":2}},"122":{"start":{"line":123,"column":0},"end":{"line":123,"column":45}},"123":{"start":{"line":124,"column":0},"end":{"line":124,"column":32}},"125":{"start":{"line":126,"column":0},"end":{"line":126,"column":23}},"126":{"start":{"line":127,"column":0},"end":{"line":127,"column":37}},"127":{"start":{"line":128,"column":0},"end":{"line":128,"column":3}},"129":{"start":{"line":130,"column":0},"end":{"line":130,"column":23}},"130":{"start":{"line":131,"column":0},"end":{"line":131,"column":40}},"131":{"start":{"line":132,"column":0},"end":{"line":132,"column":3}},"133":{"start":{"line":134,"column":0},"end":{"line":134,"column":20}},"134":{"start":{"line":135,"column":0},"end":{"line":135,"column":29}},"135":{"start":{"line":136,"column":0},"end":{"line":136,"column":3}},"137":{"start":{"line":138,"column":0},"end":{"line":138,"column":26}},"138":{"start":{"line":139,"column":0},"end":{"line":139,"column":2}},"140":{"start":{"line":141,"column":0},"end":{"line":141,"column":60}},"141":{"start":{"line":142,"column":0},"end":{"line":142,"column":26}},"143":{"start":{"line":144,"column":0},"end":{"line":144,"column":34}},"144":{"start":{"line":145,"column":0},"end":{"line":145,"column":39}},"145":{"start":{"line":146,"column":0},"end":{"line":146,"column":3}},"147":{"start":{"line":148,"column":0},"end":{"line":148,"column":42}},"148":{"start":{"line":149,"column":0},"end":{"line":149,"column":32}},"149":{"start":{"line":150,"column":0},"end":{"line":150,"column":3}},"151":{"start":{"line":152,"column":0},"end":{"line":152,"column":23}},"152":{"start":{"line":153,"column":0},"end":{"line":153,"column":33}},"153":{"start":{"line":154,"column":0},"end":{"line":154,"column":3}},"155":{"start":{"line":156,"column":0},"end":{"line":156,"column":51}},"156":{"start":{"line":157,"column":0},"end":{"line":157,"column":2}},"162":{"start":{"line":163,"column":0},"end":{"line":163,"column":45}},"163":{"start":{"line":164,"column":0},"end":{"line":164,"column":49}},"164":{"start":{"line":165,"column":0},"end":{"line":165,"column":43}},"167":{"start":{"line":168,"column":0},"end":{"line":168,"column":48}},"168":{"start":{"line":169,"column":0},"end":{"line":169,"column":38}},"169":{"start":{"line":170,"column":0},"end":{"line":170,"column":27}},"170":{"start":{"line":171,"column":0},"end":{"line":171,"column":22}},"171":{"start":{"line":172,"column":0},"end":{"line":172,"column":12}},"173":{"start":{"line":174,"column":0},"end":{"line":174,"column":26}},"174":{"start":{"line":175,"column":0},"end":{"line":175,"column":5}},"175":{"start":{"line":176,"column":0},"end":{"line":176,"column":3}},"177":{"start":{"line":178,"column":0},"end":{"line":178,"column":34}},"178":{"start":{"line":179,"column":0},"end":{"line":179,"column":22}},"179":{"start":{"line":180,"column":0},"end":{"line":180,"column":1}},"181":{"start":{"line":182,"column":0},"end":{"line":182,"column":49}},"182":{"start":{"line":183,"column":0},"end":{"line":183,"column":21}},"183":{"start":{"line":184,"column":0},"end":{"line":184,"column":1}},"185":{"start":{"line":186,"column":0},"end":{"line":186,"column":50}},"186":{"start":{"line":187,"column":0},"end":{"line":187,"column":22}},"187":{"start":{"line":188,"column":0},"end":{"line":188,"column":1}},"189":{"start":{"line":190,"column":0},"end":{"line":190,"column":55}},"190":{"start":{"line":191,"column":0},"end":{"line":191,"column":24}},"191":{"start":{"line":192,"column":0},"end":{"line":192,"column":1}}},"s":{"1":1,"2":1,"3":1,"4":1,"5":1,"7":1,"8":1,"9":1,"10":1,"11":1,"12":1,"13":1,"14":1,"15":1,"16":1,"17":1,"18":1,"19":1,"20":1,"21":1,"22":1,"23":1,"24":1,"25":1,"26":1,"28":1,"29":1,"30":4,"31":4,"32":4,"33":4,"35":4,"36":1,"38":1,"39":2,"40":1,"41":1,"45":1,"63":1,"94":1,"100":1,"101":64,"102":1,"104":1,"105":64,"106":1,"108":1,"109":3,"111":3,"112":1,"113":1,"115":3,"116":0,"117":0,"119":3,"120":1,"122":1,"123":64,"125":64,"126":4,"127":4,"129":64,"130":1,"131":1,"133":64,"134":1,"135":1,"137":64,"138":1,"140":1,"141":64,"143":64,"144":0,"145":0,"147":64,"148":2,"149":2,"151":64,"152":4,"153":4,"155":64,"156":1,"162":1,"163":6,"164":6,"167":6,"168":2,"169":2,"170":2,"171":2,"173":0,"174":0,"175":2,"177":6,"178":6,"179":6,"181":1,"182":1,"183":1,"185":1,"186":1,"187":1,"189":1,"190":1,"191":1},"branchMap":{"0":{"type":"branch","line":101,"loc":{"start":{"line":101,"column":28},"end":{"line":103,"column":1}},"locations":[{"start":{"line":101,"column":28},"end":{"line":103,"column":1}}]},"1":{"type":"branch","line":105,"loc":{"start":{"line":105,"column":26},"end":{"line":107,"column":1}},"locations":[{"start":{"line":105,"column":26},"end":{"line":107,"column":1}}]},"2":{"type":"branch","line":109,"loc":{"start":{"line":109,"column":30},"end":{"line":121,"column":1}},"locations":[{"start":{"line":109,"column":30},"end":{"line":121,"column":1}}]},"3":{"type":"branch","line":112,"loc":{"start":{"line":112,"column":22},"end":{"line":114,"column":3}},"locations":[{"start":{"line":112,"column":22},"end":{"line":114,"column":3}}]},"4":{"type":"branch","line":116,"loc":{"start":{"line":116,"column":22},"end":{"line":118,"column":3}},"locations":[{"start":{"line":116,"column":22},"end":{"line":118,"column":3}}]},"5":{"type":"branch","line":123,"loc":{"start":{"line":123,"column":30},"end":{"line":139,"column":1}},"locations":[{"start":{"line":123,"column":30},"end":{"line":139,"column":1}}]},"6":{"type":"branch","line":126,"loc":{"start":{"line":126,"column":22},"end":{"line":128,"column":3}},"locations":[{"start":{"line":126,"column":22},"end":{"line":128,"column":3}}]},"7":{"type":"branch","line":130,"loc":{"start":{"line":130,"column":22},"end":{"line":132,"column":3}},"locations":[{"start":{"line":130,"column":22},"end":{"line":132,"column":3}}]},"8":{"type":"branch","line":134,"loc":{"start":{"line":134,"column":19},"end":{"line":136,"column":3}},"locations":[{"start":{"line":134,"column":19},"end":{"line":136,"column":3}}]},"9":{"type":"branch","line":141,"loc":{"start":{"line":141,"column":33},"end":{"line":157,"column":1}},"locations":[{"start":{"line":141,"column":33},"end":{"line":157,"column":1}}]},"10":{"type":"branch","line":144,"loc":{"start":{"line":144,"column":33},"end":{"line":146,"column":3}},"locations":[{"start":{"line":144,"column":33},"end":{"line":146,"column":3}}]},"11":{"type":"branch","line":148,"loc":{"start":{"line":148,"column":12},"end":{"line":148,"column":41}},"locations":[{"start":{"line":148,"column":12},"end":{"line":148,"column":41}}]},"12":{"type":"branch","line":148,"loc":{"start":{"line":148,"column":41},"end":{"line":150,"column":3}},"locations":[{"start":{"line":148,"column":41},"end":{"line":150,"column":3}}]},"13":{"type":"branch","line":152,"loc":{"start":{"line":152,"column":22},"end":{"line":154,"column":3}},"locations":[{"start":{"line":152,"column":22},"end":{"line":154,"column":3}}]},"14":{"type":"branch","line":156,"loc":{"start":{"line":156,"column":22},"end":{"line":156,"column":42}},"locations":[{"start":{"line":156,"column":22},"end":{"line":156,"column":42}}]},"15":{"type":"branch","line":156,"loc":{"start":{"line":156,"column":38},"end":{"line":156,"column":51}},"locations":[{"start":{"line":156,"column":38},"end":{"line":156,"column":51}}]},"16":{"type":"branch","line":163,"loc":{"start":{"line":163,"column":20},"end":{"line":180,"column":1}},"locations":[{"start":{"line":163,"column":20},"end":{"line":180,"column":1}}]},"17":{"type":"branch","line":168,"loc":{"start":{"line":168,"column":21},"end":{"line":168,"column":47}},"locations":[{"start":{"line":168,"column":21},"end":{"line":168,"column":47}}]},"18":{"type":"branch","line":168,"loc":{"start":{"line":168,"column":47},"end":{"line":176,"column":3}},"locations":[{"start":{"line":168,"column":47},"end":{"line":176,"column":3}}]},"19":{"type":"branch","line":172,"loc":{"start":{"line":172,"column":4},"end":{"line":175,"column":5}},"locations":[{"start":{"line":172,"column":4},"end":{"line":175,"column":5}}]},"20":{"type":"branch","line":182,"loc":{"start":{"line":182,"column":19},"end":{"line":184,"column":1}},"locations":[{"start":{"line":182,"column":19},"end":{"line":184,"column":1}}]},"21":{"type":"branch","line":186,"loc":{"start":{"line":186,"column":20},"end":{"line":188,"column":1}},"locations":[{"start":{"line":186,"column":20},"end":{"line":188,"column":1}}]},"22":{"type":"branch","line":190,"loc":{"start":{"line":190,"column":22},"end":{"line":192,"column":1}},"locations":[{"start":{"line":190,"column":22},"end":{"line":192,"column":1}}]},"23":{"type":"branch","line":5,"loc":{"start":{"line":5,"column":18},"end":{"line":5,"column":85}},"locations":[{"start":{"line":5,"column":18},"end":{"line":5,"column":85}}]},"24":{"type":"branch","line":5,"loc":{"start":{"line":5,"column":78},"end":{"line":5,"column":85}},"locations":[{"start":{"line":5,"column":78},"end":{"line":5,"column":85}}]},"25":{"type":"branch","line":30,"loc":{"start":{"line":30,"column":12},"end":{"line":36,"column":24}},"locations":[{"start":{"line":30,"column":12},"end":{"line":36,"column":24}}]},"26":{"type":"branch","line":36,"loc":{"start":{"line":36,"column":21},"end":{"line":36,"column":24}},"locations":[{"start":{"line":36,"column":21},"end":{"line":36,"column":24}}]},"27":{"type":"branch","line":39,"loc":{"start":{"line":39,"column":15},"end":{"line":39,"column":43}},"locations":[{"start":{"line":39,"column":15},"end":{"line":39,"column":43}}]},"28":{"type":"branch","line":39,"loc":{"start":{"line":39,"column":28},"end":{"line":40,"column":20}},"locations":[{"start":{"line":39,"column":28},"end":{"line":40,"column":20}}]},"29":{"type":"branch","line":40,"loc":{"start":{"line":40,"column":17},"end":{"line":40,"column":20}},"locations":[{"start":{"line":40,"column":17},"end":{"line":40,"column":20}}]}},"b":{"0":[64],"1":[64],"2":[3],"3":[1],"4":[0],"5":[64],"6":[4],"7":[1],"8":[1],"9":[64],"10":[0],"11":[3],"12":[2],"13":[4],"14":[6],"15":[58],"16":[6],"17":[4],"18":[2],"19":[0],"20":[1],"21":[1],"22":[1],"23":[1],"24":[2],"25":[4],"26":[66],"27":[3],"28":[2],"29":[68]},"fnMap":{"0":{"name":"handleInput","decl":{"start":{"line":163,"column":20},"end":{"line":180,"column":1}},"loc":{"start":{"line":163,"column":20},"end":{"line":180,"column":1}},"line":163},"1":{"name":"handleBlur","decl":{"start":{"line":182,"column":19},"end":{"line":184,"column":1}},"loc":{"start":{"line":182,"column":19},"end":{"line":184,"column":1}},"line":182},"2":{"name":"handleFocus","decl":{"start":{"line":186,"column":20},"end":{"line":188,"column":1}},"loc":{"start":{"line":186,"column":20},"end":{"line":188,"column":1}},"line":186},"3":{"name":"handleKeydown","decl":{"start":{"line":190,"column":22},"end":{"line":192,"column":1}},"loc":{"start":{"line":190,"column":22},"end":{"line":192,"column":1}},"line":190}},"f":{"0":6,"1":1,"2":1,"3":1}}
,"/Users/andrew/pets/speech-teleprompter/vue-app/src/components/base/BaseSelect.vue": {"path":"/Users/andrew/pets/speech-teleprompter/vue-app/src/components/base/BaseSelect.vue","all":false,"statementMap":{"1":{"start":{"line":2,"column":0},"end":{"line":2,"column":79}},"2":{"start":{"line":3,"column":0},"end":{"line":3,"column":56}},"3":{"start":{"line":4,"column":0},"end":{"line":4,"column":17}},"4":{"start":{"line":5,"column":0},"end":{"line":5,"column":82}},"5":{"start":{"line":6,"column":0},"end":{"line":6,"column":12}},"6":{"start":{"line":7,"column":0},"end":{"line":7,"column":11}},"7":{"start":{"line":8,"column":0},"end":{"line":8,"column":14}},"8":{"start":{"line":9,"column":0},"end":{"line":9,"column":25}},"9":{"start":{"line":10,"column":0},"end":{"line":10,"column":26}},"10":{"start":{"line":11,"column":0},"end":{"line":11,"column":26}},"11":{"start":{"line":12,"column":0},"end":{"line":12,"column":28}},"12":{"start":{"line":13,"column":0},"end":{"line":13,"column":39}},"13":{"start":{"line":14,"column":0},"end":{"line":14,"column":41}},"14":{"start":{"line":15,"column":0},"end":{"line":15,"column":30}},"15":{"start":{"line":16,"column":0},"end":{"line":16,"column":31}},"16":{"start":{"line":17,"column":0},"end":{"line":17,"column":28}},"17":{"start":{"line":18,"column":0},"end":{"line":18,"column":34}},"18":{"start":{"line":19,"column":0},"end":{"line":19,"column":36}},"19":{"start":{"line":20,"column":0},"end":{"line":20,"column":40}},"21":{"start":{"line":22,"column":0},"end":{"line":22,"column":51}},"22":{"start":{"line":23,"column":0},"end":{"line":23,"column":25}},"23":{"start":{"line":24,"column":0},"end":{"line":24,"column":15}},"24":{"start":{"line":25,"column":0},"end":{"line":25,"column":13}},"25":{"start":{"line":26,"column":0},"end":{"line":26,"column":33}},"26":{"start":{"line":27,"column":0},"end":{"line":27,"column":26}},"27":{"start":{"line":28,"column":0},"end":{"line":28,"column":28}},"28":{"start":{"line":29,"column":0},"end":{"line":29,"column":35}},"30":{"start":{"line":31,"column":0},"end":{"line":31,"column":25}},"31":{"start":{"line":32,"column":0},"end":{"line":32,"column":15}},"32":{"start":{"line":33,"column":0},"end":{"line":33,"column":13}},"33":{"start":{"line":34,"column":0},"end":{"line":34,"column":8}},"34":{"start":{"line":35,"column":0},"end":{"line":35,"column":25}},"35":{"start":{"line":36,"column":0},"end":{"line":36,"column":25}},"36":{"start":{"line":37,"column":0},"end":{"line":37,"column":27}},"37":{"start":{"line":38,"column":0},"end":{"line":38,"column":18}},"38":{"start":{"line":39,"column":0},"end":{"line":39,"column":37}},"40":{"start":{"line":41,"column":0},"end":{"line":41,"column":24}},"41":{"start":{"line":42,"column":0},"end":{"line":42,"column":10}},"42":{"start":{"line":43,"column":0},"end":{"line":43,"column":79}},"43":{"start":{"line":44,"column":0},"end":{"line":44,"column":20}},"44":{"start":{"line":45,"column":0},"end":{"line":45,"column":10}},"45":{"start":{"line":46,"column":0},"end":{"line":46,"column":8}},"49":{"start":{"line":50,"column":0},"end":{"line":50,"column":30}},"72":{"start":{"line":73,"column":0},"end":{"line":73,"column":50}},"78":{"start":{"line":79,"column":0},"end":{"line":79,"column":26}},"87":{"start":{"line":88,"column":0},"end":{"line":88,"column":69}},"89":{"start":{"line":90,"column":0},"end":{"line":90,"column":45}},"90":{"start":{"line":91,"column":0},"end":{"line":91,"column":27}},"91":{"start":{"line":92,"column":0},"end":{"line":92,"column":42}},"92":{"start":{"line":93,"column":0},"end":{"line":93,"column":63}},"93":{"start":{"line":94,"column":0},"end":{"line":94,"column":57}},"94":{"start":{"line":95,"column":0},"end":{"line":95,"column":2}},"96":{"start":{"line":97,"column":0},"end":{"line":97,"column":46}},"97":{"start":{"line":98,"column":0},"end":{"line":98,"column":28}},"98":{"start":{"line":99,"column":0},"end":{"line":99,"column":43}},"99":{"start":{"line":100,"column":0},"end":{"line":100,"column":58}},"100":{"start":{"line":101,"column":0},"end":{"line":101,"column":64}},"101":{"start":{"line":102,"column":0},"end":{"line":102,"column":64}},"102":{"start":{"line":103,"column":0},"end":{"line":103,"column":2}},"104":{"start":{"line":105,"column":0},"end":{"line":105,"column":48}},"105":{"start":{"line":106,"column":0},"end":{"line":106,"column":26}},"106":{"start":{"line":107,"column":0},"end":{"line":107,"column":42}},"107":{"start":{"line":108,"column":0},"end":{"line":108,"column":32}},"108":{"start":{"line":109,"column":0},"end":{"line":109,"column":3}},"109":{"start":{"line":110,"column":0},"end":{"line":110,"column":27}},"110":{"start":{"line":111,"column":0},"end":{"line":111,"column":33}},"111":{"start":{"line":112,"column":0},"end":{"line":112,"column":3}},"112":{"start":{"line":113,"column":0},"end":{"line":113,"column":22}},"113":{"start":{"line":114,"column":0},"end":{"line":114,"column":2}},"116":{"start":{"line":117,"column":0},"end":{"line":117,"column":46}},"117":{"start":{"line":118,"column":0},"end":{"line":118,"column":50}},"118":{"start":{"line":119,"column":0},"end":{"line":119,"column":41}},"119":{"start":{"line":120,"column":0},"end":{"line":120,"column":23}},"120":{"start":{"line":121,"column":0},"end":{"line":121,"column":1}}},"s":{"1":1,"2":1,"3":1,"4":1,"5":1,"6":1,"7":1,"8":1,"9":1,"10":1,"11":1,"12":1,"13":1,"14":1,"15":1,"16":1,"17":1,"18":1,"19":1,"21":1,"22":13,"23":1,"24":1,"25":1,"26":1,"27":1,"28":1,"30":1,"31":1,"32":1,"33":1,"34":1,"35":3,"36":3,"37":3,"38":3,"40":3,"41":1,"42":1,"43":2,"44":1,"45":1,"49":1,"72":1,"78":1,"87":1,"89":1,"90":3,"91":3,"92":3,"93":3,"94":1,"96":1,"97":30,"98":30,"99":30,"100":30,"101":30,"102":1,"104":1,"105":30,"106":30,"107":2,"108":2,"109":30,"110":3,"111":3,"112":30,"113":1,"116":1,"117":2,"118":2,"119":2,"120":2},"branchMap":{"0":{"type":"branch","line":88,"loc":{"start":{"line":88,"column":26},"end":{"line":88,"column":68}},"locations":[{"start":{"line":88,"column":26},"end":{"line":88,"column":68}}]},"1":{"type":"branch","line":90,"loc":{"start":{"line":90,"column":30},"end":{"line":95,"column":1}},"locations":[{"start":{"line":90,"column":30},"end":{"line":95,"column":1}}]},"2":{"type":"branch","line":93,"loc":{"start":{"line":93,"column":25},"end":{"line":93,"column":61}},"locations":[{"start":{"line":93,"column":25},"end":{"line":93,"column":61}}]},"3":{"type":"branch","line":93,"loc":{"start":{"line":93,"column":36},"end":{"line":93,"column":63}},"locations":[{"start":{"line":93,"column":36},"end":{"line":93,"column":63}}]},"4":{"type":"branch","line":97,"loc":{"start":{"line":97,"column":31},"end":{"line":103,"column":1}},"locations":[{"start":{"line":97,"column":31},"end":{"line":103,"column":1}}]},"5":{"type":"branch","line":100,"loc":{"start":{"line":100,"column":25},"end":{"line":100,"column":56}},"locations":[{"start":{"line":100,"column":25},"end":{"line":100,"column":56}}]},"6":{"type":"branch","line":100,"loc":{"start":{"line":100,"column":33},"end":{"line":100,"column":58}},"locations":[{"start":{"line":100,"column":33},"end":{"line":100,"column":58}}]},"7":{"type":"branch","line":101,"loc":{"start":{"line":101,"column":25},"end":{"line":101,"column":62}},"locations":[{"start":{"line":101,"column":25},"end":{"line":101,"column":62}}]},"8":{"type":"branch","line":101,"loc":{"start":{"line":101,"column":36},"end":{"line":101,"column":64}},"locations":[{"start":{"line":101,"column":36},"end":{"line":101,"column":64}}]},"9":{"type":"branch","line":105,"loc":{"start":{"line":105,"column":33},"end":{"line":114,"column":1}},"locations":[{"start":{"line":105,"column":33},"end":{"line":114,"column":1}}]},"10":{"type":"branch","line":107,"loc":{"start":{"line":107,"column":12},"end":{"line":107,"column":41}},"locations":[{"start":{"line":107,"column":12},"end":{"line":107,"column":41}}]},"11":{"type":"branch","line":107,"loc":{"start":{"line":107,"column":41},"end":{"line":109,"column":3}},"locations":[{"start":{"line":107,"column":41},"end":{"line":109,"column":3}}]},"12":{"type":"branch","line":110,"loc":{"start":{"line":110,"column":26},"end":{"line":112,"column":3}},"locations":[{"start":{"line":110,"column":26},"end":{"line":112,"column":3}}]},"13":{"type":"branch","line":117,"loc":{"start":{"line":117,"column":21},"end":{"line":121,"column":1}},"locations":[{"start":{"line":117,"column":21},"end":{"line":121,"column":1}}]},"14":{"type":"branch","line":5,"loc":{"start":{"line":5,"column":18},"end":{"line":5,"column":82}},"locations":[{"start":{"line":5,"column":18},"end":{"line":5,"column":82}}]},"15":{"type":"branch","line":5,"loc":{"start":{"line":5,"column":75},"end":{"line":5,"column":82}},"locations":[{"start":{"line":5,"column":75},"end":{"line":5,"column":82}}]},"16":{"type":"branch","line":18,"loc":{"start":{"line":18,"column":11},"end":{"line":18,"column":34}},"locations":[{"start":{"line":18,"column":11},"end":{"line":18,"column":34}}]},"17":{"type":"branch","line":19,"loc":{"start":{"line":19,"column":12},"end":{"line":19,"column":36}},"locations":[{"start":{"line":19,"column":12},"end":{"line":19,"column":36}}]},"18":{"type":"branch","line":20,"loc":{"start":{"line":20,"column":14},"end":{"line":20,"column":40}},"locations":[{"start":{"line":20,"column":14},"end":{"line":20,"column":40}}]},"19":{"type":"branch","line":22,"loc":{"start":{"line":22,"column":20},"end":{"line":23,"column":25}},"locations":[{"start":{"line":22,"column":20},"end":{"line":23,"column":25}}]},"20":{"type":"branch","line":23,"loc":{"start":{"line":23,"column":22},"end":{"line":23,"column":25}},"locations":[{"start":{"line":23,"column":22},"end":{"line":23,"column":25}}]},"21":{"type":"branch","line":35,"loc":{"start":{"line":35,"column":12},"end":{"line":41,"column":24}},"locations":[{"start":{"line":35,"column":12},"end":{"line":41,"column":24}}]},"22":{"type":"branch","line":41,"loc":{"start":{"line":41,"column":21},"end":{"line":41,"column":24}},"locations":[{"start":{"line":41,"column":21},"end":{"line":41,"column":24}}]},"23":{"type":"branch","line":43,"loc":{"start":{"line":43,"column":15},"end":{"line":43,"column":43}},"locations":[{"start":{"line":43,"column":15},"end":{"line":43,"column":43}}]},"24":{"type":"branch","line":43,"loc":{"start":{"line":43,"column":28},"end":{"line":44,"column":20}},"locations":[{"start":{"line":43,"column":28},"end":{"line":44,"column":20}}]},"25":{"type":"branch","line":44,"loc":{"start":{"line":44,"column":17},"end":{"line":44,"column":20}},"locations":[{"start":{"line":44,"column":17},"end":{"line":44,"column":20}}]},"26":{"type":"branch","line":18,"loc":{"start":{"line":18,"column":11},"end":{"line":18,"column":34}},"locations":[{"start":{"line":18,"column":11},"end":{"line":18,"column":34}}]},"27":{"type":"branch","line":19,"loc":{"start":{"line":19,"column":12},"end":{"line":19,"column":36}},"locations":[{"start":{"line":19,"column":12},"end":{"line":19,"column":36}}]},"28":{"type":"branch","line":20,"loc":{"start":{"line":20,"column":14},"end":{"line":20,"column":40}},"locations":[{"start":{"line":20,"column":14},"end":{"line":20,"column":40}}]}},"b":{"0":[30],"1":[3],"2":[1],"3":[2],"4":[30],"5":[3],"6":[27],"7":[1],"8":[29],"9":[30],"10":[3],"11":[2],"12":[3],"13":[2],"14":[1],"15":[2],"16":[30],"17":[30],"18":[30],"19":[13],"20":[19],"21":[3],"22":[29],"23":[3],"24":[2],"25":[30],"26":[1],"27":[1],"28":[1]},"fnMap":{"0":{"name":"handleChange","decl":{"start":{"line":117,"column":21},"end":{"line":121,"column":1}},"loc":{"start":{"line":117,"column":21},"end":{"line":121,"column":1}},"line":117},"1":{"name":"onBlur._cache.<computed>._cache.<computed>","decl":{"start":{"line":18,"column":11},"end":{"line":18,"column":34}},"loc":{"start":{"line":18,"column":11},"end":{"line":18,"column":34}},"line":18},"2":{"name":"onFocus._cache.<computed>._cache.<computed>","decl":{"start":{"line":19,"column":12},"end":{"line":19,"column":36}},"loc":{"start":{"line":19,"column":12},"end":{"line":19,"column":36}},"line":19},"3":{"name":"onKeydown._cache.<computed>._cache.<computed>","decl":{"start":{"line":20,"column":14},"end":{"line":20,"column":40}},"loc":{"start":{"line":20,"column":14},"end":{"line":20,"column":40}},"line":20}},"f":{"0":2,"1":1,"2":1,"3":1}}
,"/Users/andrew/pets/speech-teleprompter/vue-app/src/components/base/BaseTextarea.vue": {"path":"/Users/andrew/pets/speech-teleprompter/vue-app/src/components/base/BaseTextarea.vue","all":false,"statementMap":{"1":{"start":{"line":2,"column":0},"end":{"line":2,"column":79}},"2":{"start":{"line":3,"column":0},"end":{"line":3,"column":56}},"3":{"start":{"line":4,"column":0},"end":{"line":4,"column":17}},"4":{"start":{"line":5,"column":0},"end":{"line":5,"column":82}},"5":{"start":{"line":6,"column":0},"end":{"line":6,"column":12}},"6":{"start":{"line":7,"column":0},"end":{"line":7,"column":13}},"7":{"start":{"line":8,"column":0},"end":{"line":8,"column":14}},"8":{"start":{"line":9,"column":0},"end":{"line":9,"column":25}},"9":{"start":{"line":10,"column":0},"end":{"line":10,"column":32}},"10":{"start":{"line":11,"column":0},"end":{"line":11,"column":26}},"11":{"start":{"line":12,"column":0},"end":{"line":12,"column":26}},"12":{"start":{"line":13,"column":0},"end":{"line":13,"column":18}},"13":{"start":{"line":14,"column":0},"end":{"line":14,"column":18}},"14":{"start":{"line":15,"column":0},"end":{"line":15,"column":30}},"15":{"start":{"line":16,"column":0},"end":{"line":16,"column":39}},"16":{"start":{"line":17,"column":0},"end":{"line":17,"column":41}},"17":{"start":{"line":18,"column":0},"end":{"line":18,"column":30}},"18":{"start":{"line":19,"column":0},"end":{"line":19,"column":31}},"19":{"start":{"line":20,"column":0},"end":{"line":20,"column":26}},"20":{"start":{"line":21,"column":0},"end":{"line":21,"column":34}},"21":{"start":{"line":22,"column":0},"end":{"line":22,"column":36}},"22":{"start":{"line":23,"column":0},"end":{"line":23,"column":40}},"23":{"start":{"line":24,"column":0},"end":{"line":24,"column":16}},"24":{"start":{"line":25,"column":0},"end":{"line":25,"column":8}},"25":{"start":{"line":26,"column":0},"end":{"line":26,"column":25}},"26":{"start":{"line":27,"column":0},"end":{"line":27,"column":25}},"27":{"start":{"line":28,"column":0},"end":{"line":28,"column":27}},"28":{"start":{"line":29,"column":0},"end":{"line":29,"column":18}},"29":{"start":{"line":30,"column":0},"end":{"line":30,"column":37}},"31":{"start":{"line":32,"column":0},"end":{"line":32,"column":24}},"32":{"start":{"line":33,"column":0},"end":{"line":33,"column":10}},"33":{"start":{"line":34,"column":0},"end":{"line":34,"column":79}},"34":{"start":{"line":35,"column":0},"end":{"line":35,"column":20}},"35":{"start":{"line":36,"column":0},"end":{"line":36,"column":10}},"36":{"start":{"line":37,"column":0},"end":{"line":37,"column":8}},"40":{"start":{"line":41,"column":0},"end":{"line":41,"column":30}},"60":{"start":{"line":61,"column":0},"end":{"line":61,"column":50}},"67":{"start":{"line":68,"column":0},"end":{"line":68,"column":26}},"76":{"start":{"line":77,"column":0},"end":{"line":77,"column":69}},"78":{"start":{"line":79,"column":0},"end":{"line":79,"column":45}},"79":{"start":{"line":80,"column":0},"end":{"line":80,"column":27}},"80":{"start":{"line":81,"column":0},"end":{"line":81,"column":42}},"81":{"start":{"line":82,"column":0},"end":{"line":82,"column":63}},"82":{"start":{"line":83,"column":0},"end":{"line":83,"column":57}},"83":{"start":{"line":84,"column":0},"end":{"line":84,"column":2}},"85":{"start":{"line":86,"column":0},"end":{"line":86,"column":48}},"86":{"start":{"line":87,"column":0},"end":{"line":87,"column":30}},"87":{"start":{"line":88,"column":0},"end":{"line":88,"column":45}},"88":{"start":{"line":89,"column":0},"end":{"line":89,"column":60}},"89":{"start":{"line":90,"column":0},"end":{"line":90,"column":66}},"90":{"start":{"line":91,"column":0},"end":{"line":91,"column":64}},"91":{"start":{"line":92,"column":0},"end":{"line":92,"column":2}},"93":{"start":{"line":94,"column":0},"end":{"line":94,"column":48}},"94":{"start":{"line":95,"column":0},"end":{"line":95,"column":26}},"95":{"start":{"line":96,"column":0},"end":{"line":96,"column":42}},"96":{"start":{"line":97,"column":0},"end":{"line":97,"column":32}},"97":{"start":{"line":98,"column":0},"end":{"line":98,"column":3}},"98":{"start":{"line":99,"column":0},"end":{"line":99,"column":27}},"99":{"start":{"line":100,"column":0},"end":{"line":100,"column":33}},"100":{"start":{"line":101,"column":0},"end":{"line":101,"column":3}},"101":{"start":{"line":102,"column":0},"end":{"line":102,"column":22}},"102":{"start":{"line":103,"column":0},"end":{"line":103,"column":2}},"105":{"start":{"line":106,"column":0},"end":{"line":106,"column":45}},"106":{"start":{"line":107,"column":0},"end":{"line":107,"column":52}},"107":{"start":{"line":108,"column":0},"end":{"line":108,"column":41}},"108":{"start":{"line":109,"column":0},"end":{"line":109,"column":22}},"109":{"start":{"line":110,"column":0},"end":{"line":110,"column":1}}},"s":{"1":1,"2":1,"3":1,"4":1,"5":1,"6":1,"7":1,"8":1,"9":1,"10":1,"11":1,"12":1,"13":1,"14":1,"15":1,"16":1,"17":1,"18":1,"19":1,"20":1,"21":1,"22":1,"23":1,"24":1,"25":1,"26":3,"27":3,"28":3,"29":3,"31":3,"32":1,"33":1,"34":2,"35":1,"36":1,"40":1,"60":1,"67":1,"76":1,"78":1,"79":3,"80":3,"81":3,"82":3,"83":1,"85":1,"86":32,"87":32,"88":32,"89":32,"90":32,"91":1,"93":1,"94":32,"95":32,"96":2,"97":2,"98":32,"99":3,"100":3,"101":32,"102":1,"105":1,"106":5,"107":5,"108":5,"109":5},"branchMap":{"0":{"type":"branch","line":77,"loc":{"start":{"line":77,"column":26},"end":{"line":77,"column":68}},"locations":[{"start":{"line":77,"column":26},"end":{"line":77,"column":68}}]},"1":{"type":"branch","line":79,"loc":{"start":{"line":79,"column":30},"end":{"line":84,"column":1}},"locations":[{"start":{"line":79,"column":30},"end":{"line":84,"column":1}}]},"2":{"type":"branch","line":82,"loc":{"start":{"line":82,"column":25},"end":{"line":82,"column":61}},"locations":[{"start":{"line":82,"column":25},"end":{"line":82,"column":61}}]},"3":{"type":"branch","line":82,"loc":{"start":{"line":82,"column":36},"end":{"line":82,"column":63}},"locations":[{"start":{"line":82,"column":36},"end":{"line":82,"column":63}}]},"4":{"type":"branch","line":86,"loc":{"start":{"line":86,"column":33},"end":{"line":92,"column":1}},"locations":[{"start":{"line":86,"column":33},"end":{"line":92,"column":1}}]},"5":{"type":"branch","line":89,"loc":{"start":{"line":89,"column":25},"end":{"line":89,"column":58}},"locations":[{"start":{"line":89,"column":25},"end":{"line":89,"column":58}}]},"6":{"type":"branch","line":89,"loc":{"start":{"line":89,"column":33},"end":{"line":89,"column":60}},"locations":[{"start":{"line":89,"column":33},"end":{"line":89,"column":60}}]},"7":{"type":"branch","line":90,"loc":{"start":{"line":90,"column":25},"end":{"line":90,"column":64}},"locations":[{"start":{"line":90,"column":25},"end":{"line":90,"column":64}}]},"8":{"type":"branch","line":90,"loc":{"start":{"line":90,"column":36},"end":{"line":90,"column":66}},"locations":[{"start":{"line":90,"column":36},"end":{"line":90,"column":66}}]},"9":{"type":"branch","line":94,"loc":{"start":{"line":94,"column":33},"end":{"line":103,"column":1}},"locations":[{"start":{"line":94,"column":33},"end":{"line":103,"column":1}}]},"10":{"type":"branch","line":96,"loc":{"start":{"line":96,"column":12},"end":{"line":96,"column":41}},"locations":[{"start":{"line":96,"column":12},"end":{"line":96,"column":41}}]},"11":{"type":"branch","line":96,"loc":{"start":{"line":96,"column":41},"end":{"line":98,"column":3}},"locations":[{"start":{"line":96,"column":41},"end":{"line":98,"column":3}}]},"12":{"type":"branch","line":99,"loc":{"start":{"line":99,"column":26},"end":{"line":101,"column":3}},"locations":[{"start":{"line":99,"column":26},"end":{"line":101,"column":3}}]},"13":{"type":"branch","line":106,"loc":{"start":{"line":106,"column":20},"end":{"line":110,"column":1}},"locations":[{"start":{"line":106,"column":20},"end":{"line":110,"column":1}}]},"14":{"type":"branch","line":5,"loc":{"start":{"line":5,"column":18},"end":{"line":5,"column":82}},"locations":[{"start":{"line":5,"column":18},"end":{"line":5,"column":82}}]},"15":{"type":"branch","line":5,"loc":{"start":{"line":5,"column":75},"end":{"line":5,"column":82}},"locations":[{"start":{"line":5,"column":75},"end":{"line":5,"column":82}}]},"16":{"type":"branch","line":21,"loc":{"start":{"line":21,"column":11},"end":{"line":21,"column":34}},"locations":[{"start":{"line":21,"column":11},"end":{"line":21,"column":34}}]},"17":{"type":"branch","line":22,"loc":{"start":{"line":22,"column":12},"end":{"line":22,"column":36}},"locations":[{"start":{"line":22,"column":12},"end":{"line":22,"column":36}}]},"18":{"type":"branch","line":23,"loc":{"start":{"line":23,"column":14},"end":{"line":23,"column":40}},"locations":[{"start":{"line":23,"column":14},"end":{"line":23,"column":40}}]},"19":{"type":"branch","line":26,"loc":{"start":{"line":26,"column":12},"end":{"line":32,"column":24}},"locations":[{"start":{"line":26,"column":12},"end":{"line":32,"column":24}}]},"20":{"type":"branch","line":32,"loc":{"start":{"line":32,"column":21},"end":{"line":32,"column":24}},"locations":[{"start":{"line":32,"column":21},"end":{"line":32,"column":24}}]},"21":{"type":"branch","line":34,"loc":{"start":{"line":34,"column":15},"end":{"line":34,"column":43}},"locations":[{"start":{"line":34,"column":15},"end":{"line":34,"column":43}}]},"22":{"type":"branch","line":34,"loc":{"start":{"line":34,"column":28},"end":{"line":35,"column":20}},"locations":[{"start":{"line":34,"column":28},"end":{"line":35,"column":20}}]},"23":{"type":"branch","line":35,"loc":{"start":{"line":35,"column":17},"end":{"line":35,"column":20}},"locations":[{"start":{"line":35,"column":17},"end":{"line":35,"column":20}}]},"24":{"type":"branch","line":21,"loc":{"start":{"line":21,"column":11},"end":{"line":21,"column":34}},"locations":[{"start":{"line":21,"column":11},"end":{"line":21,"column":34}}]},"25":{"type":"branch","line":22,"loc":{"start":{"line":22,"column":12},"end":{"line":22,"column":36}},"locations":[{"start":{"line":22,"column":12},"end":{"line":22,"column":36}}]},"26":{"type":"branch","line":23,"loc":{"start":{"line":23,"column":14},"end":{"line":23,"column":40}},"locations":[{"start":{"line":23,"column":14},"end":{"line":23,"column":40}}]}},"b":{"0":[32],"1":[3],"2":[1],"3":[2],"4":[32],"5":[3],"6":[29],"7":[1],"8":[31],"9":[32],"10":[3],"11":[2],"12":[3],"13":[5],"14":[1],"15":[2],"16":[32],"17":[32],"18":[32],"19":[3],"20":[31],"21":[3],"22":[2],"23":[32],"24":[1],"25":[1],"26":[1]},"fnMap":{"0":{"name":"handleInput","decl":{"start":{"line":106,"column":20},"end":{"line":110,"column":1}},"loc":{"start":{"line":106,"column":20},"end":{"line":110,"column":1}},"line":106},"1":{"name":"onBlur._cache.<computed>._cache.<computed>","decl":{"start":{"line":21,"column":11},"end":{"line":21,"column":34}},"loc":{"start":{"line":21,"column":11},"end":{"line":21,"column":34}},"line":21},"2":{"name":"onFocus._cache.<computed>._cache.<computed>","decl":{"start":{"line":22,"column":12},"end":{"line":22,"column":36}},"loc":{"start":{"line":22,"column":12},"end":{"line":22,"column":36}},"line":22},"3":{"name":"onKeydown._cache.<computed>._cache.<computed>","decl":{"start":{"line":23,"column":14},"end":{"line":23,"column":40}},"loc":{"start":{"line":23,"column":14},"end":{"line":23,"column":40}},"line":23}},"f":{"0":5,"1":1,"2":1,"3":1}}
,"/Users/andrew/pets/speech-teleprompter/vue-app/src/components/specific/AttachmentDisplay.vue": {"path":"/Users/andrew/pets/speech-teleprompter/vue-app/src/components/specific/AttachmentDisplay.vue","all":false,"statementMap":{"1":{"start":{"line":2,"column":0},"end":{"line":2,"column":89}},"2":{"start":{"line":3,"column":0},"end":{"line":3,"column":67}},"3":{"start":{"line":4,"column":0},"end":{"line":4,"column":34}},"4":{"start":{"line":5,"column":0},"end":{"line":5,"column":10}},"5":{"start":{"line":6,"column":0},"end":{"line":6,"column":86}},"6":{"start":{"line":7,"column":0},"end":{"line":7,"column":8}},"10":{"start":{"line":11,"column":0},"end":{"line":11,"column":30}},"18":{"start":{"line":19,"column":0},"end":{"line":19,"column":50}},"24":{"start":{"line":25,"column":0},"end":{"line":25,"column":41}},"25":{"start":{"line":26,"column":0},"end":{"line":26,"column":34}},"26":{"start":{"line":27,"column":0},"end":{"line":27,"column":3}},"28":{"start":{"line":29,"column":0},"end":{"line":29,"column":36}},"29":{"start":{"line":30,"column":0},"end":{"line":30,"column":52}},"30":{"start":{"line":31,"column":0},"end":{"line":31,"column":3}}},"s":{"1":1,"2":1,"3":1,"4":1,"5":1,"6":1,"10":1,"18":1,"24":1,"25":10,"26":1,"28":1,"29":10,"30":1},"branchMap":{"0":{"type":"branch","line":25,"loc":{"start":{"line":25,"column":33},"end":{"line":27,"column":2}},"locations":[{"start":{"line":25,"column":33},"end":{"line":27,"column":2}}]},"1":{"type":"branch","line":29,"loc":{"start":{"line":29,"column":28},"end":{"line":31,"column":2}},"locations":[{"start":{"line":29,"column":28},"end":{"line":31,"column":2}}]}},"b":{"0":[10],"1":[10]},"fnMap":{},"f":{}}
,"/Users/andrew/pets/speech-teleprompter/vue-app/src/components/specific/DebugLog.vue": {"path":"/Users/andrew/pets/speech-teleprompter/vue-app/src/components/specific/DebugLog.vue","all":false,"statementMap":{"1":{"start":{"line":2,"column":0},"end":{"line":2,"column":35}},"2":{"start":{"line":3,"column":0},"end":{"line":3,"column":34}},"3":{"start":{"line":4,"column":0},"end":{"line":4,"column":27}},"4":{"start":{"line":5,"column":0},"end":{"line":5,"column":10}},"6":{"start":{"line":7,"column":0},"end":{"line":7,"column":35}},"7":{"start":{"line":8,"column":0},"end":{"line":8,"column":33}},"8":{"start":{"line":9,"column":0},"end":{"line":9,"column":38}},"9":{"start":{"line":10,"column":0},"end":{"line":10,"column":36}},"10":{"start":{"line":11,"column":0},"end":{"line":11,"column":34}},"11":{"start":{"line":12,"column":0},"end":{"line":12,"column":35}},"12":{"start":{"line":13,"column":0},"end":{"line":13,"column":40}},"13":{"start":{"line":14,"column":0},"end":{"line":14,"column":20}},"14":{"start":{"line":15,"column":0},"end":{"line":15,"column":28}},"15":{"start":{"line":16,"column":0},"end":{"line":16,"column":31}},"16":{"start":{"line":17,"column":0},"end":{"line":17,"column":27}},"17":{"start":{"line":18,"column":0},"end":{"line":18,"column":50}},"18":{"start":{"line":19,"column":0},"end":{"line":19,"column":53}},"19":{"start":{"line":20,"column":0},"end":{"line":20,"column":16}},"20":{"start":{"line":21,"column":0},"end":{"line":21,"column":30}},"21":{"start":{"line":22,"column":0},"end":{"line":22,"column":20}},"22":{"start":{"line":23,"column":0},"end":{"line":23,"column":40}},"23":{"start":{"line":24,"column":0},"end":{"line":24,"column":20}},"24":{"start":{"line":25,"column":0},"end":{"line":25,"column":28}},"25":{"start":{"line":26,"column":0},"end":{"line":26,"column":31}},"26":{"start":{"line":27,"column":0},"end":{"line":27,"column":29}},"27":{"start":{"line":28,"column":0},"end":{"line":28,"column":52}},"28":{"start":{"line":29,"column":0},"end":{"line":29,"column":55}},"29":{"start":{"line":30,"column":0},"end":{"line":30,"column":16}},"30":{"start":{"line":31,"column":0},"end":{"line":31,"column":32}},"31":{"start":{"line":32,"column":0},"end":{"line":32,"column":20}},"32":{"start":{"line":33,"column":0},"end":{"line":33,"column":40}},"33":{"start":{"line":34,"column":0},"end":{"line":34,"column":20}},"34":{"start":{"line":35,"column":0},"end":{"line":35,"column":28}},"35":{"start":{"line":36,"column":0},"end":{"line":36,"column":31}},"36":{"start":{"line":37,"column":0},"end":{"line":37,"column":28}},"37":{"start":{"line":38,"column":0},"end":{"line":38,"column":51}},"38":{"start":{"line":39,"column":0},"end":{"line":39,"column":54}},"39":{"start":{"line":40,"column":0},"end":{"line":40,"column":16}},"40":{"start":{"line":41,"column":0},"end":{"line":41,"column":31}},"41":{"start":{"line":42,"column":0},"end":{"line":42,"column":20}},"42":{"start":{"line":43,"column":0},"end":{"line":43,"column":40}},"43":{"start":{"line":44,"column":0},"end":{"line":44,"column":20}},"44":{"start":{"line":45,"column":0},"end":{"line":45,"column":28}},"45":{"start":{"line":46,"column":0},"end":{"line":46,"column":31}},"46":{"start":{"line":47,"column":0},"end":{"line":47,"column":29}},"47":{"start":{"line":48,"column":0},"end":{"line":48,"column":52}},"48":{"start":{"line":49,"column":0},"end":{"line":49,"column":55}},"49":{"start":{"line":50,"column":0},"end":{"line":50,"column":16}},"50":{"start":{"line":51,"column":0},"end":{"line":51,"column":32}},"51":{"start":{"line":52,"column":0},"end":{"line":52,"column":20}},"52":{"start":{"line":53,"column":0},"end":{"line":53,"column":16}},"53":{"start":{"line":54,"column":0},"end":{"line":54,"column":14}},"54":{"start":{"line":55,"column":0},"end":{"line":55,"column":12}},"56":{"start":{"line":57,"column":0},"end":{"line":57,"column":30}},"57":{"start":{"line":58,"column":0},"end":{"line":58,"column":11}},"58":{"start":{"line":59,"column":0},"end":{"line":59,"column":70}},"60":{"start":{"line":61,"column":0},"end":{"line":61,"column":12}},"61":{"start":{"line":62,"column":0},"end":{"line":62,"column":12}},"62":{"start":{"line":63,"column":0},"end":{"line":63,"column":10}},"63":{"start":{"line":64,"column":0},"end":{"line":64,"column":8}},"67":{"start":{"line":68,"column":0},"end":{"line":68,"column":32}},"74":{"start":{"line":75,"column":0},"end":{"line":75,"column":50}},"78":{"start":{"line":79,"column":0},"end":{"line":79,"column":26}},"83":{"start":{"line":84,"column":0},"end":{"line":84,"column":41}},"86":{"start":{"line":87,"column":0},"end":{"line":87,"column":57}},"87":{"start":{"line":88,"column":0},"end":{"line":88,"column":29}},"88":{"start":{"line":89,"column":0},"end":{"line":89,"column":32}},"89":{"start":{"line":90,"column":0},"end":{"line":90,"column":1}},"92":{"start":{"line":93,"column":0},"end":{"line":93,"column":6}},"93":{"start":{"line":94,"column":0},"end":{"line":94,"column":23}},"94":{"start":{"line":95,"column":0},"end":{"line":95,"column":17}},"95":{"start":{"line":96,"column":0},"end":{"line":96,"column":34}},"96":{"start":{"line":97,"column":0},"end":{"line":97,"column":4}},"97":{"start":{"line":98,"column":0},"end":{"line":98,"column":1}}},"s":{"1":1,"2":1,"3":1,"4":1,"6":1,"7":1,"8":1,"9":1,"10":1,"11":1,"12":1,"13":1,"14":1,"15":1,"16":1,"17":1,"18":1,"19":1,"20":1,"21":1,"22":1,"23":1,"24":1,"25":1,"26":1,"27":1,"28":1,"29":1,"30":1,"31":1,"32":1,"33":1,"34":1,"35":1,"36":1,"37":1,"38":1,"39":1,"40":1,"41":1,"42":1,"43":1,"44":1,"45":1,"46":1,"47":1,"48":1,"49":1,"50":1,"51":1,"52":1,"53":1,"54":1,"56":1,"57":1,"58":1,"60":1,"61":1,"62":1,"63":1,"67":1,"74":1,"78":1,"83":1,"86":1,"87":5,"88":5,"89":5,"92":1,"93":1,"94":1,"95":1,"96":1,"97":1},"branchMap":{"0":{"type":"branch","line":87,"loc":{"start":{"line":87,"column":29},"end":{"line":90,"column":1}},"locations":[{"start":{"line":87,"column":29},"end":{"line":90,"column":1}}]},"1":{"type":"branch","line":94,"loc":{"start":{"line":94,"column":2},"end":{"line":94,"column":23}},"locations":[{"start":{"line":94,"column":2},"end":{"line":94,"column":23}}]},"2":{"type":"branch","line":95,"loc":{"start":{"line":95,"column":2},"end":{"line":97,"column":4}},"locations":[{"start":{"line":95,"column":2},"end":{"line":97,"column":4}}]},"3":{"type":"branch","line":19,"loc":{"start":{"line":19,"column":23},"end":{"line":19,"column":53}},"locations":[{"start":{"line":19,"column":23},"end":{"line":19,"column":53}}]},"4":{"type":"branch","line":21,"loc":{"start":{"line":21,"column":14},"end":{"line":21,"column":30}},"locations":[{"start":{"line":21,"column":14},"end":{"line":21,"column":30}}]},"5":{"type":"branch","line":29,"loc":{"start":{"line":29,"column":23},"end":{"line":29,"column":55}},"locations":[{"start":{"line":29,"column":23},"end":{"line":29,"column":55}}]},"6":{"type":"branch","line":31,"loc":{"start":{"line":31,"column":14},"end":{"line":31,"column":32}},"locations":[{"start":{"line":31,"column":14},"end":{"line":31,"column":32}}]},"7":{"type":"branch","line":39,"loc":{"start":{"line":39,"column":23},"end":{"line":39,"column":54}},"locations":[{"start":{"line":39,"column":23},"end":{"line":39,"column":54}}]},"8":{"type":"branch","line":41,"loc":{"start":{"line":41,"column":14},"end":{"line":41,"column":31}},"locations":[{"start":{"line":41,"column":14},"end":{"line":41,"column":31}}]},"9":{"type":"branch","line":49,"loc":{"start":{"line":49,"column":23},"end":{"line":49,"column":55}},"locations":[{"start":{"line":49,"column":23},"end":{"line":49,"column":55}}]},"10":{"type":"branch","line":51,"loc":{"start":{"line":51,"column":14},"end":{"line":51,"column":32}},"locations":[{"start":{"line":51,"column":14},"end":{"line":51,"column":32}}]},"11":{"type":"branch","line":19,"loc":{"start":{"line":19,"column":23},"end":{"line":19,"column":53}},"locations":[{"start":{"line":19,"column":23},"end":{"line":19,"column":53}}]},"12":{"type":"branch","line":29,"loc":{"start":{"line":29,"column":23},"end":{"line":29,"column":55}},"locations":[{"start":{"line":29,"column":23},"end":{"line":29,"column":55}}]},"13":{"type":"branch","line":39,"loc":{"start":{"line":39,"column":23},"end":{"line":39,"column":54}},"locations":[{"start":{"line":39,"column":23},"end":{"line":39,"column":54}}]},"14":{"type":"branch","line":49,"loc":{"start":{"line":49,"column":23},"end":{"line":49,"column":55}},"locations":[{"start":{"line":49,"column":23},"end":{"line":49,"column":55}}]}},"b":{"0":[5],"1":[12],"2":[1],"3":[11],"4":[11],"5":[11],"6":[11],"7":[11],"8":[11],"9":[11],"10":[11],"11":[1],"12":[1],"13":[1],"14":[2]},"fnMap":{"0":{"name":"handleLogLevelChange","decl":{"start":{"line":87,"column":29},"end":{"line":90,"column":1}},"loc":{"start":{"line":87,"column":29},"end":{"line":90,"column":1}},"line":87},"1":{"name":"localLogLevel.value","decl":{"start":{"line":94,"column":2},"end":{"line":94,"column":23}},"loc":{"start":{"line":94,"column":2},"end":{"line":94,"column":23}},"line":94},"2":{"name":"onChange._cache.<computed>._cache.<computed>","decl":{"start":{"line":19,"column":23},"end":{"line":19,"column":53}},"loc":{"start":{"line":19,"column":23},"end":{"line":19,"column":53}},"line":19},"3":{"name":"onChange._cache.<computed>._cache.<computed>","decl":{"start":{"line":29,"column":23},"end":{"line":29,"column":55}},"loc":{"start":{"line":29,"column":23},"end":{"line":29,"column":55}},"line":29},"4":{"name":"onChange._cache.<computed>._cache.<computed>","decl":{"start":{"line":39,"column":23},"end":{"line":39,"column":54}},"loc":{"start":{"line":39,"column":23},"end":{"line":39,"column":54}},"line":39},"5":{"name":"onChange._cache.<computed>._cache.<computed>","decl":{"start":{"line":49,"column":23},"end":{"line":49,"column":55}},"loc":{"start":{"line":49,"column":23},"end":{"line":49,"column":55}},"line":49}},"f":{"0":5,"1":12,"2":1,"3":1,"4":1,"5":2}}
,"/Users/andrew/pets/speech-teleprompter/vue-app/src/components/specific/LanguageSelector.vue": {"path":"/Users/andrew/pets/speech-teleprompter/vue-app/src/components/specific/LanguageSelector.vue","all":false,"statementMap":{"1":{"start":{"line":2,"column":0},"end":{"line":2,"column":43}},"2":{"start":{"line":3,"column":0},"end":{"line":3,"column":42}},"3":{"start":{"line":4,"column":0},"end":{"line":4,"column":35}},"4":{"start":{"line":5,"column":0},"end":{"line":5,"column":10}},"6":{"start":{"line":7,"column":0},"end":{"line":7,"column":43}},"7":{"start":{"line":8,"column":0},"end":{"line":8,"column":41}},"8":{"start":{"line":9,"column":0},"end":{"line":9,"column":36}},"9":{"start":{"line":10,"column":0},"end":{"line":10,"column":35}},"10":{"start":{"line":11,"column":0},"end":{"line":11,"column":64}},"11":{"start":{"line":12,"column":0},"end":{"line":12,"column":21}},"12":{"start":{"line":13,"column":0},"end":{"line":13,"column":33}},"13":{"start":{"line":14,"column":0},"end":{"line":14,"column":51}},"14":{"start":{"line":15,"column":0},"end":{"line":15,"column":54}},"15":{"start":{"line":16,"column":0},"end":{"line":16,"column":48}},"16":{"start":{"line":17,"column":0},"end":{"line":17,"column":54}},"17":{"start":{"line":18,"column":0},"end":{"line":18,"column":12}},"18":{"start":{"line":19,"column":0},"end":{"line":19,"column":14}},"19":{"start":{"line":20,"column":0},"end":{"line":20,"column":12}},"21":{"start":{"line":22,"column":0},"end":{"line":22,"column":28}},"22":{"start":{"line":23,"column":0},"end":{"line":23,"column":33}},"23":{"start":{"line":24,"column":0},"end":{"line":24,"column":11}},"24":{"start":{"line":25,"column":0},"end":{"line":25,"column":99}},"25":{"start":{"line":26,"column":0},"end":{"line":26,"column":12}},"26":{"start":{"line":27,"column":0},"end":{"line":27,"column":12}},"27":{"start":{"line":28,"column":0},"end":{"line":28,"column":10}},"28":{"start":{"line":29,"column":0},"end":{"line":29,"column":8}},"32":{"start":{"line":33,"column":0},"end":{"line":33,"column":42}},"33":{"start":{"line":34,"column":0},"end":{"line":34,"column":57}},"34":{"start":{"line":35,"column":0},"end":{"line":35,"column":73}},"40":{"start":{"line":41,"column":0},"end":{"line":41,"column":50}},"44":{"start":{"line":45,"column":0},"end":{"line":45,"column":26}},"49":{"start":{"line":50,"column":0},"end":{"line":50,"column":27}},"50":{"start":{"line":51,"column":0},"end":{"line":51,"column":41}},"51":{"start":{"line":52,"column":0},"end":{"line":52,"column":2}},"54":{"start":{"line":55,"column":0},"end":{"line":55,"column":70}},"55":{"start":{"line":56,"column":0},"end":{"line":56,"column":28}},"56":{"start":{"line":57,"column":0},"end":{"line":57,"column":2}},"58":{"start":{"line":59,"column":0},"end":{"line":59,"column":68}},"59":{"start":{"line":60,"column":0},"end":{"line":60,"column":10}},"60":{"start":{"line":61,"column":0},"end":{"line":61,"column":97}},"61":{"start":{"line":62,"column":0},"end":{"line":62,"column":8}},"63":{"start":{"line":64,"column":0},"end":{"line":64,"column":2}},"66":{"start":{"line":67,"column":0},"end":{"line":67,"column":55}},"67":{"start":{"line":68,"column":0},"end":{"line":68,"column":45}},"68":{"start":{"line":69,"column":0},"end":{"line":69,"column":39}},"69":{"start":{"line":70,"column":0},"end":{"line":70,"column":1}},"72":{"start":{"line":73,"column":0},"end":{"line":73,"column":6}},"73":{"start":{"line":74,"column":0},"end":{"line":74,"column":30}},"74":{"start":{"line":75,"column":0},"end":{"line":75,"column":17}},"75":{"start":{"line":76,"column":0},"end":{"line":76,"column":50}},"76":{"start":{"line":77,"column":0},"end":{"line":77,"column":4}},"77":{"start":{"line":78,"column":0},"end":{"line":78,"column":1}}},"s":{"1":1,"2":1,"3":1,"4":1,"6":1,"7":1,"8":1,"9":1,"10":1,"11":1,"12":1,"13":1,"14":1,"15":1,"16":1,"17":1,"18":1,"19":1,"21":1,"22":1,"23":1,"24":1,"25":1,"26":1,"27":1,"28":1,"32":1,"33":1,"34":1,"40":1,"44":1,"49":1,"50":1,"51":1,"54":1,"55":9,"56":1,"58":1,"59":0,"60":0,"61":0,"63":1,"66":1,"67":1,"68":1,"69":1,"72":1,"73":1,"74":1,"75":1,"76":1,"77":1},"branchMap":{"0":{"type":"branch","line":55,"loc":{"start":{"line":55,"column":36},"end":{"line":57,"column":1}},"locations":[{"start":{"line":55,"column":36},"end":{"line":57,"column":1}}]},"1":{"type":"branch","line":67,"loc":{"start":{"line":67,"column":29},"end":{"line":70,"column":1}},"locations":[{"start":{"line":67,"column":29},"end":{"line":70,"column":1}}]},"2":{"type":"branch","line":74,"loc":{"start":{"line":74,"column":2},"end":{"line":74,"column":30}},"locations":[{"start":{"line":74,"column":2},"end":{"line":74,"column":30}}]},"3":{"type":"branch","line":75,"loc":{"start":{"line":75,"column":2},"end":{"line":77,"column":4}},"locations":[{"start":{"line":75,"column":2},"end":{"line":77,"column":4}}]},"4":{"type":"branch","line":14,"loc":{"start":{"line":14,"column":21},"end":{"line":14,"column":51}},"locations":[{"start":{"line":14,"column":21},"end":{"line":14,"column":51}}]},"5":{"type":"branch","line":14,"loc":{"start":{"line":14,"column":21},"end":{"line":14,"column":51}},"locations":[{"start":{"line":14,"column":21},"end":{"line":14,"column":51}}]}},"b":{"0":[9],"1":[1],"2":[10],"3":[1],"4":[9],"5":[1]},"fnMap":{"0":{"name":"handleLanguageChange","decl":{"start":{"line":67,"column":29},"end":{"line":70,"column":1}},"loc":{"start":{"line":67,"column":29},"end":{"line":70,"column":1}},"line":67},"1":{"name":"localSettings.value.primaryLanguage","decl":{"start":{"line":74,"column":2},"end":{"line":74,"column":30}},"loc":{"start":{"line":74,"column":2},"end":{"line":74,"column":30}},"line":74},"2":{"name":"onUpdate:modelValue._cache.<computed>._cache.<computed>","decl":{"start":{"line":14,"column":21},"end":{"line":14,"column":51}},"loc":{"start":{"line":14,"column":21},"end":{"line":14,"column":51}},"line":14}},"f":{"0":1,"1":10,"2":1}}
,"/Users/andrew/pets/speech-teleprompter/vue-app/src/components/specific/ProgressBar.vue": {"path":"/Users/andrew/pets/speech-teleprompter/vue-app/src/components/specific/ProgressBar.vue","all":false,"statementMap":{"1":{"start":{"line":2,"column":0},"end":{"line":2,"column":38}},"2":{"start":{"line":3,"column":0},"end":{"line":3,"column":30}},"3":{"start":{"line":4,"column":0},"end":{"line":4,"column":10}},"4":{"start":{"line":5,"column":0},"end":{"line":5,"column":29}},"5":{"start":{"line":6,"column":0},"end":{"line":6,"column":52}},"6":{"start":{"line":7,"column":0},"end":{"line":7,"column":43}},"7":{"start":{"line":8,"column":0},"end":{"line":8,"column":26}},"8":{"start":{"line":9,"column":0},"end":{"line":9,"column":28}},"9":{"start":{"line":10,"column":0},"end":{"line":10,"column":26}},"10":{"start":{"line":11,"column":0},"end":{"line":11,"column":35}},"11":{"start":{"line":12,"column":0},"end":{"line":12,"column":13}},"12":{"start":{"line":13,"column":0},"end":{"line":13,"column":10}},"13":{"start":{"line":14,"column":0},"end":{"line":14,"column":49}},"14":{"start":{"line":15,"column":0},"end":{"line":15,"column":25}},"15":{"start":{"line":16,"column":0},"end":{"line":16,"column":10}},"16":{"start":{"line":17,"column":0},"end":{"line":17,"column":8}},"20":{"start":{"line":21,"column":0},"end":{"line":21,"column":30}},"29":{"start":{"line":30,"column":0},"end":{"line":30,"column":50}},"37":{"start":{"line":38,"column":0},"end":{"line":38,"column":51}},"38":{"start":{"line":39,"column":0},"end":{"line":39,"column":33}},"39":{"start":{"line":40,"column":0},"end":{"line":40,"column":72}},"40":{"start":{"line":41,"column":0},"end":{"line":41,"column":2}},"42":{"start":{"line":43,"column":0},"end":{"line":43,"column":46}},"43":{"start":{"line":44,"column":0},"end":{"line":44,"column":20}},"44":{"start":{"line":45,"column":0},"end":{"line":45,"column":22}},"45":{"start":{"line":46,"column":0},"end":{"line":46,"column":3}},"46":{"start":{"line":47,"column":0},"end":{"line":47,"column":87}},"47":{"start":{"line":48,"column":0},"end":{"line":48,"column":2}}},"s":{"1":1,"2":1,"3":1,"4":1,"5":1,"6":1,"7":1,"8":1,"9":1,"10":1,"11":1,"12":1,"13":1,"14":16,"15":1,"16":1,"20":1,"29":1,"37":1,"38":17,"39":16,"40":1,"42":1,"43":17,"44":1,"45":1,"46":16,"47":1},"branchMap":{"0":{"type":"branch","line":38,"loc":{"start":{"line":38,"column":36},"end":{"line":41,"column":1}},"locations":[{"start":{"line":38,"column":36},"end":{"line":41,"column":1}}]},"1":{"type":"branch","line":39,"loc":{"start":{"line":39,"column":25},"end":{"line":39,"column":33}},"locations":[{"start":{"line":39,"column":25},"end":{"line":39,"column":33}}]},"2":{"type":"branch","line":39,"loc":{"start":{"line":39,"column":32},"end":{"line":40,"column":72}},"locations":[{"start":{"line":39,"column":32},"end":{"line":40,"column":72}}]},"3":{"type":"branch","line":43,"loc":{"start":{"line":43,"column":31},"end":{"line":48,"column":1}},"locations":[{"start":{"line":43,"column":31},"end":{"line":48,"column":1}}]},"4":{"type":"branch","line":44,"loc":{"start":{"line":44,"column":19},"end":{"line":46,"column":3}},"locations":[{"start":{"line":44,"column":19},"end":{"line":46,"column":3}}]},"5":{"type":"branch","line":46,"loc":{"start":{"line":46,"column":2},"end":{"line":47,"column":87}},"locations":[{"start":{"line":46,"column":2},"end":{"line":47,"column":87}}]},"6":{"type":"branch","line":14,"loc":{"start":{"line":14,"column":15},"end":{"line":15,"column":25}},"locations":[{"start":{"line":14,"column":15},"end":{"line":15,"column":25}}]},"7":{"type":"branch","line":15,"loc":{"start":{"line":15,"column":22},"end":{"line":15,"column":25}},"locations":[{"start":{"line":15,"column":22},"end":{"line":15,"column":25}}]}},"b":{"0":[17],"1":[1],"2":[16],"3":[17],"4":[1],"5":[16],"6":[16],"7":[1]},"fnMap":{},"f":{}}
,"/Users/andrew/pets/speech-teleprompter/vue-app/src/components/specific/ScriptEditor.vue": {"path":"/Users/andrew/pets/speech-teleprompter/vue-app/src/components/specific/ScriptEditor.vue","all":false,"statementMap":{"1":{"start":{"line":2,"column":0},"end":{"line":2,"column":39}},"2":{"start":{"line":3,"column":0},"end":{"line":3,"column":38}},"3":{"start":{"line":4,"column":0},"end":{"line":4,"column":29}},"4":{"start":{"line":5,"column":0},"end":{"line":5,"column":10}},"6":{"start":{"line":7,"column":0},"end":{"line":7,"column":39}},"7":{"start":{"line":8,"column":0},"end":{"line":8,"column":19}},"8":{"start":{"line":9,"column":0},"end":{"line":9,"column":24}},"9":{"start":{"line":10,"column":0},"end":{"line":10,"column":33}},"10":{"start":{"line":11,"column":0},"end":{"line":11,"column":60}},"11":{"start":{"line":12,"column":0},"end":{"line":12,"column":17}},"12":{"start":{"line":13,"column":0},"end":{"line":13,"column":48}},"13":{"start":{"line":14,"column":0},"end":{"line":14,"column":8}},"14":{"start":{"line":15,"column":0},"end":{"line":15,"column":10}},"15":{"start":{"line":16,"column":0},"end":{"line":16,"column":8}},"19":{"start":{"line":20,"column":0},"end":{"line":20,"column":32}},"20":{"start":{"line":21,"column":0},"end":{"line":21,"column":61}},"26":{"start":{"line":27,"column":0},"end":{"line":27,"column":50}},"31":{"start":{"line":32,"column":0},"end":{"line":32,"column":26}},"36":{"start":{"line":37,"column":0},"end":{"line":37,"column":45}},"39":{"start":{"line":40,"column":0},"end":{"line":40,"column":53}},"40":{"start":{"line":41,"column":0},"end":{"line":41,"column":31}},"41":{"start":{"line":42,"column":0},"end":{"line":42,"column":34}},"42":{"start":{"line":43,"column":0},"end":{"line":43,"column":1}},"45":{"start":{"line":46,"column":0},"end":{"line":46,"column":6}},"46":{"start":{"line":47,"column":0},"end":{"line":47,"column":25}},"47":{"start":{"line":48,"column":0},"end":{"line":48,"column":17}},"48":{"start":{"line":49,"column":0},"end":{"line":49,"column":36}},"49":{"start":{"line":50,"column":0},"end":{"line":50,"column":4}},"50":{"start":{"line":51,"column":0},"end":{"line":51,"column":1}}},"s":{"1":1,"2":1,"3":1,"4":1,"6":1,"7":1,"8":1,"9":1,"10":1,"11":1,"12":1,"13":1,"14":1,"15":1,"19":1,"20":1,"26":1,"31":1,"36":1,"39":1,"40":1,"41":1,"42":1,"45":1,"46":1,"47":1,"48":1,"49":1,"50":1},"branchMap":{"0":{"type":"branch","line":40,"loc":{"start":{"line":40,"column":27},"end":{"line":43,"column":1}},"locations":[{"start":{"line":40,"column":27},"end":{"line":43,"column":1}}]},"1":{"type":"branch","line":47,"loc":{"start":{"line":47,"column":2},"end":{"line":47,"column":25}},"locations":[{"start":{"line":47,"column":2},"end":{"line":47,"column":25}}]},"2":{"type":"branch","line":48,"loc":{"start":{"line":48,"column":2},"end":{"line":50,"column":4}},"locations":[{"start":{"line":48,"column":2},"end":{"line":50,"column":4}}]},"3":{"type":"branch","line":10,"loc":{"start":{"line":10,"column":17},"end":{"line":10,"column":33}},"locations":[{"start":{"line":10,"column":17},"end":{"line":10,"column":33}}]},"4":{"type":"branch","line":10,"loc":{"start":{"line":10,"column":17},"end":{"line":10,"column":33}},"locations":[{"start":{"line":10,"column":17},"end":{"line":10,"column":33}}]}},"b":{"0":[1],"1":[11],"2":[1],"3":[10],"4":[1]},"fnMap":{"0":{"name":"handleScriptChange","decl":{"start":{"line":40,"column":27},"end":{"line":43,"column":1}},"loc":{"start":{"line":40,"column":27},"end":{"line":43,"column":1}},"line":40},"1":{"name":"localScriptText.value","decl":{"start":{"line":47,"column":2},"end":{"line":47,"column":25}},"loc":{"start":{"line":47,"column":2},"end":{"line":47,"column":25}},"line":47},"2":{"name":"onUpdate:modelValue._cache.<computed>._cache.<computed>","decl":{"start":{"line":10,"column":17},"end":{"line":10,"column":33}},"loc":{"start":{"line":10,"column":17},"end":{"line":10,"column":33}},"line":10}},"f":{"0":1,"1":11,"2":1}}
,"/Users/andrew/pets/speech-teleprompter/vue-app/src/components/specific/SettingsPanel.vue": {"path":"/Users/andrew/pets/speech-teleprompter/vue-app/src/components/specific/SettingsPanel.vue","all":false,"statementMap":{"1":{"start":{"line":2,"column":0},"end":{"line":2,"column":40}},"2":{"start":{"line":3,"column":0},"end":{"line":3,"column":33}},"3":{"start":{"line":4,"column":0},"end":{"line":4,"column":39}},"4":{"start":{"line":5,"column":0},"end":{"line":5,"column":10}},"6":{"start":{"line":7,"column":0},"end":{"line":7,"column":34}},"7":{"start":{"line":8,"column":0},"end":{"line":8,"column":59}},"8":{"start":{"line":9,"column":0},"end":{"line":9,"column":35}},"9":{"start":{"line":10,"column":0},"end":{"line":10,"column":36}},"10":{"start":{"line":11,"column":0},"end":{"line":11,"column":56}},"11":{"start":{"line":12,"column":0},"end":{"line":12,"column":20}},"12":{"start":{"line":13,"column":0},"end":{"line":13,"column":30}},"13":{"start":{"line":14,"column":0},"end":{"line":14,"column":47}},"14":{"start":{"line":15,"column":0},"end":{"line":15,"column":25}},"15":{"start":{"line":16,"column":0},"end":{"line":16,"column":20}},"16":{"start":{"line":17,"column":0},"end":{"line":17,"column":21}},"17":{"start":{"line":18,"column":0},"end":{"line":18,"column":76}},"18":{"start":{"line":19,"column":0},"end":{"line":19,"column":12}},"19":{"start":{"line":20,"column":0},"end":{"line":20,"column":14}},"21":{"start":{"line":22,"column":0},"end":{"line":22,"column":36}},"22":{"start":{"line":23,"column":0},"end":{"line":23,"column":63}},"23":{"start":{"line":24,"column":0},"end":{"line":24,"column":20}},"24":{"start":{"line":25,"column":0},"end":{"line":25,"column":31}},"25":{"start":{"line":26,"column":0},"end":{"line":26,"column":49}},"26":{"start":{"line":27,"column":0},"end":{"line":27,"column":25}},"27":{"start":{"line":28,"column":0},"end":{"line":28,"column":20}},"28":{"start":{"line":29,"column":0},"end":{"line":29,"column":20}},"29":{"start":{"line":30,"column":0},"end":{"line":30,"column":78}},"30":{"start":{"line":31,"column":0},"end":{"line":31,"column":12}},"31":{"start":{"line":32,"column":0},"end":{"line":32,"column":14}},"33":{"start":{"line":34,"column":0},"end":{"line":34,"column":36}},"34":{"start":{"line":35,"column":0},"end":{"line":35,"column":54}},"35":{"start":{"line":36,"column":0},"end":{"line":36,"column":20}},"36":{"start":{"line":37,"column":0},"end":{"line":37,"column":26}},"37":{"start":{"line":38,"column":0},"end":{"line":38,"column":44}},"38":{"start":{"line":39,"column":0},"end":{"line":39,"column":25}},"39":{"start":{"line":40,"column":0},"end":{"line":40,"column":21}},"40":{"start":{"line":41,"column":0},"end":{"line":41,"column":21}},"41":{"start":{"line":42,"column":0},"end":{"line":42,"column":73}},"42":{"start":{"line":43,"column":0},"end":{"line":43,"column":12}},"43":{"start":{"line":44,"column":0},"end":{"line":44,"column":14}},"45":{"start":{"line":46,"column":0},"end":{"line":46,"column":36}},"46":{"start":{"line":47,"column":0},"end":{"line":47,"column":67}},"47":{"start":{"line":48,"column":0},"end":{"line":48,"column":20}},"48":{"start":{"line":49,"column":0},"end":{"line":49,"column":32}},"49":{"start":{"line":50,"column":0},"end":{"line":50,"column":50}},"50":{"start":{"line":51,"column":0},"end":{"line":51,"column":25}},"51":{"start":{"line":52,"column":0},"end":{"line":52,"column":21}},"52":{"start":{"line":53,"column":0},"end":{"line":53,"column":21}},"53":{"start":{"line":54,"column":0},"end":{"line":54,"column":21}},"54":{"start":{"line":55,"column":0},"end":{"line":55,"column":79}},"55":{"start":{"line":56,"column":0},"end":{"line":56,"column":12}},"56":{"start":{"line":57,"column":0},"end":{"line":57,"column":14}},"57":{"start":{"line":58,"column":0},"end":{"line":58,"column":12}},"58":{"start":{"line":59,"column":0},"end":{"line":59,"column":10}},"59":{"start":{"line":60,"column":0},"end":{"line":60,"column":8}},"63":{"start":{"line":64,"column":0},"end":{"line":64,"column":32}},"64":{"start":{"line":65,"column":0},"end":{"line":65,"column":55}},"77":{"start":{"line":78,"column":0},"end":{"line":78,"column":50}},"86":{"start":{"line":87,"column":0},"end":{"line":87,"column":26}},"91":{"start":{"line":92,"column":0},"end":{"line":92,"column":70}},"94":{"start":{"line":95,"column":0},"end":{"line":95,"column":84}},"96":{"start":{"line":97,"column":0},"end":{"line":97,"column":59}},"97":{"start":{"line":98,"column":0},"end":{"line":98,"column":25}},"98":{"start":{"line":99,"column":0},"end":{"line":99,"column":3}},"100":{"start":{"line":101,"column":0},"end":{"line":101,"column":44}},"103":{"start":{"line":104,"column":0},"end":{"line":104,"column":53}},"104":{"start":{"line":105,"column":0},"end":{"line":105,"column":1}},"107":{"start":{"line":108,"column":0},"end":{"line":108,"column":6}},"108":{"start":{"line":109,"column":0},"end":{"line":109,"column":23}},"109":{"start":{"line":110,"column":0},"end":{"line":110,"column":20}},"110":{"start":{"line":111,"column":0},"end":{"line":111,"column":44}},"111":{"start":{"line":112,"column":0},"end":{"line":112,"column":4}},"112":{"start":{"line":113,"column":0},"end":{"line":113,"column":17}},"113":{"start":{"line":114,"column":0},"end":{"line":114,"column":1}}},"s":{"1":1,"2":1,"3":1,"4":1,"6":1,"7":1,"8":1,"9":1,"10":1,"11":1,"12":1,"13":1,"14":2,"15":2,"16":2,"17":2,"18":1,"19":1,"21":1,"22":1,"23":1,"24":1,"25":1,"26":0,"27":0,"28":0,"29":0,"30":1,"31":1,"33":1,"34":1,"35":1,"36":1,"37":1,"38":0,"39":0,"40":0,"41":0,"42":1,"43":1,"45":1,"46":1,"47":1,"48":1,"49":1,"50":0,"51":0,"52":0,"53":0,"54":0,"55":1,"56":1,"57":1,"58":1,"59":1,"63":1,"64":1,"77":1,"86":1,"91":1,"94":1,"96":2,"97":1,"98":1,"100":2,"103":2,"104":2,"107":1,"108":1,"109":1,"110":1,"111":1,"112":1,"113":1},"branchMap":{"0":{"type":"branch","line":95,"loc":{"start":{"line":95,"column":28},"end":{"line":105,"column":1}},"locations":[{"start":{"line":95,"column":28},"end":{"line":105,"column":1}}]},"1":{"type":"branch","line":97,"loc":{"start":{"line":97,"column":23},"end":{"line":97,"column":58}},"locations":[{"start":{"line":97,"column":23},"end":{"line":97,"column":58}}]},"2":{"type":"branch","line":97,"loc":{"start":{"line":97,"column":58},"end":{"line":99,"column":3}},"locations":[{"start":{"line":97,"column":58},"end":{"line":99,"column":3}}]},"3":{"type":"branch","line":109,"loc":{"start":{"line":109,"column":2},"end":{"line":109,"column":23}},"locations":[{"start":{"line":10
[...]
line":219,"column":0},"end":{"line":219,"column":37}},"219":{"start":{"line":220,"column":0},"end":{"line":220,"column":9}},"221":{"start":{"line":222,"column":0},"end":{"line":222,"column":19}},"222":{"start":{"line":223,"column":0},"end":{"line":223,"column":12}},"224":{"start":{"line":225,"column":0},"end":{"line":225,"column":28}},"225":{"start":{"line":226,"column":0},"end":{"line":226,"column":40}},"226":{"start":{"line":227,"column":0},"end":{"line":227,"column":29}},"228":{"start":{"line":229,"column":0},"end":{"line":229,"column":35}},"229":{"start":{"line":230,"column":0},"end":{"line":230,"column":61}},"230":{"start":{"line":231,"column":0},"end":{"line":231,"column":38}},"231":{"start":{"line":232,"column":0},"end":{"line":232,"column":36}},"232":{"start":{"line":233,"column":0},"end":{"line":233,"column":37}},"233":{"start":{"line":234,"column":0},"end":{"line":234,"column":42}},"234":{"start":{"line":235,"column":0},"end":{"line":235,"column":85}},"235":{"start":{"line":236,"column":0},"end":{"line":236,"column":32}},"236":{"start":{"line":237,"column":0},"end":{"line":237,"column":22}},"237":{"start":{"line":238,"column":0},"end":{"line":238,"column":42}},"238":{"start":{"line":239,"column":0},"end":{"line":239,"column":87}},"239":{"start":{"line":240,"column":0},"end":{"line":240,"column":34}},"240":{"start":{"line":241,"column":0},"end":{"line":241,"column":22}},"241":{"start":{"line":242,"column":0},"end":{"line":242,"column":42}},"242":{"start":{"line":243,"column":0},"end":{"line":243,"column":86}},"243":{"start":{"line":244,"column":0},"end":{"line":244,"column":33}},"244":{"start":{"line":245,"column":0},"end":{"line":245,"column":22}},"245":{"start":{"line":246,"column":0},"end":{"line":246,"column":42}},"246":{"start":{"line":247,"column":0},"end":{"line":247,"column":87}},"247":{"start":{"line":248,"column":0},"end":{"line":248,"column":34}},"248":{"start":{"line":249,"column":0},"end":{"line":249,"column":22}},"249":{"start":{"line":250,"column":0},"end":{"line":250,"column":18}},"250":{"start":{"line":251,"column":0},"end":{"line":251,"column":16}},"251":{"start":{"line":252,"column":0},"end":{"line":252,"column":14}},"253":{"start":{"line":254,"column":0},"end":{"line":254,"column":11}},"254":{"start":{"line":255,"column":0},"end":{"line":255,"column":70}},"256":{"start":{"line":257,"column":0},"end":{"line":257,"column":12}},"257":{"start":{"line":258,"column":0},"end":{"line":258,"column":12}},"258":{"start":{"line":259,"column":0},"end":{"line":259,"column":10}},"259":{"start":{"line":260,"column":0},"end":{"line":260,"column":8}},"263":{"start":{"line":264,"column":0},"end":{"line":264,"column":63}},"264":{"start":{"line":265,"column":0},"end":{"line":265,"column":52}},"267":{"start":{"line":268,"column":0},"end":{"line":268,"column":75}},"270":{"start":{"line":271,"column":0},"end":{"line":271,"column":73}},"271":{"start":{"line":272,"column":0},"end":{"line":272,"column":63}},"272":{"start":{"line":273,"column":0},"end":{"line":273,"column":77}},"273":{"start":{"line":274,"column":0},"end":{"line":274,"column":63}},"274":{"start":{"line":275,"column":0},"end":{"line":275,"column":59}},"277":{"start":{"line":278,"column":0},"end":{"line":278,"column":34}},"278":{"start":{"line":279,"column":0},"end":{"line":279,"column":38}},"279":{"start":{"line":280,"column":0},"end":{"line":280,"column":25}},"280":{"start":{"line":281,"column":0},"end":{"line":281,"column":53}},"281":{"start":{"line":282,"column":0},"end":{"line":282,"column":4}},"282":{"start":{"line":283,"column":0},"end":{"line":283,"column":2}},"284":{"start":{"line":285,"column":0},"end":{"line":285,"column":52}},"285":{"start":{"line":286,"column":0},"end":{"line":286,"column":35}},"286":{"start":{"line":287,"column":0},"end":{"line":287,"column":52}},"288":{"start":{"line":289,"column":0},"end":{"line":289,"column":20}},"289":{"start":{"line":290,"column":0},"end":{"line":290,"column":31}},"290":{"start":{"line":291,"column":0},"end":{"line":291,"column":6}},"291":{"start":{"line":292,"column":0},"end":{"line":292,"column":4}},"292":{"start":{"line":293,"column":0},"end":{"line":293,"column":35}},"293":{"start":{"line":294,"column":0},"end":{"line":294,"column":45}},"294":{"start":{"line":295,"column":0},"end":{"line":295,"column":4}},"295":{"start":{"line":296,"column":0},"end":{"line":296,"column":2}},"297":{"start":{"line":298,"column":0},"end":{"line":298,"column":38}},"298":{"start":{"line":299,"column":0},"end":{"line":299,"column":29}},"299":{"start":{"line":300,"column":0},"end":{"line":300,"column":68}},"300":{"start":{"line":301,"column":0},"end":{"line":301,"column":81}},"301":{"start":{"line":302,"column":0},"end":{"line":302,"column":4}},"302":{"start":{"line":303,"column":0},"end":{"line":303,"column":2}},"304":{"start":{"line":305,"column":0},"end":{"line":305,"column":48}},"305":{"start":{"line":306,"column":0},"end":{"line":306,"column":25}},"306":{"start":{"line":307,"column":0},"end":{"line":307,"column":71}},"307":{"start":{"line":308,"column":0},"end":{"line":308,"column":30}},"308":{"start":{"line":309,"column":0},"end":{"line":309,"column":4}},"309":{"start":{"line":310,"column":0},"end":{"line":310,"column":31}},"310":{"start":{"line":311,"column":0},"end":{"line":311,"column":54}},"311":{"start":{"line":312,"column":0},"end":{"line":312,"column":30}},"312":{"start":{"line":313,"column":0},"end":{"line":313,"column":4}},"313":{"start":{"line":314,"column":0},"end":{"line":314,"column":2}},"316":{"start":{"line":317,"column":0},"end":{"line":317,"column":30}},"317":{"start":{"line":318,"column":0},"end":{"line":318,"column":26}},"318":{"start":{"line":319,"column":0},"end":{"line":319,"column":37}},"319":{"start":{"line":320,"column":0},"end":{"line":320,"column":31}},"320":{"start":{"line":321,"column":0},"end":{"line":321,"column":33}},"321":{"start":{"line":322,"column":0},"end":{"line":322,"column":28}},"324":{"start":{"line":325,"column":0},"end":{"line":325,"column":57}},"327":{"start":{"line":328,"column":0},"end":{"line":328,"column":45}},"328":{"start":{"line":329,"column":0},"end":{"line":329,"column":40}},"330":{"start":{"line":331,"column":0},"end":{"line":331,"column":42}},"331":{"start":{"line":332,"column":0},"end":{"line":332,"column":47}},"334":{"start":{"line":335,"column":0},"end":{"line":335,"column":59}},"335":{"start":{"line":336,"column":0},"end":{"line":336,"column":53}},"337":{"start":{"line":338,"column":0},"end":{"line":338,"column":27}},"339":{"start":{"line":340,"column":0},"end":{"line":340,"column":52}},"340":{"start":{"line":341,"column":0},"end":{"line":341,"column":48}},"341":{"start":{"line":342,"column":0},"end":{"line":342,"column":54}},"342":{"start":{"line":343,"column":0},"end":{"line":343,"column":68}},"345":{"start":{"line":346,"column":0},"end":{"line":346,"column":26}},"346":{"start":{"line":347,"column":0},"end":{"line":347,"column":34}},"347":{"start":{"line":348,"column":0},"end":{"line":348,"column":25}},"348":{"start":{"line":349,"column":0},"end":{"line":349,"column":6}},"349":{"start":{"line":350,"column":0},"end":{"line":350,"column":3}},"350":{"start":{"line":351,"column":0},"end":{"line":351,"column":1}},"353":{"start":{"line":354,"column":0},"end":{"line":354,"column":62}},"354":{"start":{"line":355,"column":0},"end":{"line":355,"column":33}},"355":{"start":{"line":356,"column":0},"end":{"line":356,"column":79}},"356":{"start":{"line":357,"column":0},"end":{"line":357,"column":1}},"357":{"start":{"line":358,"column":0},"end":{"line":358,"column":77}},"358":{"start":{"line":359,"column":0},"end":{"line":359,"column":71}},"359":{"start":{"line":360,"column":0},"end":{"line":360,"column":81}},"360":{"start":{"line":361,"column":0},"end":{"line":361,"column":34}},"361":{"start":{"line":362,"column":0},"end":{"line":362,"column":40}},"362":{"start":{"line":363,"column":0},"end":{"line":363,"column":47}},"363":{"start":{"line":364,"column":0},"end":{"line":364,"column":3}},"364":{"start":{"line":365,"column":0},"end":{"line":365,"column":77}},"367":{"start":{"line":368,"column":0},"end":{"line":368,"column":50}},"368":{"start":{"line":369,"column":0},"end":{"line":369,"column":48}},"369":{"start":{"line":370,"column":0},"end":{"line":370,"column":42}},"370":{"start":{"line":371,"column":0},"end":{"line":371,"column":48}},"371":{"start":{"line":372,"column":0},"end":{"line":372,"column":46}},"372":{"start":{"line":373,"column":0},"end":{"line":373,"column":62}},"373":{"start":{"line":374,"column":0},"end":{"line":374,"column":22}},"374":{"start":{"line":375,"column":0},"end":{"line":375,"column":2}},"377":{"start":{"line":378,"column":0},"end":{"line":378,"column":17}},"378":{"start":{"line":379,"column":0},"end":{"line":379,"column":55}},"379":{"start":{"line":380,"column":0},"end":{"line":380,"column":60}},"380":{"start":{"line":381,"column":0},"end":{"line":381,"column":38}},"381":{"start":{"line":382,"column":0},"end":{"line":382,"column":43}},"382":{"start":{"line":383,"column":0},"end":{"line":383,"column":47}},"383":{"start":{"line":384,"column":0},"end":{"line":384,"column":37}},"384":{"start":{"line":385,"column":0},"end":{"line":385,"column":4}},"385":{"start":{"line":386,"column":0},"end":{"line":386,"column":57}},"386":{"start":{"line":387,"column":0},"end":{"line":387,"column":56}},"387":{"start":{"line":388,"column":0},"end":{"line":388,"column":63}},"390":{"start":{"line":391,"column":0},"end":{"line":391,"column":76}},"391":{"start":{"line":392,"column":0},"end":{"line":392,"column":83}},"392":{"start":{"line":393,"column":0},"end":{"line":393,"column":34}},"393":{"start":{"line":394,"column":0},"end":{"line":394,"column":48}},"394":{"start":{"line":395,"column":0},"end":{"line":395,"column":3}},"395":{"start":{"line":396,"column":0},"end":{"line":396,"column":2}},"398":{"start":{"line":399,"column":0},"end":{"line":399,"column":6}},"399":{"start":{"line":400,"column":0},"end":{"line":400,"column":10}},"400":{"start":{"line":401,"column":0},"end":{"line":401,"column":53}},"401":{"start":{"line":402,"column":0},"end":{"line":402,"column":64}},"402":{"start":{"line":403,"column":0},"end":{"line":403,"column":68}},"403":{"start":{"line":404,"column":0},"end":{"line":404,"column":58}},"404":{"start":{"line":405,"column":0},"end":{"line":405,"column":49}},"405":{"start":{"line":406,"column":0},"end":{"line":406,"column":44}},"406":{"start":{"line":407,"column":0},"end":{"line":407,"column":5}},"407":{"start":{"line":408,"column":0},"end":{"line":408,"column":20}},"408":{"start":{"line":409,"column":0},"end":{"line":409,"column":42}},"409":{"start":{"line":410,"column":0},"end":{"line":410,"column":4}},"410":{"start":{"line":411,"column":0},"end":{"line":411,"column":17}},"411":{"start":{"line":412,"column":0},"end":{"line":412,"column":1}},"414":{"start":{"line":415,"column":0},"end":{"line":415,"column":31}},"415":{"start":{"line":416,"column":0},"end":{"line":416,"column":41}},"416":{"start":{"line":417,"column":0},"end":{"line":417,"column":64}},"417":{"start":{"line":418,"column":0},"end":{"line":418,"column":2}},"420":{"start":{"line":421,"column":0},"end":{"line":421,"column":40}},"421":{"start":{"line":422,"column":0},"end":{"line":422,"column":26}},"422":{"start":{"line":423,"column":0},"end":{"line":423,"column":28}},"423":{"start":{"line":424,"column":0},"end":{"line":424,"column":10}},"424":{"start":{"line":425,"column":0},"end":{"line":425,"column":29}},"425":{"start":{"line":426,"column":0},"end":{"line":426,"column":3}},"426":{"start":{"line":427,"column":0},"end":{"line":427,"column":1}},"428":{"start":{"line":429,"column":0},"end":{"line":429,"column":39}},"429":{"start":{"line":430,"column":0},"end":{"line":430,"column":27}},"430":{"start":{"line":431,"column":0},"end":{"line":431,"column":29}},"431":{"start":{"line":432,"column":0},"end":{"line":432,"column":22}},"432":{"start":{"line":433,"column":0},"end":{"line":433,"column":28}},"433":{"start":{"line":434,"column":0},"end":{"line":434,"column":30}},"434":{"start":{"line":435,"column":0},"end":{"line":435,"column":1}},"436":{"start":{"line":437,"column":0},"end":{"line":437,"column":37}},"437":{"start":{"line":438,"column":0},"end":{"line":438,"column":32}},"439":{"start":{"line":440,"column":0},"end":{"line":440,"column":1}},"441":{"start":{"line":442,"column":0},"end":{"line":442,"column":36}},"442":{"start":{"line":443,"column":0},"end":{"line":443,"column":32}},"443":{"start":{"line":444,"column":0},"end":{"line":444,"column":1}},"445":{"start":{"line":446,"column":0},"end":{"line":446,"column":38}},"446":{"start":{"line":447,"column":0},"end":{"line":447,"column":34}},"447":{"start":{"line":448,"column":0},"end":{"line":448,"column":1}},"449":{"start":{"line":450,"column":0},"end":{"line":450,"column":58}},"450":{"start":{"line":451,"column":0},"end":{"line":451,"column":38}},"451":{"start":{"line":452,"column":0},"end":{"line":452,"column":41}},"452":{"start":{"line":453,"column":0},"end":{"line":453,"column":45}},"453":{"start":{"line":454,"column":0},"end":{"line":454,"column":35}},"454":{"start":{"line":455,"column":0},"end":{"line":455,"column":4}},"455":{"start":{"line":456,"column":0},"end":{"line":456,"column":55}},"456":{"start":{"line":457,"column":0},"end":{"line":457,"column":1}},"458":{"start":{"line":459,"column":0},"end":{"line":459,"column":61}},"459":{"start":{"line":460,"column":0},"end":{"line":460,"column":38}},"460":{"start":{"line":461,"column":0},"end":{"line":461,"column":45}},"461":{"start":{"line":462,"column":0},"end":{"line":462,"column":1}},"463":{"start":{"line":464,"column":0},"end":{"line":464,"column":52}},"464":{"start":{"line":465,"column":0},"end":{"line":465,"column":52}},"465":{"start":{"line":466,"column":0},"end":{"line":466,"column":48}},"466":{"start":{"line":467,"column":0},"end":{"line":467,"column":1}},"468":{"start":{"line":469,"column":0},"end":{"line":469,"column":58}},"469":{"start":{"line":470,"column":0},"end":{"line":470,"column":27}},"470":{"start":{"line":471,"column":0},"end":{"line":471,"column":1}},"473":{"start":{"line":474,"column":0},"end":{"line":474,"column":57}},"474":{"start":{"line":475,"column":0},"end":{"line":475,"column":49}},"475":{"start":{"line":476,"column":0},"end":{"line":476,"column":42}},"476":{"start":{"line":477,"column":0},"end":{"line":477,"column":60}},"477":{"start":{"line":478,"column":0},"end":{"line":478,"column":1}},"479":{"start":{"line":480,"column":0},"end":{"line":480,"column":59}},"480":{"start":{"line":481,"column":0},"end":{"line":481,"column":49}},"481":{"start":{"line":482,"column":0},"end":{"line":482,"column":42}},"482":{"start":{"line":483,"column":0},"end":{"line":483,"column":62}},"483":{"start":{"line":484,"column":0},"end":{"line":484,"column":1}},"485":{"start":{"line":486,"column":0},"end":{"line":486,"column":54}},"486":{"start":{"line":487,"column":0},"end":{"line":487,"column":49}},"487":{"start":{"line":488,"column":0},"end":{"line":488,"column":42}},"488":{"start":{"line":489,"column":0},"end":{"line":489,"column":57}},"489":{"start":{"line":490,"column":0},"end":{"line":490,"column":1}},"491":{"start":{"line":492,"column":0},"end":{"line":492,"column":60}},"492":{"start":{"line":493,"column":0},"end":{"line":493,"column":49}},"493":{"start":{"line":494,"column":0},"end":{"line":494,"column":42}},"494":{"start":{"line":495,"column":0},"end":{"line":495,"column":34}},"495":{"start":{"line":496,"column":0},"end":{"line":496,"column":1}},"498":{"start":{"line":499,"column":0},"end":{"line":499,"column":51}},"500":{"start":{"line":501,"column":0},"end":{"line":501,"column":65}},"501":{"start":{"line":502,"column":0},"end":{"line":502,"column":99}},"502":{"start":{"line":503,"column":0},"end":{"line":503,"column":97}},"503":{"start":{"line":504,"column":0},"end":{"line":504,"column":8}},"506":{"start":{"line":507,"column":0},"end":{"line":507,"column":40}},"507":{"start":{"line":508,"column":0},"end":{"line":508,"column":68}},"508":{"start":{"line":509,"column":0},"end":{"line":509,"column":68}},"510":{"start":{"line":511,"column":0},"end":{"line":511,"column":87}},"511":{"start":{"line":512,"column":0},"end":{"line":512,"column":3}},"512":{"start":{"line":513,"column":0},"end":{"line":513,"column":1}},"514":{"start":{"line":515,"column":0},"end":{"line":515,"column":51}},"515":{"start":{"line":516,"column":0},"end":{"line":516,"column":51}},"516":{"start":{"line":517,"column":0},"end":{"line":517,"column":1}}},"s":{"1":0,"2":0,"4":0,"5":0,"27":0,"29":0,"30":0,"31":0,"32":0,"33":0,"34":0,"35":0,"37":0,"38":0,"40":0,"41":0,"42":0,"43":0,"44":0,"45":0,"46":0,"47":0,"49":0,"50":0,"51":0,"52":0,"53":0,"54":0,"55":0,"56":0,"58":0,"59":0,"61":0,"62":0,"63":0,"64":0,"65":0,"66":0,"67":0,"68":0,"69":0,"70":0,"71":0,"72":0,"73":0,"74":0,"75":0,"76":0,"77":0,"78":0,"79":0,"80":0,"81":0,"82":0,"83":0,"84":0,"85":0,"86":0,"87":0,"88":0,"89":0,"90":0,"91":0,"92":0,"93":0,"94":0,"95":0,"96":0,"97":0,"98":0,"99":0,"100":0,"101":0,"102":0,"103":0,"104":0,"105":0,"106":0,"107":0,"108":0,"109":0,"111":0,"112":0,"113":0,"114":0,"115":0,"116":0,"118":0,"119":0,"120":0,"122":0,"123":0,"130":0,"131":0,"132":0,"133":0,"134":0,"135":0,"137":0,"138":0,"139":0,"140":0,"141":0,"143":0,"144":0,"145":0,"146":0,"154":0,"155":0,"156":0,"157":0,"159":0,"160":0,"162":0,"163":0,"164":0,"165":0,"166":0,"168":0,"169":0,"170":0,"171":0,"172":0,"173":0,"174":0,"175":0,"176":0,"177":0,"178":0,"179":0,"180":0,"181":0,"182":0,"183":0,"185":0,"186":0,"187":0,"189":0,"190":0,"191":0,"192":0,"193":0,"195":0,"196":0,"197":0,"198":0,"199":0,"200":0,"201":0,"202":0,"203":0,"204":0,"206":0,"207":0,"208":0,"209":0,"211":0,"212":0,"213":0,"214":0,"215":0,"216":0,"217":0,"218":0,"219":0,"221":0,"222":0,"224":0,"225":0,"226":0,"228":0,"229":0,"230":0,"231":0,"232":0,"233":0,"234":0,"235":0,"236":0,"237":0,"238":0,"239":0,"240":0,"241":0,"242":0,"243":0,"244":0,"245":0,"246":0,"247":0,"248":0,"249":0,"250":0,"251":0,"253":0,"254":0,"256":0,"257":0,"258":0,"259":0,"263":0,"264":0,"267":0,"270":0,"271":0,"272":0,"273":0,"274":0,"277":0,"278":0,"279":0,"280":0,"281":0,"282":0,"284":0,"285":0,"286":0,"288":0,"289":0,"290":0,"291":0,"292":0,"293":0,"294":0,"295":0,"297":0,"298":0,"299":0,"300":0,"301":0,"302":0,"304":0,"305":0,"306":0,"307":0,"308":0,"309":0,"310":0,"311":0,"312":0,"313":0,"316":0,"317":0,"318":0,"319":0,"320":0,"321":0,"324":0,"327":0,"328":0,"330":0,"331":0,"334":0,"335":0,"337":0,"339":0,"340":0,"341":0,"342":0,"345":0,"346":0,"347":0,"348":0,"349":0,"350":0,"353":0,"354":0,"355":0,"356":0,"357":0,"358":0,"359":0,"360":0,"361":0,"362":0,"363":0,"364":0,"367":0,"368":0,"369":0,"370":0,"371":0,"372":0,"373":0,"374":0,"377":0,"378":0,"379":0,"380":0,"381":0,"382":0,"383":0,"384":0,"385":0,"386":0,"387":0,"390":0,"391":0,"392":0,"393":0,"394":0,"395":0,"398":0,"399":0,"400":0,"401":0,"402":0,"403":0,"404":0,"405":0,"406":0,"407":0,"408":0,"409":0,"410":0,"411":0,"414":0,"415":0,"416":0,"417":0,"420":0,"421":0,"422":0,"423":0,"424":0,"425":0,"426":0,"428":0,"429":0,"430":0,"431":0,"432":0,"433":0,"434":0,"436":0,"437":0,"439":0,"441":0,"442":0,"443":0,"445":0,"446":0,"447":0,"449":0,"450":0,"451":0,"452":0,"453":0,"454":0,"455":0,"456":0,"458":0,"459":0,"460":0,"461":0,"463":0,"464":0,"465":0,"466":0,"468":0,"469":0,"470":0,"473":0,"474":0,"475":0,"476":0,"477":0,"479":0,"480":0,"481":0,"482":0,"483":0,"485":0,"486":0,"487":0,"488":0,"489":0,"491":0,"492":0,"493":0,"494":0,"495":0,"498":0,"500":0,"501":0,"502":0,"503":0,"506":0,"507":0,"508":0,"510":0,"511":0,"512":0,"514":0,"515":0,"516":0},"branchMap":{"0":{"type":"branch","line":1,"loc":{"start":{"line":1,"column":26838},"end":{"line":989,"column":8}},"locations":[{"start":{"line":1,"column":26838},"end":{"line":989,"column":8}}]}},"b":{"0":[1]},"fnMap":{"0":{"name":"(empty-report)","decl":{"start":{"line":1,"column":26838},"end":{"line":989,"column":8}},"loc":{"start":{"line":1,"column":26838},"end":{"line":989,"column":8}},"line":1}},"f":{"0":1}}
}
